<?xml version="1.0" encoding="utf-8"?>
<!DOCTYPE coverage SYSTEM "http://cobertura.sourceforge.net/xml/coverage-04.dtd">
<coverage line-rate="0.0029239766081871343" branch-rate="0" lines-covered="7" lines-valid="2394" branches-covered="0" branches-valid="496" complexity="711" version="0" timestamp="1656009293">
  <sources>
    <source>C:\Users\Rolf\</source>
  </sources>
  <packages>
    <package name="CapaAccesoDatos" line-rate="0.0024509803921568627" branch-rate="0" complexity="53">
      <classes>
        <class name="CapaAccesoDatos.CartaDal" filename="C:\Users\Rolf\source\repos\DooFast\CapaAccesoDatos\CartaDal.cs" line-rate="0" branch-rate="1" complexity="5">
          <methods>
            <method name="Add" signature="(...)" line-rate="0" branch-rate="1" complexity="1">
              <lines>
                <line number="19" hits="0" branch="false" />
                <line number="21" hits="0" branch="false" />
                <line number="24" hits="0" branch="false" />
                <line number="25" hits="0" branch="false" />
                <line number="26" hits="0" branch="false" />
                <line number="28" hits="0" branch="false" />
                <line number="29" hits="0" branch="false" />
                <line number="30" hits="0" branch="false" />
                <line number="32" hits="0" branch="false" />
                <line number="33" hits="0" branch="false" />
                <line number="35" hits="0" branch="false" />
                <line number="36" hits="0" branch="false" />
                <line number="37" hits="0" branch="false" />
                <line number="38" hits="0" branch="false" />
                <line number="40" hits="0" branch="false" />
                <line number="41" hits="0" branch="false" />
                <line number="42" hits="0" branch="false" />
                <line number="43" hits="0" branch="false" />
                <line number="45" hits="0" branch="false" />
                <line number="48" hits="0" branch="false" />
                <line number="49" hits="0" branch="false" />
              </lines>
            </method>
            <method name="Update" signature="(...)" line-rate="0" branch-rate="1" complexity="1">
              <lines>
                <line number="59" hits="0" branch="false" />
                <line number="60" hits="0" branch="false" />
                <line number="62" hits="0" branch="false" />
                <line number="63" hits="0" branch="false" />
                <line number="64" hits="0" branch="false" />
                <line number="65" hits="0" branch="false" />
                <line number="66" hits="0" branch="false" />
                <line number="67" hits="0" branch="false" />
                <line number="70" hits="0" branch="false" />
                <line number="71" hits="0" branch="false" />
                <line number="72" hits="0" branch="false" />
                <line number="74" hits="0" branch="false" />
                <line number="75" hits="0" branch="false" />
                <line number="76" hits="0" branch="false" />
                <line number="77" hits="0" branch="false" />
                <line number="78" hits="0" branch="false" />
                <line number="79" hits="0" branch="false" />
                <line number="80" hits="0" branch="false" />
                <line number="81" hits="0" branch="false" />
                <line number="83" hits="0" branch="false" />
                <line number="86" hits="0" branch="false" />
                <line number="87" hits="0" branch="false" />
              </lines>
            </method>
            <method name="Delete" signature="(...)" line-rate="0" branch-rate="1" complexity="1">
              <lines>
                <line number="91" hits="0" branch="false" />
                <line number="92" hits="0" branch="false" />
                <line number="94" hits="0" branch="false" />
                <line number="95" hits="0" branch="false" />
                <line number="96" hits="0" branch="false" />
                <line number="97" hits="0" branch="false" />
                <line number="98" hits="0" branch="false" />
                <line number="99" hits="0" branch="false" />
                <line number="102" hits="0" branch="false" />
                <line number="103" hits="0" branch="false" />
                <line number="104" hits="0" branch="false" />
                <line number="105" hits="0" branch="false" />
                <line number="106" hits="0" branch="false" />
                <line number="107" hits="0" branch="false" />
                <line number="108" hits="0" branch="false" />
                <line number="109" hits="0" branch="false" />
                <line number="110" hits="0" branch="false" />
                <line number="112" hits="0" branch="false" />
                <line number="115" hits="0" branch="false" />
                <line number="116" hits="0" branch="false" />
              </lines>
            </method>
            <method name="ObtenerCamposDt" signature="(...)" line-rate="0" branch-rate="1" complexity="1">
              <lines>
                <line number="118" hits="0" branch="false" />
                <line number="120" hits="0" branch="false" />
                <line number="121" hits="0" branch="false" />
                <line number="122" hits="0" branch="false" />
                <line number="123" hits="0" branch="false" />
                <line number="124" hits="0" branch="false" />
                <line number="125" hits="0" branch="false" />
                <line number="126" hits="0" branch="false" />
                <line number="127" hits="0" branch="false" />
                <line number="129" hits="0" branch="false" />
              </lines>
            </method>
            <method name=".ctor" signature="()" line-rate="0" branch-rate="1" complexity="1">
              <lines>
                <line number="16" hits="0" branch="false" />
              </lines>
            </method>
          </methods>
          <lines>
            <line number="16" hits="0" branch="false" />
            <line number="19" hits="0" branch="false" />
            <line number="21" hits="0" branch="false" />
            <line number="24" hits="0" branch="false" />
            <line number="25" hits="0" branch="false" />
            <line number="26" hits="0" branch="false" />
            <line number="28" hits="0" branch="false" />
            <line number="29" hits="0" branch="false" />
            <line number="30" hits="0" branch="false" />
            <line number="32" hits="0" branch="false" />
            <line number="33" hits="0" branch="false" />
            <line number="35" hits="0" branch="false" />
            <line number="36" hits="0" branch="false" />
            <line number="37" hits="0" branch="false" />
            <line number="38" hits="0" branch="false" />
            <line number="40" hits="0" branch="false" />
            <line number="41" hits="0" branch="false" />
            <line number="42" hits="0" branch="false" />
            <line number="43" hits="0" branch="false" />
            <line number="45" hits="0" branch="false" />
            <line number="48" hits="0" branch="false" />
            <line number="49" hits="0" branch="false" />
            <line number="59" hits="0" branch="false" />
            <line number="60" hits="0" branch="false" />
            <line number="62" hits="0" branch="false" />
            <line number="63" hits="0" branch="false" />
            <line number="64" hits="0" branch="false" />
            <line number="65" hits="0" branch="false" />
            <line number="66" hits="0" branch="false" />
            <line number="67" hits="0" branch="false" />
            <line number="70" hits="0" branch="false" />
            <line number="71" hits="0" branch="false" />
            <line number="72" hits="0" branch="false" />
            <line number="74" hits="0" branch="false" />
            <line number="75" hits="0" branch="false" />
            <line number="76" hits="0" branch="false" />
            <line number="77" hits="0" branch="false" />
            <line number="78" hits="0" branch="false" />
            <line number="79" hits="0" branch="false" />
            <line number="80" hits="0" branch="false" />
            <line number="81" hits="0" branch="false" />
            <line number="83" hits="0" branch="false" />
            <line number="86" hits="0" branch="false" />
            <line number="87" hits="0" branch="false" />
            <line number="91" hits="0" branch="false" />
            <line number="92" hits="0" branch="false" />
            <line number="94" hits="0" branch="false" />
            <line number="95" hits="0" branch="false" />
            <line number="96" hits="0" branch="false" />
            <line number="97" hits="0" branch="false" />
            <line number="98" hits="0" branch="false" />
            <line number="99" hits="0" branch="false" />
            <line number="102" hits="0" branch="false" />
            <line number="103" hits="0" branch="false" />
            <line number="104" hits="0" branch="false" />
            <line number="105" hits="0" branch="false" />
            <line number="106" hits="0" branch="false" />
            <line number="107" hits="0" branch="false" />
            <line number="108" hits="0" branch="false" />
            <line number="109" hits="0" branch="false" />
            <line number="110" hits="0" branch="false" />
            <line number="112" hits="0" branch="false" />
            <line number="115" hits="0" branch="false" />
            <line number="116" hits="0" branch="false" />
            <line number="118" hits="0" branch="false" />
            <line number="120" hits="0" branch="false" />
            <line number="121" hits="0" branch="false" />
            <line number="122" hits="0" branch="false" />
            <line number="123" hits="0" branch="false" />
            <line number="124" hits="0" branch="false" />
            <line number="125" hits="0" branch="false" />
            <line number="126" hits="0" branch="false" />
            <line number="127" hits="0" branch="false" />
            <line number="129" hits="0" branch="false" />
          </lines>
        </class>
        <class name="CapaAccesoDatos.ComidaCartaDal" filename="C:\Users\Rolf\source\repos\DooFast\CapaAccesoDatos\ComidaCartaDal.cs" line-rate="0" branch-rate="0" complexity="9">
          <methods>
            <method name="listarComidaCarta" signature="(...)" line-rate="0" branch-rate="0" complexity="6">
              <lines>
                <line number="19" hits="0" branch="false" />
                <line number="22" hits="0" branch="false" />
                <line number="23" hits="0" branch="false" />
                <line number="24" hits="0" branch="false" />
                <line number="26" hits="0" branch="false" />
                <line number="27" hits="0" branch="false" />
                <line number="28" hits="0" branch="false" />
                <line number="29" hits="0" branch="false" />
                <line number="31" hits="0" branch="false" />
                <line number="32" hits="0" branch="false" />
                <line number="33" hits="0" branch="false" />
                <line number="35" hits="0" branch="false" />
                <line number="37" hits="0" branch="true" condition-coverage="0% (0/2)" />
                <line number="38" hits="0" branch="false" />
                <line number="40" hits="0" branch="true" condition-coverage="0% (0/2)" />
                <line number="41" hits="0" branch="false" />
                <line number="42" hits="0" branch="false" />
                <line number="44" hits="0" branch="false" />
                <line number="46" hits="0" branch="false" />
                <line number="47" hits="0" branch="false" />
                <line number="48" hits="0" branch="false" />
                <line number="49" hits="0" branch="true" condition-coverage="0% (0/2)" />
                <line number="50" hits="0" branch="false" />
                <line number="51" hits="0" branch="false" />
                <line number="54" hits="0" branch="false" />
                <line number="56" hits="0" branch="false" />
                <line number="58" hits="0" branch="false" />
                <line number="63" hits="0" branch="false" />
                <line number="64" hits="0" branch="false" />
                <line number="66" hits="0" branch="false" />
                <line number="69" hits="0" branch="false" />
              </lines>
            </method>
            <method name="AddComidaCarta" signature="(...)" line-rate="0" branch-rate="1" complexity="1">
              <lines>
                <line number="74" hits="0" branch="false" />
                <line number="76" hits="0" branch="false" />
                <line number="79" hits="0" branch="false" />
                <line number="80" hits="0" branch="false" />
                <line number="81" hits="0" branch="false" />
                <line number="83" hits="0" branch="false" />
                <line number="84" hits="0" branch="false" />
                <line number="85" hits="0" branch="false" />
                <line number="87" hits="0" branch="false" />
                <line number="88" hits="0" branch="false" />
                <line number="90" hits="0" branch="false" />
                <line number="91" hits="0" branch="false" />
                <line number="92" hits="0" branch="false" />
                <line number="93" hits="0" branch="false" />
                <line number="95" hits="0" branch="false" />
                <line number="96" hits="0" branch="false" />
                <line number="97" hits="0" branch="false" />
                <line number="98" hits="0" branch="false" />
                <line number="100" hits="0" branch="false" />
                <line number="103" hits="0" branch="false" />
                <line number="104" hits="0" branch="false" />
              </lines>
            </method>
            <method name="ObtenerCamposDt" signature="(...)" line-rate="0" branch-rate="1" complexity="1">
              <lines>
                <line number="108" hits="0" branch="false" />
                <line number="110" hits="0" branch="false" />
                <line number="111" hits="0" branch="false" />
                <line number="112" hits="0" branch="false" />
                <line number="113" hits="0" branch="false" />
                <line number="114" hits="0" branch="false" />
                <line number="115" hits="0" branch="false" />
                <line number="116" hits="0" branch="false" />
                <line number="117" hits="0" branch="false" />
                <line number="119" hits="0" branch="false" />
              </lines>
            </method>
            <method name=".ctor" signature="()" line-rate="0" branch-rate="1" complexity="1">
              <lines>
                <line number="15" hits="0" branch="false" />
              </lines>
            </method>
          </methods>
          <lines>
            <line number="15" hits="0" branch="false" />
            <line number="19" hits="0" branch="false" />
            <line number="22" hits="0" branch="false" />
            <line number="23" hits="0" branch="false" />
            <line number="24" hits="0" branch="false" />
            <line number="26" hits="0" branch="false" />
            <line number="27" hits="0" branch="false" />
            <line number="28" hits="0" branch="false" />
            <line number="29" hits="0" branch="false" />
            <line number="31" hits="0" branch="false" />
            <line number="32" hits="0" branch="false" />
            <line number="33" hits="0" branch="false" />
            <line number="35" hits="0" branch="false" />
            <line number="37" hits="0" branch="true" condition-coverage="0% (0/2)" />
            <line number="38" hits="0" branch="false" />
            <line number="40" hits="0" branch="true" condition-coverage="0% (0/2)" />
            <line number="41" hits="0" branch="false" />
            <line number="42" hits="0" branch="false" />
            <line number="44" hits="0" branch="false" />
            <line number="46" hits="0" branch="false" />
            <line number="47" hits="0" branch="false" />
            <line number="48" hits="0" branch="false" />
            <line number="49" hits="0" branch="true" condition-coverage="0% (0/2)" />
            <line number="50" hits="0" branch="false" />
            <line number="51" hits="0" branch="false" />
            <line number="54" hits="0" branch="false" />
            <line number="56" hits="0" branch="false" />
            <line number="58" hits="0" branch="false" />
            <line number="63" hits="0" branch="false" />
            <line number="64" hits="0" branch="false" />
            <line number="66" hits="0" branch="false" />
            <line number="69" hits="0" branch="false" />
            <line number="74" hits="0" branch="false" />
            <line number="76" hits="0" branch="false" />
            <line number="79" hits="0" branch="false" />
            <line number="80" hits="0" branch="false" />
            <line number="81" hits="0" branch="false" />
            <line number="83" hits="0" branch="false" />
            <line number="84" hits="0" branch="false" />
            <line number="85" hits="0" branch="false" />
            <line number="87" hits="0" branch="false" />
            <line number="88" hits="0" branch="false" />
            <line number="90" hits="0" branch="false" />
            <line number="91" hits="0" branch="false" />
            <line number="92" hits="0" branch="false" />
            <line number="93" hits="0" branch="false" />
            <line number="95" hits="0" branch="false" />
            <line number="96" hits="0" branch="false" />
            <line number="97" hits="0" branch="false" />
            <line number="98" hits="0" branch="false" />
            <line number="100" hits="0" branch="false" />
            <line number="103" hits="0" branch="false" />
            <line number="104" hits="0" branch="false" />
            <line number="108" hits="0" branch="false" />
            <line number="110" hits="0" branch="false" />
            <line number="111" hits="0" branch="false" />
            <line number="112" hits="0" branch="false" />
            <line number="113" hits="0" branch="false" />
            <line number="114" hits="0" branch="false" />
            <line number="115" hits="0" branch="false" />
            <line number="116" hits="0" branch="false" />
            <line number="117" hits="0" branch="false" />
            <line number="119" hits="0" branch="false" />
          </lines>
        </class>
        <class name="CapaAccesoDatos.ComidaDal" filename="C:\Users\Rolf\source\repos\DooFast\CapaAccesoDatos\ComidaDal.cs" line-rate="0.007633587786259542" branch-rate="0" complexity="17">
          <methods>
            <method name="Add" signature="(...)" line-rate="0" branch-rate="1" complexity="1">
              <lines>
                <line number="19" hits="0" branch="false" />
                <line number="21" hits="0" branch="false" />
                <line number="24" hits="0" branch="false" />
                <line number="25" hits="0" branch="false" />
                <line number="26" hits="0" branch="false" />
                <line number="28" hits="0" branch="false" />
                <line number="29" hits="0" branch="false" />
                <line number="30" hits="0" branch="false" />
                <line number="32" hits="0" branch="false" />
                <line number="33" hits="0" branch="false" />
                <line number="34" hits="0" branch="false" />
                <line number="35" hits="0" branch="false" />
                <line number="36" hits="0" branch="false" />
                <line number="37" hits="0" branch="false" />
                <line number="38" hits="0" branch="false" />
                <line number="39" hits="0" branch="false" />
                <line number="41" hits="0" branch="false" />
                <line number="42" hits="0" branch="false" />
                <line number="43" hits="0" branch="false" />
                <line number="44" hits="0" branch="false" />
                <line number="46" hits="0" branch="false" />
                <line number="49" hits="0" branch="false" />
                <line number="50" hits="0" branch="false" />
              </lines>
            </method>
            <method name="listarComidas" signature="()" line-rate="0" branch-rate="0" complexity="6">
              <lines>
                <line number="54" hits="0" branch="false" />
                <line number="56" hits="0" branch="false" />
                <line number="57" hits="0" branch="false" />
                <line number="58" hits="0" branch="false" />
                <line number="60" hits="0" branch="false" />
                <line number="61" hits="0" branch="true" condition-coverage="0% (0/2)" />
                <line number="62" hits="0" branch="false" />
                <line number="64" hits="0" branch="true" condition-coverage="0% (0/2)" />
                <line number="65" hits="0" branch="false" />
                <line number="66" hits="0" branch="false" />
                <line number="68" hits="0" branch="false" />
                <line number="70" hits="0" branch="false" />
                <line number="71" hits="0" branch="false" />
                <line number="72" hits="0" branch="false" />
                <line number="73" hits="0" branch="true" condition-coverage="0% (0/2)" />
                <line number="74" hits="0" branch="false" />
                <line number="75" hits="0" branch="false" />
                <line number="78" hits="0" branch="false" />
                <line number="79" hits="0" branch="false" />
                <line number="80" hits="0" branch="false" />
                <line number="82" hits="0" branch="false" />
              </lines>
            </method>
            <method name="listarComida" signature="(...)" line-rate="0" branch-rate="0" complexity="6">
              <lines>
                <line number="86" hits="0" branch="false" />
                <line number="89" hits="0" branch="false" />
                <line number="90" hits="0" branch="false" />
                <line number="91" hits="0" branch="false" />
                <line number="93" hits="0" branch="false" />
                <line number="94" hits="0" branch="false" />
                <line number="95" hits="0" branch="false" />
                <line number="96" hits="0" branch="false" />
                <line number="98" hits="0" branch="false" />
                <line number="99" hits="0" branch="false" />
                <line number="100" hits="0" branch="false" />
                <line number="102" hits="0" branch="false" />
                <line number="104" hits="0" branch="true" condition-coverage="0% (0/2)" />
                <line number="105" hits="0" branch="false" />
                <line number="107" hits="0" branch="true" condition-coverage="0% (0/2)" />
                <line number="108" hits="0" branch="false" />
                <line number="109" hits="0" branch="false" />
                <line number="111" hits="0" branch="false" />
                <line number="113" hits="0" branch="false" />
                <line number="114" hits="0" branch="false" />
                <line number="115" hits="0" branch="false" />
                <line number="116" hits="0" branch="true" condition-coverage="0% (0/2)" />
                <line number="117" hits="0" branch="false" />
                <line number="118" hits="0" branch="false" />
                <line number="121" hits="0" branch="false" />
                <line number="123" hits="0" branch="false" />
                <line number="124" hits="0" branch="false" />
                <line number="129" hits="0" branch="false" />
                <line number="130" hits="0" branch="false" />
                <line number="132" hits="0" branch="false" />
                <line number="136" hits="0" branch="false" />
              </lines>
            </method>
            <method name="Update" signature="(...)" line-rate="0" branch-rate="1" complexity="1">
              <lines>
                <line number="140" hits="0" branch="false" />
                <line number="141" hits="0" branch="false" />
                <line number="143" hits="0" branch="false" />
                <line number="144" hits="0" branch="false" />
                <line number="145" hits="0" branch="false" />
                <line number="146" hits="0" branch="false" />
                <line number="147" hits="0" branch="false" />
                <line number="148" hits="0" branch="false" />
                <line number="151" hits="0" branch="false" />
                <line number="152" hits="0" branch="false" />
                <line number="153" hits="0" branch="false" />
                <line number="154" hits="0" branch="false" />
                <line number="155" hits="0" branch="false" />
                <line number="156" hits="0" branch="false" />
                <line number="157" hits="0" branch="false" />
                <line number="158" hits="0" branch="false" />
                <line number="159" hits="0" branch="false" />
                <line number="160" hits="0" branch="false" />
                <line number="161" hits="0" branch="false" />
                <line number="162" hits="0" branch="false" />
                <line number="163" hits="0" branch="false" />
                <line number="164" hits="0" branch="false" />
                <line number="166" hits="0" branch="false" />
                <line number="169" hits="0" branch="false" />
                <line number="170" hits="0" branch="false" />
              </lines>
            </method>
            <method name="Delete" signature="(...)" line-rate="0" branch-rate="1" complexity="1">
              <lines>
                <line number="174" hits="0" branch="false" />
                <line number="175" hits="0" branch="false" />
                <line number="177" hits="0" branch="false" />
                <line number="178" hits="0" branch="false" />
                <line number="179" hits="0" branch="false" />
                <line number="180" hits="0" branch="false" />
                <line number="181" hits="0" branch="false" />
                <line number="182" hits="0" branch="false" />
                <line number="185" hits="0" branch="false" />
                <line number="186" hits="0" branch="false" />
                <line number="187" hits="0" branch="false" />
                <line number="188" hits="0" branch="false" />
                <line number="189" hits="0" branch="false" />
                <line number="190" hits="0" branch="false" />
                <line number="191" hits="0" branch="false" />
                <line number="192" hits="0" branch="false" />
                <line number="193" hits="0" branch="false" />
                <line number="195" hits="0" branch="false" />
                <line number="198" hits="0" branch="false" />
                <line number="199" hits="0" branch="false" />
              </lines>
            </method>
            <method name="ObtenerCamposDt" signature="(...)" line-rate="0" branch-rate="1" complexity="1">
              <lines>
                <line number="204" hits="0" branch="false" />
                <line number="206" hits="0" branch="false" />
                <line number="207" hits="0" branch="false" />
                <line number="208" hits="0" branch="false" />
                <line number="209" hits="0" branch="false" />
                <line number="210" hits="0" branch="false" />
                <line number="211" hits="0" branch="false" />
                <line number="212" hits="0" branch="false" />
                <line number="213" hits="0" branch="false" />
                <line number="215" hits="0" branch="false" />
              </lines>
            </method>
            <method name=".ctor" signature="()" line-rate="1" branch-rate="1" complexity="1">
              <lines>
                <line number="16" hits="1" branch="false" />
              </lines>
            </method>
          </methods>
          <lines>
            <line number="16" hits="1" branch="false" />
            <line number="19" hits="0" branch="false" />
            <line number="21" hits="0" branch="false" />
            <line number="24" hits="0" branch="false" />
            <line number="25" hits="0" branch="false" />
            <line number="26" hits="0" branch="false" />
            <line number="28" hits="0" branch="false" />
            <line number="29" hits="0" branch="false" />
            <line number="30" hits="0" branch="false" />
            <line number="32" hits="0" branch="false" />
            <line number="33" hits="0" branch="false" />
            <line number="34" hits="0" branch="false" />
            <line number="35" hits="0" branch="false" />
            <line number="36" hits="0" branch="false" />
            <line number="37" hits="0" branch="false" />
            <line number="38" hits="0" branch="false" />
            <line number="39" hits="0" branch="false" />
            <line number="41" hits="0" branch="false" />
            <line number="42" hits="0" branch="false" />
            <line number="43" hits="0" branch="false" />
            <line number="44" hits="0" branch="false" />
            <line number="46" hits="0" branch="false" />
            <line number="49" hits="0" branch="false" />
            <line number="50" hits="0" branch="false" />
            <line number="54" hits="0" branch="false" />
            <line number="56" hits="0" branch="false" />
            <line number="57" hits="0" branch="false" />
            <line number="58" hits="0" branch="false" />
            <line number="60" hits="0" branch="false" />
            <line number="61" hits="0" branch="true" condition-coverage="0% (0/2)" />
            <line number="62" hits="0" branch="false" />
            <line number="64" hits="0" branch="true" condition-coverage="0% (0/2)" />
            <line number="65" hits="0" branch="false" />
            <line number="66" hits="0" branch="false" />
            <line number="68" hits="0" branch="false" />
            <line number="70" hits="0" branch="false" />
            <line number="71" hits="0" branch="false" />
            <line number="72" hits="0" branch="false" />
            <line number="73" hits="0" branch="true" condition-coverage="0% (0/2)" />
            <line number="74" hits="0" branch="false" />
            <line number="75" hits="0" branch="false" />
            <line number="78" hits="0" branch="false" />
            <line number="79" hits="0" branch="false" />
            <line number="80" hits="0" branch="false" />
            <line number="82" hits="0" branch="false" />
            <line number="86" hits="0" branch="false" />
            <line number="89" hits="0" branch="false" />
            <line number="90" hits="0" branch="false" />
            <line number="91" hits="0" branch="false" />
            <line number="93" hits="0" branch="false" />
            <line number="94" hits="0" branch="false" />
            <line number="95" hits="0" branch="false" />
            <line number="96" hits="0" branch="false" />
            <line number="98" hits="0" branch="false" />
            <line number="99" hits="0" branch="false" />
            <line number="100" hits="0" branch="false" />
            <line number="102" hits="0" branch="false" />
            <line number="104" hits="0" branch="true" condition-coverage="0% (0/2)" />
            <line number="105" hits="0" branch="false" />
            <line number="107" hits="0" branch="true" condition-coverage="0% (0/2)" />
            <line number="108" hits="0" branch="false" />
            <line number="109" hits="0" branch="false" />
            <line number="111" hits="0" branch="false" />
            <line number="113" hits="0" branch="false" />
            <line number="114" hits="0" branch="false" />
            <line number="115" hits="0" branch="false" />
            <line number="116" hits="0" branch="true" condition-coverage="0% (0/2)" />
            <line number="117" hits="0" branch="false" />
            <line number="118" hits="0" branch="false" />
            <line number="121" hits="0" branch="false" />
            <line number="123" hits="0" branch="false" />
            <line number="124" hits="0" branch="false" />
            <line number="129" hits="0" branch="false" />
            <line number="130" hits="0" branch="false" />
            <line number="132" hits="0" branch="false" />
            <line number="136" hits="0" branch="false" />
            <line number="140" hits="0" branch="false" />
            <line number="141" hits="0" branch="false" />
            <line number="143" hits="0" branch="false" />
            <line number="144" hits="0" branch="false" />
            <line number="145" hits="0" branch="false" />
            <line number="146" hits="0" branch="false" />
            <line number="147" hits="0" branch="false" />
            <line number="148" hits="0" branch="false" />
            <line number="151" hits="0" branch="false" />
            <line number="152" hits="0" branch="false" />
            <line number="153" hits="0" branch="false" />
            <line number="154" hits="0" branch="false" />
            <line number="155" hits="0" branch="false" />
            <line number="156" hits="0" branch="false" />
            <line number="157" hits="0" branch="false" />
            <line number="158" hits="0" branch="false" />
            <line number="159" hits="0" branch="false" />
            <line number="160" hits="0" branch="false" />
            <line number="161" hits="0" branch="false" />
            <line number="162" hits="0" branch="false" />
            <line number="163" hits="0" branch="false" />
            <line number="164" hits="0" branch="false" />
            <line number="166" hits="0" branch="false" />
            <line number="169" hits="0" branch="false" />
            <line number="170" hits="0" branch="false" />
            <line number="174" hits="0" branch="false" />
            <line number="175" hits="0" branch="false" />
            <line number="177" hits="0" branch="false" />
            <line number="178" hits="0" branch="false" />
            <line number="179" hits="0" branch="false" />
            <line number="180" hits="0" branch="false" />
            <line number="181" hits="0" branch="false" />
            <line number="182" hits="0" branch="false" />
            <line number="185" hits="0" branch="false" />
            <line number="186" hits="0" branch="false" />
            <line number="187" hits="0" branch="false" />
            <line number="188" hits="0" branch="false" />
            <line number="189" hits="0" branch="false" />
            <line number="190" hits="0" branch="false" />
            <line number="191" hits="0" branch="false" />
            <line number="192" hits="0" branch="false" />
            <line number="193" hits="0" branch="false" />
            <line number="195" hits="0" branch="false" />
            <line number="198" hits="0" branch="false" />
            <line number="199" hits="0" branch="false" />
            <line number="204" hits="0" branch="false" />
            <line number="206" hits="0" branch="false" />
            <line number="207" hits="0" branch="false" />
            <line number="208" hits="0" branch="false" />
            <line number="209" hits="0" branch="false" />
            <line number="210" hits="0" branch="false" />
            <line number="211" hits="0" branch="false" />
            <line number="212" hits="0" branch="false" />
            <line number="213" hits="0" branch="false" />
            <line number="215" hits="0" branch="false" />
          </lines>
        </class>
        <class name="CapaAccesoDatos.EmpleadoDal" filename="C:\Users\Rolf\source\repos\DooFast\CapaAccesoDatos\EmpleadoDal.cs" line-rate="0" branch-rate="0" complexity="8">
          <methods>
            <method name="Add" signature="(...)" line-rate="0" branch-rate="1" complexity="1">
              <lines>
                <line number="17" hits="0" branch="false" />
                <line number="18" hits="0" branch="false" />
                <line number="21" hits="0" branch="false" />
                <line number="22" hits="0" branch="false" />
                <line number="23" hits="0" branch="false" />
                <line number="25" hits="0" branch="false" />
                <line number="26" hits="0" branch="false" />
                <line number="27" hits="0" branch="false" />
                <line number="29" hits="0" branch="false" />
                <line number="30" hits="0" branch="false" />
                <line number="31" hits="0" branch="false" />
                <line number="32" hits="0" branch="false" />
                <line number="33" hits="0" branch="false" />
                <line number="34" hits="0" branch="false" />
                <line number="35" hits="0" branch="false" />
                <line number="36" hits="0" branch="false" />
                <line number="37" hits="0" branch="false" />
                <line number="39" hits="0" branch="false" />
                <line number="40" hits="0" branch="false" />
                <line number="41" hits="0" branch="false" />
                <line number="42" hits="0" branch="false" />
                <line number="44" hits="0" branch="false" />
                <line number="47" hits="0" branch="false" />
                <line number="48" hits="0" branch="false" />
              </lines>
            </method>
            <method name="listarEmpleados" signature="()" line-rate="0" branch-rate="0" complexity="6">
              <lines>
                <line number="51" hits="0" branch="false" />
                <line number="53" hits="0" branch="false" />
                <line number="54" hits="0" branch="false" />
                <line number="55" hits="0" branch="false" />
                <line number="57" hits="0" branch="false" />
                <line number="58" hits="0" branch="true" condition-coverage="0% (0/2)" />
                <line number="60" hits="0" branch="true" condition-coverage="0% (0/2)" />
                <line number="61" hits="0" branch="false" />
                <line number="62" hits="0" branch="false" />
                <line number="63" hits="0" branch="false" />
                <line number="64" hits="0" branch="false" />
                <line number="65" hits="0" branch="false" />
                <line number="66" hits="0" branch="false" />
                <line number="67" hits="0" branch="false" />
                <line number="68" hits="0" branch="false" />
                <line number="69" hits="0" branch="false" />
                <line number="71" hits="0" branch="false" />
                <line number="72" hits="0" branch="false" />
                <line number="73" hits="0" branch="false" />
                <line number="74" hits="0" branch="true" condition-coverage="0% (0/2)" />
                <line number="75" hits="0" branch="false" />
                <line number="76" hits="0" branch="false" />
                <line number="78" hits="0" branch="false" />
                <line number="79" hits="0" branch="false" />
                <line number="80" hits="0" branch="false" />
                <line number="82" hits="0" branch="false" />
              </lines>
            </method>
            <method name=".ctor" signature="()" line-rate="0" branch-rate="1" complexity="1">
              <lines>
                <line number="14" hits="0" branch="false" />
              </lines>
            </method>
          </methods>
          <lines>
            <line number="14" hits="0" branch="false" />
            <line number="17" hits="0" branch="false" />
            <line number="18" hits="0" branch="false" />
            <line number="21" hits="0" branch="false" />
            <line number="22" hits="0" branch="false" />
            <line number="23" hits="0" branch="false" />
            <line number="25" hits="0" branch="false" />
            <line number="26" hits="0" branch="false" />
            <line number="27" hits="0" branch="false" />
            <line number="29" hits="0" branch="false" />
            <line number="30" hits="0" branch="false" />
            <line number="31" hits="0" branch="false" />
            <line number="32" hits="0" branch="false" />
            <line number="33" hits="0" branch="false" />
            <line number="34" hits="0" branch="false" />
            <line number="35" hits="0" branch="false" />
            <line number="36" hits="0" branch="false" />
            <line number="37" hits="0" branch="false" />
            <line number="39" hits="0" branch="false" />
            <line number="40" hits="0" branch="false" />
            <line number="41" hits="0" branch="false" />
            <line number="42" hits="0" branch="false" />
            <line number="44" hits="0" branch="false" />
            <line number="47" hits="0" branch="false" />
            <line number="48" hits="0" branch="false" />
            <line number="51" hits="0" branch="false" />
            <line number="53" hits="0" branch="false" />
            <line number="54" hits="0" branch="false" />
            <line number="55" hits="0" branch="false" />
            <line number="57" hits="0" branch="false" />
            <line number="58" hits="0" branch="true" condition-coverage="0% (0/2)" />
            <line number="60" hits="0" branch="true" condition-coverage="0% (0/2)" />
            <line number="61" hits="0" branch="false" />
            <line number="62" hits="0" branch="false" />
            <line number="63" hits="0" branch="false" />
            <line number="64" hits="0" branch="false" />
            <line number="65" hits="0" branch="false" />
            <line number="66" hits="0" branch="false" />
            <line number="67" hits="0" branch="false" />
            <line number="68" hits="0" branch="false" />
            <line number="69" hits="0" branch="false" />
            <line number="71" hits="0" branch="false" />
            <line number="72" hits="0" branch="false" />
            <line number="73" hits="0" branch="false" />
            <line number="74" hits="0" branch="true" condition-coverage="0% (0/2)" />
            <line number="75" hits="0" branch="false" />
            <line number="76" hits="0" branch="false" />
            <line number="78" hits="0" branch="false" />
            <line number="79" hits="0" branch="false" />
            <line number="80" hits="0" branch="false" />
            <line number="82" hits="0" branch="false" />
          </lines>
        </class>
        <class name="CapaAccesoDatos.PedidoDal" filename="C:\Users\Rolf\source\repos\DooFast\CapaAccesoDatos\PedidoDal.cs" line-rate="0" branch-rate="0" complexity="14">
          <methods>
            <method name="Add" signature="(...)" line-rate="0" branch-rate="1" complexity="1">
              <lines>
                <line number="19" hits="0" branch="false" />
                <line number="21" hits="0" branch="false" />
                <line number="24" hits="0" branch="false" />
                <line number="25" hits="0" branch="false" />
                <line number="26" hits="0" branch="false" />
                <line number="28" hits="0" branch="false" />
                <line number="29" hits="0" branch="false" />
                <line number="30" hits="0" branch="false" />
                <line number="32" hits="0" branch="false" />
                <line number="33" hits="0" branch="false" />
                <line number="34" hits="0" branch="false" />
                <line number="35" hits="0" branch="false" />
                <line number="36" hits="0" branch="false" />
                <line number="37" hits="0" branch="false" />
                <line number="38" hits="0" branch="false" />
                <line number="40" hits="0" branch="false" />
                <line number="41" hits="0" branch="false" />
                <line number="42" hits="0" branch="false" />
                <line number="43" hits="0" branch="false" />
                <line number="45" hits="0" branch="false" />
                <line number="48" hits="0" branch="false" />
                <line number="49" hits="0" branch="false" />
              </lines>
            </method>
            <method name="listarPedidosCocina" signature="()" line-rate="0" branch-rate="0" complexity="6">
              <lines>
                <line number="52" hits="0" branch="false" />
                <line number="54" hits="0" branch="false" />
                <line number="55" hits="0" branch="false" />
                <line number="56" hits="0" branch="false" />
                <line number="58" hits="0" branch="false" />
                <line number="60" hits="0" branch="true" condition-coverage="0% (0/2)" />
                <line number="61" hits="0" branch="false" />
                <line number="63" hits="0" branch="true" condition-coverage="0% (0/2)" />
                <line number="64" hits="0" branch="false" />
                <line number="65" hits="0" branch="false" />
                <line number="67" hits="0" branch="false" />
                <line number="68" hits="0" branch="false" />
                <line number="69" hits="0" branch="false" />
                <line number="70" hits="0" branch="false" />
                <line number="71" hits="0" branch="false" />
                <line number="72" hits="0" branch="false" />
                <line number="73" hits="0" branch="false" />
                <line number="75" hits="0" branch="false" />
                <line number="76" hits="0" branch="false" />
                <line number="77" hits="0" branch="false" />
                <line number="78" hits="0" branch="true" condition-coverage="0% (0/2)" />
                <line number="79" hits="0" branch="false" />
                <line number="80" hits="0" branch="false" />
                <line number="83" hits="0" branch="false" />
                <line number="85" hits="0" branch="false" />
                <line number="87" hits="0" branch="false" />
                <line number="89" hits="0" branch="false" />
              </lines>
            </method>
            <method name="listarPedidosPorMesa" signature="(...)" line-rate="0" branch-rate="0" complexity="6">
              <lines>
                <line number="92" hits="0" branch="false" />
                <line number="95" hits="0" branch="false" />
                <line number="96" hits="0" branch="false" />
                <line number="97" hits="0" branch="false" />
                <line number="99" hits="0" branch="false" />
                <line number="100" hits="0" branch="false" />
                <line number="101" hits="0" branch="false" />
                <line number="102" hits="0" branch="false" />
                <line number="104" hits="0" branch="false" />
                <line number="105" hits="0" branch="false" />
                <line number="106" hits="0" branch="false" />
                <line number="108" hits="0" branch="false" />
                <line number="110" hits="0" branch="true" condition-coverage="0% (0/2)" />
                <line number="111" hits="0" branch="false" />
                <line number="113" hits="0" branch="true" condition-coverage="0% (0/2)" />
                <line number="114" hits="0" branch="false" />
                <line number="115" hits="0" branch="false" />
                <line number="117" hits="0" branch="false" />
                <line number="118" hits="0" branch="false" />
                <line number="119" hits="0" branch="false" />
                <line number="120" hits="0" branch="false" />
                <line number="121" hits="0" branch="false" />
                <line number="122" hits="0" branch="false" />
                <line number="123" hits="0" branch="false" />
                <line number="124" hits="0" branch="false" />
                <line number="125" hits="0" branch="false" />
                <line number="128" hits="0" branch="false" />
                <line number="129" hits="0" branch="false" />
                <line number="130" hits="0" branch="false" />
                <line number="131" hits="0" branch="true" condition-coverage="0% (0/2)" />
                <line number="132" hits="0" branch="false" />
                <line number="133" hits="0" branch="false" />
                <line number="136" hits="0" branch="false" />
                <line number="137" hits="0" branch="false" />
                <line number="139" hits="0" branch="false" />
                <line number="144" hits="0" branch="false" />
                <line number="145" hits="0" branch="false" />
                <line number="147" hits="0" branch="false" />
                <line number="150" hits="0" branch="false" />
              </lines>
            </method>
            <method name=".ctor" signature="()" line-rate="0" branch-rate="1" complexity="1">
              <lines>
                <line number="16" hits="0" branch="false" />
              </lines>
            </method>
          </methods>
          <lines>
            <line number="16" hits="0" branch="false" />
            <line number="19" hits="0" branch="false" />
            <line number="21" hits="0" branch="false" />
            <line number="24" hits="0" branch="false" />
            <line number="25" hits="0" branch="false" />
            <line number="26" hits="0" branch="false" />
            <line number="28" hits="0" branch="false" />
            <line number="29" hits="0" branch="false" />
            <line number="30" hits="0" branch="false" />
            <line number="32" hits="0" branch="false" />
            <line number="33" hits="0" branch="false" />
            <line number="34" hits="0" branch="false" />
            <line number="35" hits="0" branch="false" />
            <line number="36" hits="0" branch="false" />
            <line number="37" hits="0" branch="false" />
            <line number="38" hits="0" branch="false" />
            <line number="40" hits="0" branch="false" />
            <line number="41" hits="0" branch="false" />
            <line number="42" hits="0" branch="false" />
            <line number="43" hits="0" branch="false" />
            <line number="45" hits="0" branch="false" />
            <line number="48" hits="0" branch="false" />
            <line number="49" hits="0" branch="false" />
            <line number="52" hits="0" branch="false" />
            <line number="54" hits="0" branch="false" />
            <line number="55" hits="0" branch="false" />
            <line number="56" hits="0" branch="false" />
            <line number="58" hits="0" branch="false" />
            <line number="60" hits="0" branch="true" condition-coverage="0% (0/2)" />
            <line number="61" hits="0" branch="false" />
            <line number="63" hits="0" branch="true" condition-coverage="0% (0/2)" />
            <line number="64" hits="0" branch="false" />
            <line number="65" hits="0" branch="false" />
            <line number="67" hits="0" branch="false" />
            <line number="68" hits="0" branch="false" />
            <line number="69" hits="0" branch="false" />
            <line number="70" hits="0" branch="false" />
            <line number="71" hits="0" branch="false" />
            <line number="72" hits="0" branch="false" />
            <line number="73" hits="0" branch="false" />
            <line number="75" hits="0" branch="false" />
            <line number="76" hits="0" branch="false" />
            <line number="77" hits="0" branch="false" />
            <line number="78" hits="0" branch="true" condition-coverage="0% (0/2)" />
            <line number="79" hits="0" branch="false" />
            <line number="80" hits="0" branch="false" />
            <line number="83" hits="0" branch="false" />
            <line number="85" hits="0" branch="false" />
            <line number="87" hits="0" branch="false" />
            <line number="89" hits="0" branch="false" />
            <line number="92" hits="0" branch="false" />
            <line number="95" hits="0" branch="false" />
            <line number="96" hits="0" branch="false" />
            <line number="97" hits="0" branch="false" />
            <line number="99" hits="0" branch="false" />
            <line number="100" hits="0" branch="false" />
            <line number="101" hits="0" branch="false" />
            <line number="102" hits="0" branch="false" />
            <line number="104" hits="0" branch="false" />
            <line number="105" hits="0" branch="false" />
            <line number="106" hits="0" branch="false" />
            <line number="108" hits="0" branch="false" />
            <line number="110" hits="0" branch="true" condition-coverage="0% (0/2)" />
            <line number="111" hits="0" branch="false" />
            <line number="113" hits="0" branch="true" condition-coverage="0% (0/2)" />
            <line number="114" hits="0" branch="false" />
            <line number="115" hits="0" branch="false" />
            <line number="117" hits="0" branch="false" />
            <line number="118" hits="0" branch="false" />
            <line number="119" hits="0" branch="false" />
            <line number="120" hits="0" branch="false" />
            <line number="121" hits="0" branch="false" />
            <line number="122" hits="0" branch="false" />
            <line number="123" hits="0" branch="false" />
            <line number="124" hits="0" branch="false" />
            <line number="125" hits="0" branch="false" />
            <line number="128" hits="0" branch="false" />
            <line number="129" hits="0" branch="false" />
            <line number="130" hits="0" branch="false" />
            <line number="131" hits="0" branch="true" condition-coverage="0% (0/2)" />
            <line number="132" hits="0" branch="false" />
            <line number="133" hits="0" branch="false" />
            <line number="136" hits="0" branch="false" />
            <line number="137" hits="0" branch="false" />
            <line number="139" hits="0" branch="false" />
            <line number="144" hits="0" branch="false" />
            <line number="145" hits="0" branch="false" />
            <line number="147" hits="0" branch="false" />
            <line number="150" hits="0" branch="false" />
          </lines>
        </class>
      </classes>
    </package>
    <package name="CapaEntidades" line-rate="0" branch-rate="1" complexity="58">
      <classes>
        <class name="CapaEntidades.CartaBe" filename="C:\Users\Rolf\source\repos\DooFast\CapaEntidades\CartaBe.cs" line-rate="0" branch-rate="1" complexity="2">
          <methods>
            <method name="get_nombreCarta" signature="()" line-rate="0" branch-rate="1" complexity="1">
              <lines>
                <line number="13" hits="0" branch="false" />
              </lines>
            </method>
            <method name="get_idRestaurante" signature="()" line-rate="0" branch-rate="1" complexity="1">
              <lines>
                <line number="14" hits="0" branch="false" />
              </lines>
            </method>
          </methods>
          <lines>
            <line number="13" hits="0" branch="false" />
            <line number="14" hits="0" branch="false" />
          </lines>
        </class>
        <class name="CapaEntidades.CartaBEforComidaInsert" filename="C:\Users\Rolf\source\repos\DooFast\CapaEntidades\CartaBe.cs" line-rate="0" branch-rate="1" complexity="2">
          <methods>
            <method name="get_idCarta" signature="()" line-rate="0" branch-rate="1" complexity="1">
              <lines>
                <line number="18" hits="0" branch="false" />
              </lines>
            </method>
            <method name="get_idComida" signature="()" line-rate="0" branch-rate="1" complexity="1">
              <lines>
                <line number="20" hits="0" branch="false" />
              </lines>
            </method>
          </methods>
          <lines>
            <line number="18" hits="0" branch="false" />
            <line number="20" hits="0" branch="false" />
          </lines>
        </class>
        <class name="CapaEntidades.CartaBEforUpdate" filename="C:\Users\Rolf\source\repos\DooFast\CapaEntidades\CartaBe.cs" line-rate="0" branch-rate="1" complexity="3">
          <methods>
            <method name="get_idCarta" signature="()" line-rate="0" branch-rate="1" complexity="1">
              <lines>
                <line number="26" hits="0" branch="false" />
              </lines>
            </method>
            <method name="get_idRestaurante" signature="()" line-rate="0" branch-rate="1" complexity="1">
              <lines>
                <line number="28" hits="0" branch="false" />
              </lines>
            </method>
            <method name="get_nombreCarta" signature="()" line-rate="0" branch-rate="1" complexity="1">
              <lines>
                <line number="29" hits="0" branch="false" />
              </lines>
            </method>
          </methods>
          <lines>
            <line number="26" hits="0" branch="false" />
            <line number="28" hits="0" branch="false" />
            <line number="29" hits="0" branch="false" />
          </lines>
        </class>
        <class name="CapaEntidades.ComidaBe" filename="C:\Users\Rolf\source\repos\DooFast\CapaEntidades\ComidaBe.cs" line-rate="0" branch-rate="1" complexity="4">
          <methods>
            <method name="get_nombreComida" signature="()" line-rate="0" branch-rate="1" complexity="1">
              <lines>
                <line number="13" hits="0" branch="false" />
              </lines>
            </method>
            <method name="get_precio" signature="()" line-rate="0" branch-rate="1" complexity="1">
              <lines>
                <line number="14" hits="0" branch="false" />
              </lines>
            </method>
            <method name="get_costo" signature="()" line-rate="0" branch-rate="1" complexity="1">
              <lines>
                <line number="15" hits="0" branch="false" />
              </lines>
            </method>
            <method name="get_idCategoria" signature="()" line-rate="0" branch-rate="1" complexity="1">
              <lines>
                <line number="16" hits="0" branch="false" />
              </lines>
            </method>
          </methods>
          <lines>
            <line number="13" hits="0" branch="false" />
            <line number="14" hits="0" branch="false" />
            <line number="15" hits="0" branch="false" />
            <line number="16" hits="0" branch="false" />
          </lines>
        </class>
        <class name="CapaEntidades.ComidaBEforList" filename="C:\Users\Rolf\source\repos\DooFast\CapaEntidades\ComidaBe.cs" line-rate="0" branch-rate="1" complexity="8">
          <methods>
            <method name="get_nombreCategoria" signature="()" line-rate="0" branch-rate="1" complexity="1">
              <lines>
                <line number="22" hits="0" branch="false" />
              </lines>
            </method>
            <method name="get_idComida" signature="()" line-rate="0" branch-rate="1" complexity="1">
              <lines>
                <line number="23" hits="0" branch="false" />
              </lines>
            </method>
            <method name="get_nombreComida" signature="()" line-rate="0" branch-rate="1" complexity="1">
              <lines>
                <line number="24" hits="0" branch="false" />
              </lines>
            </method>
            <method name="get_precio" signature="()" line-rate="0" branch-rate="1" complexity="1">
              <lines>
                <line number="25" hits="0" branch="false" />
              </lines>
            </method>
            <method name="get_costo" signature="()" line-rate="0" branch-rate="1" complexity="1">
              <lines>
                <line number="26" hits="0" branch="false" />
              </lines>
            </method>
            <method name="get_imagen" signature="()" line-rate="0" branch-rate="1" complexity="1">
              <lines>
                <line number="27" hits="0" branch="false" />
              </lines>
            </method>
            <method name="get_fechaCreacion" signature="()" line-rate="0" branch-rate="1" complexity="1">
              <lines>
                <line number="28" hits="0" branch="false" />
              </lines>
            </method>
            <method name="get_estado" signature="()" line-rate="0" branch-rate="1" complexity="1">
              <lines>
                <line number="29" hits="0" branch="false" />
              </lines>
            </method>
          </methods>
          <lines>
            <line number="22" hits="0" branch="false" />
            <line number="23" hits="0" branch="false" />
            <line number="24" hits="0" branch="false" />
            <line number="25" hits="0" branch="false" />
            <line number="26" hits="0" branch="false" />
            <line number="27" hits="0" branch="false" />
            <line number="28" hits="0" branch="false" />
            <line number="29" hits="0" branch="false" />
          </lines>
        </class>
        <class name="CapaEntidades.ComidaBEforUpdate" filename="C:\Users\Rolf\source\repos\DooFast\CapaEntidades\ComidaBe.cs" line-rate="0" branch-rate="1" complexity="6">
          <methods>
            <method name="get_idComida" signature="()" line-rate="0" branch-rate="1" complexity="1">
              <lines>
                <line number="34" hits="0" branch="false" />
              </lines>
            </method>
            <method name="get_idCategoria" signature="()" line-rate="0" branch-rate="1" complexity="1">
              <lines>
                <line number="36" hits="0" branch="false" />
              </lines>
            </method>
            <method name="get_nombreComida" signature="()" line-rate="0" branch-rate="1" complexity="1">
              <lines>
                <line number="37" hits="0" branch="false" />
              </lines>
            </method>
            <method name="get_precio" signature="()" line-rate="0" branch-rate="1" complexity="1">
              <lines>
                <line number="38" hits="0" branch="false" />
              </lines>
            </method>
            <method name="get_costo" signature="()" line-rate="0" branch-rate="1" complexity="1">
              <lines>
                <line number="39" hits="0" branch="false" />
              </lines>
            </method>
            <method name="get_imagen" signature="()" line-rate="0" branch-rate="1" complexity="1">
              <lines>
                <line number="40" hits="0" branch="false" />
              </lines>
            </method>
          </methods>
          <lines>
            <line number="34" hits="0" branch="false" />
            <line number="36" hits="0" branch="false" />
            <line number="37" hits="0" branch="false" />
            <line number="38" hits="0" branch="false" />
            <line number="39" hits="0" branch="false" />
            <line number="40" hits="0" branch="false" />
          </lines>
        </class>
        <class name="CapaEntidades.ComidaCartaBe" filename="C:\Users\Rolf\source\repos\DooFast\CapaEntidades\ComidaCartaBe.cs" line-rate="0" branch-rate="1" complexity="7">
          <methods>
            <method name="get_idCarta" signature="()" line-rate="0" branch-rate="1" complexity="1">
              <lines>
                <line number="14" hits="0" branch="false" />
              </lines>
            </method>
            <method name="get_nombreLocal" signature="()" line-rate="0" branch-rate="1" complexity="1">
              <lines>
                <line number="15" hits="0" branch="false" />
              </lines>
            </method>
            <method name="get_nombreCarta" signature="()" line-rate="0" branch-rate="1" complexity="1">
              <lines>
                <line number="16" hits="0" branch="false" />
              </lines>
            </method>
            <method name="get_fechaCreacion" signature="()" line-rate="0" branch-rate="1" complexity="1">
              <lines>
                <line number="17" hits="0" branch="false" />
              </lines>
            </method>
            <method name="get_estado" signature="()" line-rate="0" branch-rate="1" complexity="1">
              <lines>
                <line number="18" hits="0" branch="false" />
              </lines>
            </method>
            <method name="get_idCarta" signature="()" line-rate="0" branch-rate="1" complexity="1">
              <lines>
                <line number="25" hits="0" branch="false" />
              </lines>
            </method>
            <method name="get_idComida" signature="()" line-rate="0" branch-rate="1" complexity="1">
              <lines>
                <line number="27" hits="0" branch="false" />
              </lines>
            </method>
          </methods>
          <lines>
            <line number="14" hits="0" branch="false" />
            <line number="15" hits="0" branch="false" />
            <line number="16" hits="0" branch="false" />
            <line number="17" hits="0" branch="false" />
            <line number="18" hits="0" branch="false" />
            <line number="25" hits="0" branch="false" />
            <line number="27" hits="0" branch="false" />
          </lines>
        </class>
        <class name="CapaEntidades.EmpleadoBe" filename="C:\Users\Rolf\source\repos\DooFast\CapaEntidades\EmpleadoBe.cs" line-rate="0" branch-rate="1" complexity="7">
          <methods>
            <method name="get_idEmpleado" signature="()" line-rate="0" branch-rate="1" complexity="1">
              <lines>
                <line number="11" hits="0" branch="false" />
              </lines>
            </method>
            <method name="get_usuario" signature="()" line-rate="0" branch-rate="1" complexity="1">
              <lines>
                <line number="12" hits="0" branch="false" />
              </lines>
            </method>
            <method name="get_contrasenia" signature="()" line-rate="0" branch-rate="1" complexity="1">
              <lines>
                <line number="14" hits="0" branch="false" />
              </lines>
            </method>
            <method name="get_salario" signature="()" line-rate="0" branch-rate="1" complexity="1">
              <lines>
                <line number="16" hits="0" branch="false" />
              </lines>
            </method>
            <method name="get_nombre" signature="()" line-rate="0" branch-rate="1" complexity="1">
              <lines>
                <line number="17" hits="0" branch="false" />
              </lines>
            </method>
            <method name="get_tipoEmpleado" signature="()" line-rate="0" branch-rate="1" complexity="1">
              <lines>
                <line number="18" hits="0" branch="false" />
              </lines>
            </method>
            <method name="get_visible" signature="()" line-rate="0" branch-rate="1" complexity="1">
              <lines>
                <line number="20" hits="0" branch="false" />
              </lines>
            </method>
          </methods>
          <lines>
            <line number="11" hits="0" branch="false" />
            <line number="12" hits="0" branch="false" />
            <line number="14" hits="0" branch="false" />
            <line number="16" hits="0" branch="false" />
            <line number="17" hits="0" branch="false" />
            <line number="18" hits="0" branch="false" />
            <line number="20" hits="0" branch="false" />
          </lines>
        </class>
        <class name="CapaEntidades.PedidoBe" filename="C:\Users\Rolf\source\repos\DooFast\CapaEntidades\PedidoBe.cs" line-rate="0" branch-rate="1" complexity="3">
          <methods>
            <method name="get_idMesa" signature="()" line-rate="0" branch-rate="1" complexity="1">
              <lines>
                <line number="11" hits="0" branch="false" />
              </lines>
            </method>
            <method name="get_idComida" signature="()" line-rate="0" branch-rate="1" complexity="1">
              <lines>
                <line number="12" hits="0" branch="false" />
              </lines>
            </method>
            <method name="get_cantidad" signature="()" line-rate="0" branch-rate="1" complexity="1">
              <lines>
                <line number="13" hits="0" branch="false" />
              </lines>
            </method>
          </methods>
          <lines>
            <line number="11" hits="0" branch="false" />
            <line number="12" hits="0" branch="false" />
            <line number="13" hits="0" branch="false" />
          </lines>
        </class>
        <class name="CapaEntidades.PedidoBEforListCocina" filename="C:\Users\Rolf\source\repos\DooFast\CapaEntidades\PedidoBe.cs" line-rate="0" branch-rate="1" complexity="7">
          <methods>
            <method name="get_idMesa" signature="()" line-rate="0" branch-rate="1" complexity="1">
              <lines>
                <line number="19" hits="0" branch="false" />
              </lines>
            </method>
            <method name="get_idOrden" signature="()" line-rate="0" branch-rate="1" complexity="1">
              <lines>
                <line number="20" hits="0" branch="false" />
              </lines>
            </method>
            <method name="get_nombreComida" signature="()" line-rate="0" branch-rate="1" complexity="1">
              <lines>
                <line number="21" hits="0" branch="false" />
              </lines>
            </method>
            <method name="get_imagen" signature="()" line-rate="0" branch-rate="1" complexity="1">
              <lines>
                <line number="23" hits="0" branch="false" />
              </lines>
            </method>
            <method name="get_cantidad" signature="()" line-rate="0" branch-rate="1" complexity="1">
              <lines>
                <line number="24" hits="0" branch="false" />
              </lines>
            </method>
            <method name="get_fechaCreacion" signature="()" line-rate="0" branch-rate="1" complexity="1">
              <lines>
                <line number="26" hits="0" branch="false" />
              </lines>
            </method>
            <method name="get_estadoOrden" signature="()" line-rate="0" branch-rate="1" complexity="1">
              <lines>
                <line number="28" hits="0" branch="false" />
              </lines>
            </method>
          </methods>
          <lines>
            <line number="19" hits="0" branch="false" />
            <line number="20" hits="0" branch="false" />
            <line number="21" hits="0" branch="false" />
            <line number="23" hits="0" branch="false" />
            <line number="24" hits="0" branch="false" />
            <line number="26" hits="0" branch="false" />
            <line number="28" hits="0" branch="false" />
          </lines>
        </class>
        <class name="CapaEntidades.PedidoBEforListPorMesa" filename="C:\Users\Rolf\source\repos\DooFast\CapaEntidades\PedidoBe.cs" line-rate="0" branch-rate="1" complexity="9">
          <methods>
            <method name="get_idMesa" signature="()" line-rate="0" branch-rate="1" complexity="1">
              <lines>
                <line number="34" hits="0" branch="false" />
              </lines>
            </method>
            <method name="get_idOrden" signature="()" line-rate="0" branch-rate="1" complexity="1">
              <lines>
                <line number="36" hits="0" branch="false" />
              </lines>
            </method>
            <method name="get_idComida" signature="()" line-rate="0" branch-rate="1" complexity="1">
              <lines>
                <line number="37" hits="0" branch="false" />
              </lines>
            </method>
            <method name="get_nombreCategoria" signature="()" line-rate="0" branch-rate="1" complexity="1">
              <lines>
                <line number="38" hits="0" branch="false" />
              </lines>
            </method>
            <method name="get_nombreComida" signature="()" line-rate="0" branch-rate="1" complexity="1">
              <lines>
                <line number="40" hits="0" branch="false" />
              </lines>
            </method>
            <method name="get_precio" signature="()" line-rate="0" branch-rate="1" complexity="1">
              <lines>
                <line number="42" hits="0" branch="false" />
              </lines>
            </method>
            <method name="get_cantidad" signature="()" line-rate="0" branch-rate="1" complexity="1">
              <lines>
                <line number="43" hits="0" branch="false" />
              </lines>
            </method>
            <method name="get_estadoOrden" signature="()" line-rate="0" branch-rate="1" complexity="1">
              <lines>
                <line number="44" hits="0" branch="false" />
              </lines>
            </method>
            <method name="get_fechaCreacion" signature="()" line-rate="0" branch-rate="1" complexity="1">
              <lines>
                <line number="45" hits="0" branch="false" />
              </lines>
            </method>
          </methods>
          <lines>
            <line number="34" hits="0" branch="false" />
            <line number="36" hits="0" branch="false" />
            <line number="37" hits="0" branch="false" />
            <line number="38" hits="0" branch="false" />
            <line number="40" hits="0" branch="false" />
            <line number="42" hits="0" branch="false" />
            <line number="43" hits="0" branch="false" />
            <line number="44" hits="0" branch="false" />
            <line number="45" hits="0" branch="false" />
          </lines>
        </class>
      </classes>
    </package>
    <package name="CapaNegocio" line-rate="0.006289308176100629" branch-rate="1" complexity="20">
      <classes>
        <class name="CapaNegocio.CartaBl" filename="C:\Users\Rolf\source\repos\DooFast\CapaNegocio\CartaBl.cs" line-rate="0" branch-rate="1" complexity="4">
          <methods>
            <method name="Add" signature="(...)" line-rate="0" branch-rate="1" complexity="1">
              <lines>
                <line number="19" hits="0" branch="false" />
                <line number="20" hits="0" branch="false" />
                <line number="22" hits="0" branch="false" />
                <line number="23" hits="0" branch="false" />
                <line number="24" hits="0" branch="false" />
                <line number="25" hits="0" branch="false" />
                <line number="26" hits="0" branch="false" />
                <line number="28" hits="0" branch="false" />
                <line number="30" hits="0" branch="false" />
                <line number="31" hits="0" branch="false" />
              </lines>
            </method>
            <method name="Update" signature="(...)" line-rate="0" branch-rate="1" complexity="1">
              <lines>
                <line number="34" hits="0" branch="false" />
                <line number="36" hits="0" branch="false" />
                <line number="38" hits="0" branch="false" />
                <line number="39" hits="0" branch="false" />
                <line number="40" hits="0" branch="false" />
                <line number="41" hits="0" branch="false" />
                <line number="42" hits="0" branch="false" />
                <line number="44" hits="0" branch="false" />
                <line number="46" hits="0" branch="false" />
                <line number="48" hits="0" branch="false" />
              </lines>
            </method>
            <method name="Delete" signature="(...)" line-rate="0" branch-rate="1" complexity="1">
              <lines>
                <line number="50" hits="0" branch="false" />
                <line number="51" hits="0" branch="false" />
                <line number="53" hits="0" branch="false" />
                <line number="54" hits="0" branch="false" />
                <line number="55" hits="0" branch="false" />
                <line number="56" hits="0" branch="false" />
                <line number="57" hits="0" branch="false" />
                <line number="59" hits="0" branch="false" />
                <line number="61" hits="0" branch="false" />
                <line number="62" hits="0" branch="false" />
              </lines>
            </method>
            <method name=".ctor" signature="()" line-rate="0" branch-rate="1" complexity="1">
              <lines>
                <line number="15" hits="0" branch="false" />
              </lines>
            </method>
          </methods>
          <lines>
            <line number="15" hits="0" branch="false" />
            <line number="19" hits="0" branch="false" />
            <line number="20" hits="0" branch="false" />
            <line number="22" hits="0" branch="false" />
            <line number="23" hits="0" branch="false" />
            <line number="24" hits="0" branch="false" />
            <line number="25" hits="0" branch="false" />
            <line number="26" hits="0" branch="false" />
            <line number="28" hits="0" branch="false" />
            <line number="30" hits="0" branch="false" />
            <line number="31" hits="0" branch="false" />
            <line number="34" hits="0" branch="false" />
            <line number="36" hits="0" branch="false" />
            <line number="38" hits="0" branch="false" />
            <line number="39" hits="0" branch="false" />
            <line number="40" hits="0" branch="false" />
            <line number="41" hits="0" branch="false" />
            <line number="42" hits="0" branch="false" />
            <line number="44" hits="0" branch="false" />
            <line number="46" hits="0" branch="false" />
            <line number="48" hits="0" branch="false" />
            <line number="50" hits="0" branch="false" />
            <line number="51" hits="0" branch="false" />
            <line number="53" hits="0" branch="false" />
            <line number="54" hits="0" branch="false" />
            <line number="55" hits="0" branch="false" />
            <line number="56" hits="0" branch="false" />
            <line number="57" hits="0" branch="false" />
            <line number="59" hits="0" branch="false" />
            <line number="61" hits="0" branch="false" />
            <line number="62" hits="0" branch="false" />
          </lines>
        </class>
        <class name="CapaNegocio.ComidaBl" filename="C:\Users\Rolf\source\repos\DooFast\CapaNegocio\ComidaBl.cs" line-rate="0.02040816326530612" branch-rate="1" complexity="6">
          <methods>
            <method name="Add" signature="(...)" line-rate="0" branch-rate="1" complexity="1">
              <lines>
                <line number="18" hits="0" branch="false" />
[...]
                <line number="28" hits="0" branch="false" />
                <line number="29" hits="0" branch="false" />
                <line number="30" hits="0" branch="false" />
                <line number="31" hits="0" branch="false" />
                <line number="32" hits="0" branch="false" />
                <line number="33" hits="0" branch="false" />
                <line number="34" hits="0" branch="false" />
                <line number="35" hits="0" branch="false" />
                <line number="36" hits="0" branch="false" />
                <line number="37" hits="0" branch="false" />
                <line number="38" hits="0" branch="false" />
                <line number="39" hits="0" branch="false" />
                <line number="40" hits="0" branch="false" />
                <line number="41" hits="0" branch="false" />
                <line number="42" hits="0" branch="false" />
                <line number="43" hits="0" branch="false" />
                <line number="44" hits="0" branch="false" />
                <line number="45" hits="0" branch="false" />
                <line number="46" hits="0" branch="false" />
                <line number="47" hits="0" branch="false" />
                <line number="48" hits="0" branch="false" />
                <line number="49" hits="0" branch="false" />
                <line number="50" hits="0" branch="false" />
                <line number="51" hits="0" branch="false" />
                <line number="52" hits="0" branch="false" />
                <line number="53" hits="0" branch="false" />
                <line number="54" hits="0" branch="false" />
                <line number="55" hits="0" branch="false" />
                <line number="56" hits="0" branch="false" />
                <line number="57" hits="0" branch="false" />
                <line number="58" hits="0" branch="false" />
                <line number="59" hits="0" branch="false" />
                <line number="60" hits="0" branch="false" />
                <line number="61" hits="0" branch="false" />
                <line number="62" hits="0" branch="false" />
                <line number="63" hits="0" branch="false" />
                <line number="64" hits="0" branch="false" />
                <line number="65" hits="0" branch="false" />
                <line number="66" hits="0" branch="false" />
                <line number="67" hits="0" branch="false" />
                <line number="68" hits="0" branch="false" />
                <line number="69" hits="0" branch="false" />
                <line number="70" hits="0" branch="false" />
                <line number="71" hits="0" branch="false" />
                <line number="72" hits="0" branch="false" />
                <line number="73" hits="0" branch="false" />
                <line number="74" hits="0" branch="false" />
                <line number="75" hits="0" branch="false" />
                <line number="76" hits="0" branch="false" />
                <line number="77" hits="0" branch="false" />
                <line number="78" hits="0" branch="false" />
                <line number="79" hits="0" branch="false" />
                <line number="80" hits="0" branch="false" />
                <line number="81" hits="0" branch="false" />
                <line number="82" hits="0" branch="false" />
                <line number="83" hits="0" branch="false" />
                <line number="84" hits="0" branch="false" />
                <line number="85" hits="0" branch="false" />
                <line number="86" hits="0" branch="false" />
                <line number="87" hits="0" branch="false" />
                <line number="88" hits="0" branch="false" />
                <line number="89" hits="0" branch="false" />
                <line number="90" hits="0" branch="false" />
                <line number="91" hits="0" branch="false" />
                <line number="92" hits="0" branch="false" />
                <line number="93" hits="0" branch="false" />
                <line number="94" hits="0" branch="false" />
                <line number="95" hits="0" branch="false" />
                <line number="96" hits="0" branch="false" />
                <line number="97" hits="0" branch="false" />
                <line number="98" hits="0" branch="false" />
                <line number="99" hits="0" branch="false" />
                <line number="100" hits="0" branch="false" />
                <line number="101" hits="0" branch="false" />
                <line number="102" hits="0" branch="false" />
                <line number="103" hits="0" branch="false" />
                <line number="104" hits="0" branch="false" />
                <line number="105" hits="0" branch="false" />
                <line number="106" hits="0" branch="false" />
                <line number="107" hits="0" branch="false" />
                <line number="108" hits="0" branch="false" />
                <line number="109" hits="0" branch="false" />
                <line number="110" hits="0" branch="false" />
                <line number="111" hits="0" branch="false" />
                <line number="112" hits="0" branch="false" />
                <line number="113" hits="0" branch="false" />
                <line number="114" hits="0" branch="false" />
                <line number="115" hits="0" branch="false" />
                <line number="116" hits="0" branch="false" />
                <line number="117" hits="0" branch="false" />
                <line number="118" hits="0" branch="false" />
                <line number="119" hits="0" branch="false" />
                <line number="120" hits="0" branch="false" />
                <line number="121" hits="0" branch="false" />
                <line number="122" hits="0" branch="false" />
                <line number="123" hits="0" branch="false" />
                <line number="124" hits="0" branch="false" />
                <line number="125" hits="0" branch="false" />
                <line number="126" hits="0" branch="false" />
                <line number="127" hits="0" branch="false" />
                <line number="128" hits="0" branch="false" />
                <line number="129" hits="0" branch="false" />
                <line number="130" hits="0" branch="false" />
                <line number="131" hits="0" branch="false" />
                <line number="132" hits="0" branch="false" />
                <line number="133" hits="0" branch="false" />
                <line number="134" hits="0" branch="false" />
                <line number="135" hits="0" branch="false" />
                <line number="136" hits="0" branch="false" />
                <line number="137" hits="0" branch="false" />
                <line number="138" hits="0" branch="false" />
                <line number="139" hits="0" branch="false" />
                <line number="140" hits="0" branch="false" />
                <line number="141" hits="0" branch="false" />
                <line number="142" hits="0" branch="false" />
                <line number="143" hits="0" branch="false" />
                <line number="144" hits="0" branch="false" />
                <line number="145" hits="0" branch="false" />
                <line number="146" hits="0" branch="false" />
                <line number="147" hits="0" branch="false" />
                <line number="148" hits="0" branch="false" />
                <line number="149" hits="0" branch="false" />
                <line number="185" hits="0" branch="false" />
                <line number="187" hits="0" branch="false" />
                <line number="258" hits="0" branch="false" />
                <line number="259" hits="0" branch="false" />
              </lines>
            </method>
          </methods>
          <lines>
            <line number="18" hits="0" branch="false" />
            <line number="20" hits="0" branch="false" />
            <line number="22" hits="0" branch="false" />
            <line number="23" hits="0" branch="false" />
            <line number="24" hits="0" branch="false" />
            <line number="25" hits="0" branch="false" />
            <line number="26" hits="0" branch="false" />
            <line number="27" hits="0" branch="false" />
            <line number="28" hits="0" branch="false" />
            <line number="29" hits="0" branch="false" />
            <line number="30" hits="0" branch="false" />
            <line number="31" hits="0" branch="false" />
            <line number="32" hits="0" branch="false" />
            <line number="33" hits="0" branch="false" />
            <line number="34" hits="0" branch="false" />
            <line number="35" hits="0" branch="false" />
            <line number="36" hits="0" branch="false" />
            <line number="37" hits="0" branch="false" />
            <line number="38" hits="0" branch="false" />
            <line number="39" hits="0" branch="false" />
            <line number="40" hits="0" branch="false" />
            <line number="41" hits="0" branch="false" />
            <line number="42" hits="0" branch="false" />
            <line number="43" hits="0" branch="false" />
            <line number="44" hits="0" branch="false" />
            <line number="45" hits="0" branch="false" />
            <line number="46" hits="0" branch="false" />
            <line number="47" hits="0" branch="false" />
            <line number="48" hits="0" branch="false" />
            <line number="49" hits="0" branch="false" />
            <line number="50" hits="0" branch="false" />
            <line number="51" hits="0" branch="false" />
            <line number="52" hits="0" branch="false" />
            <line number="53" hits="0" branch="false" />
            <line number="54" hits="0" branch="false" />
            <line number="55" hits="0" branch="false" />
            <line number="56" hits="0" branch="false" />
            <line number="57" hits="0" branch="false" />
            <line number="58" hits="0" branch="false" />
            <line number="59" hits="0" branch="false" />
            <line number="60" hits="0" branch="false" />
            <line number="61" hits="0" branch="false" />
            <line number="62" hits="0" branch="false" />
            <line number="63" hits="0" branch="false" />
            <line number="64" hits="0" branch="false" />
            <line number="65" hits="0" branch="false" />
            <line number="66" hits="0" branch="false" />
            <line number="67" hits="0" branch="false" />
            <line number="68" hits="0" branch="false" />
            <line number="69" hits="0" branch="false" />
            <line number="70" hits="0" branch="false" />
            <line number="71" hits="0" branch="false" />
            <line number="72" hits="0" branch="false" />
            <line number="73" hits="0" branch="false" />
            <line number="74" hits="0" branch="false" />
            <line number="75" hits="0" branch="false" />
            <line number="76" hits="0" branch="false" />
            <line number="77" hits="0" branch="false" />
            <line number="78" hits="0" branch="false" />
            <line number="79" hits="0" branch="false" />
            <line number="80" hits="0" branch="false" />
            <line number="81" hits="0" branch="false" />
            <line number="82" hits="0" branch="false" />
            <line number="83" hits="0" branch="false" />
            <line number="84" hits="0" branch="false" />
            <line number="85" hits="0" branch="false" />
            <line number="86" hits="0" branch="false" />
            <line number="87" hits="0" branch="false" />
            <line number="88" hits="0" branch="false" />
            <line number="89" hits="0" branch="false" />
            <line number="90" hits="0" branch="false" />
            <line number="91" hits="0" branch="false" />
            <line number="92" hits="0" branch="false" />
            <line number="93" hits="0" branch="false" />
            <line number="94" hits="0" branch="false" />
            <line number="95" hits="0" branch="false" />
            <line number="96" hits="0" branch="false" />
            <line number="97" hits="0" branch="false" />
            <line number="98" hits="0" branch="false" />
            <line number="99" hits="0" branch="false" />
            <line number="100" hits="0" branch="false" />
            <line number="101" hits="0" branch="false" />
            <line number="102" hits="0" branch="false" />
            <line number="103" hits="0" branch="false" />
            <line number="104" hits="0" branch="false" />
            <line number="105" hits="0" branch="false" />
            <line number="106" hits="0" branch="false" />
            <line number="107" hits="0" branch="false" />
            <line number="108" hits="0" branch="false" />
            <line number="109" hits="0" branch="false" />
            <line number="110" hits="0" branch="false" />
            <line number="111" hits="0" branch="false" />
            <line number="112" hits="0" branch="false" />
            <line number="113" hits="0" branch="false" />
            <line number="114" hits="0" branch="false" />
            <line number="115" hits="0" branch="false" />
            <line number="116" hits="0" branch="false" />
            <line number="117" hits="0" branch="false" />
            <line number="118" hits="0" branch="false" />
            <line number="119" hits="0" branch="false" />
            <line number="120" hits="0" branch="false" />
            <line number="121" hits="0" branch="false" />
            <line number="122" hits="0" branch="false" />
            <line number="123" hits="0" branch="false" />
            <line number="124" hits="0" branch="false" />
            <line number="125" hits="0" branch="false" />
            <line number="126" hits="0" branch="false" />
            <line number="127" hits="0" branch="false" />
            <line number="128" hits="0" branch="false" />
            <line number="129" hits="0" branch="false" />
            <line number="130" hits="0" branch="false" />
            <line number="131" hits="0" branch="false" />
            <line number="132" hits="0" branch="false" />
            <line number="133" hits="0" branch="false" />
            <line number="134" hits="0" branch="false" />
            <line number="135" hits="0" branch="false" />
            <line number="136" hits="0" branch="false" />
            <line number="137" hits="0" branch="false" />
            <line number="138" hits="0" branch="false" />
            <line number="139" hits="0" branch="false" />
            <line number="140" hits="0" branch="false" />
            <line number="141" hits="0" branch="false" />
            <line number="142" hits="0" branch="false" />
            <line number="143" hits="0" branch="false" />
            <line number="144" hits="0" branch="false" />
            <line number="145" hits="0" branch="false" />
            <line number="146" hits="0" branch="false" />
            <line number="147" hits="0" branch="false" />
            <line number="148" hits="0" branch="false" />
            <line number="149" hits="0" branch="false" />
            <line number="185" hits="0" branch="false" />
            <line number="187" hits="0" branch="false" />
            <line number="258" hits="0" branch="false" />
            <line number="259" hits="0" branch="false" />
          </lines>
        </class>
        <class name="DooFast.WebApiApplication" filename="C:\Users\Rolf\source\repos\DooFast\DooFast\Global.asax.cs" line-rate="0" branch-rate="1" complexity="1">
          <methods>
            <method name="Application_Start" signature="()" line-rate="0" branch-rate="1" complexity="1">
              <lines>
                <line number="17" hits="0" branch="false" />
                <line number="18" hits="0" branch="false" />
                <line number="19" hits="0" branch="false" />
                <line number="20" hits="0" branch="false" />
                <line number="21" hits="0" branch="false" />
                <line number="23" hits="0" branch="false" />
              </lines>
            </method>
          </methods>
          <lines>
            <line number="17" hits="0" branch="false" />
            <line number="18" hits="0" branch="false" />
            <line number="19" hits="0" branch="false" />
            <line number="20" hits="0" branch="false" />
            <line number="21" hits="0" branch="false" />
            <line number="23" hits="0" branch="false" />
          </lines>
        </class>
        <class name="DooFast.WebApiConfig" filename="C:\Users\Rolf\source\repos\DooFast\DooFast\App_Start\WebApiConfig.cs" line-rate="0" branch-rate="1" complexity="1">
          <methods>
            <method name="Register" signature="(...)" line-rate="0" branch-rate="1" complexity="1">
              <lines>
                <line number="11" hits="0" branch="false" />
                <line number="12" hits="0" branch="false" />
                <line number="16" hits="0" branch="false" />
                <line number="18" hits="0" branch="false" />
                <line number="19" hits="0" branch="false" />
                <line number="20" hits="0" branch="false" />
                <line number="21" hits="0" branch="false" />
                <line number="22" hits="0" branch="false" />
                <line number="23" hits="0" branch="false" />
              </lines>
            </method>
          </methods>
          <lines>
            <line number="11" hits="0" branch="false" />
            <line number="12" hits="0" branch="false" />
            <line number="16" hits="0" branch="false" />
            <line number="18" hits="0" branch="false" />
            <line number="19" hits="0" branch="false" />
            <line number="20" hits="0" branch="false" />
            <line number="21" hits="0" branch="false" />
            <line number="22" hits="0" branch="false" />
            <line number="23" hits="0" branch="false" />
          </lines>
        </class>
      </classes>
    </package>
    <package name="TestDooFast" line-rate="0.5" branch-rate="1" complexity="2">
      <classes>
        <class name="AutoGeneratedProgram" filename="C:\Users\Rolf\.nuget\packages\microsoft.net.test.sdk\16.9.4\build\netcoreapp2.1\Microsoft.NET.Test.Sdk.Program.cs" line-rate="0" branch-rate="1" complexity="1">
          <methods>
            <method name="Main" signature="(...)" line-rate="0" branch-rate="1" complexity="1">
              <lines>
                <line number="4" hits="0" branch="false" />
              </lines>
            </method>
          </methods>
          <lines>
            <line number="4" hits="0" branch="false" />
          </lines>
        </class>
        <class name="TestDooFast.UnitTest1" filename="C:\Users\Rolf\source\repos\DooFast\TestDooFast\UnitTest1.cs" line-rate="0.6" branch-rate="1" complexity="1">
          <methods>
            <method name="Test1" signature="()" line-rate="0.6" branch-rate="1" complexity="1">
              <lines>
                <line number="19" hits="1" branch="false" />
                <line number="20" hits="1" branch="false" />
                <line number="22" hits="1" branch="false" />
                <line number="25" hits="0" branch="false" />
                <line number="26" hits="0" branch="false" />
              </lines>
            </method>
          </methods>
          <lines>
            <line number="19" hits="1" branch="false" />
            <line number="20" hits="1" branch="false" />
            <line number="22" hits="1" branch="false" />
            <line number="25" hits="0" branch="false" />
            <line number="26" hits="0" branch="false" />
          </lines>
        </class>
      </classes>
    </package>
  </packages>
</coverage>