TpTrace Verbose: 0 : 5816, 1, 2022/06/23, 18:34:49.874, 11484902231104, vstest.console.dll, Version: 16.11.0
TpTrace Information: 0 : 5816, 1, 2022/06/23, 18:34:49.883, 11484902320810, vstest.console.dll, FilePatternParser: The given file C:\Users\Rolf\source\repos\DooFast\TestDooFast\bin\Debug\net5.0\fine-code-coverage\build-output\TestDooFast.dll is a full path.
TpTrace Verbose: 0 : 5816, 1, 2022/06/23, 18:34:49.891, 11484902394067, vstest.console.dll, TestPluginCache.DiscoverTestExtensions: finding test extensions in assemblies ends with: RuntimeProvider.dll TPluginInfo: Microsoft.VisualStudio.TestPlatform.Common.ExtensionFramework.Utilities.TestRuntimePluginInformation TExtension: Microsoft.VisualStudio.TestPlatform.ObjectModel.Host.ITestRuntimeProvider
TpTrace Verbose: 0 : 5816, 1, 2022/06/23, 18:34:49.897, 11484902461944, vstest.console.dll, TestPluginCache.GetExtensionPaths: Filtered extension paths: 
TpTrace Verbose: 0 : 5816, 1, 2022/06/23, 18:34:49.898, 11484902463165, vstest.console.dll, TestPluginCache.GetExtensionPaths: Added default extension paths: C:\Program Files\dotnet\sdk\5.0.408\Extensions\Microsoft.Diagnostics.NETCore.Client.dll
C:\Program Files\dotnet\sdk\5.0.408\Extensions\Microsoft.TestPlatform.Extensions.BlameDataCollector.dll
C:\Program Files\dotnet\sdk\5.0.408\Extensions\Microsoft.TestPlatform.Extensions.EventLogCollector.dll
C:\Program Files\dotnet\sdk\5.0.408\Extensions\Microsoft.TestPlatform.TestHostRuntimeProvider.dll
C:\Program Files\dotnet\sdk\5.0.408\Extensions\Microsoft.VisualStudio.TestPlatform.Extensions.Html.TestLogger.dll
C:\Program Files\dotnet\sdk\5.0.408\Extensions\Microsoft.VisualStudio.TestPlatform.Extensions.Trx.TestLogger.dll
TpTrace Verbose: 0 : 5816, 1, 2022/06/23, 18:34:49.898, 11484902463671, vstest.console.dll, TestPluginCache.GetExtensionPaths: Added unfilterableExtensionPaths: 
TpTrace Information: 0 : 5816, 1, 2022/06/23, 18:34:49.898, 11484902471502, vstest.console.dll, AssemblyResolver.ctor: Creating AssemblyResolver with searchDirectories C:\Program Files\dotnet\sdk\5.0.408\Extensions,C:\Program Files\dotnet\sdk\5.0.408
TpTrace Verbose: 0 : 5816, 1, 2022/06/23, 18:34:49.900, 11484902482728, vstest.console.dll, TestPluginCache.DiscoverTestExtensions: Discovering the extensions using extension path.
TpTrace Verbose: 0 : 5816, 1, 2022/06/23, 18:34:49.900, 11484902484123, vstest.console.dll, TestPluginCache.GetExtensionPaths: Filtered extension paths: 
TpTrace Verbose: 0 : 5816, 1, 2022/06/23, 18:34:49.900, 11484902484567, vstest.console.dll, TestPluginCache.GetExtensionPaths: Added default extension paths: C:\Program Files\dotnet\sdk\5.0.408\Extensions\Microsoft.Diagnostics.NETCore.Client.dll
C:\Program Files\dotnet\sdk\5.0.408\Extensions\Microsoft.TestPlatform.Extensions.BlameDataCollector.dll
C:\Program Files\dotnet\sdk\5.0.408\Extensions\Microsoft.TestPlatform.Extensions.EventLogCollector.dll
C:\Program Files\dotnet\sdk\5.0.408\Extensions\Microsoft.TestPlatform.TestHostRuntimeProvider.dll
C:\Program Files\dotnet\sdk\5.0.408\Extensions\Microsoft.VisualStudio.TestPlatform.Extensions.Html.TestLogger.dll
C:\Program Files\dotnet\sdk\5.0.408\Extensions\Microsoft.VisualStudio.TestPlatform.Extensions.Trx.TestLogger.dll
TpTrace Verbose: 0 : 5816, 1, 2022/06/23, 18:34:49.900, 11484902484957, vstest.console.dll, TestPluginCache.GetExtensionPaths: Added unfilterableExtensionPaths: 
TpTrace Verbose: 0 : 5816, 1, 2022/06/23, 18:34:49.900, 11484902485593, vstest.console.dll, TestPluginCache.DiscoverTestExtensions: Discovering the extensions using allExtensionPaths: C:\Program Files\dotnet\sdk\5.0.408\Extensions\Microsoft.Diagnostics.NETCore.Client.dll
C:\Program Files\dotnet\sdk\5.0.408\Extensions\Microsoft.TestPlatform.Extensions.BlameDataCollector.dll
C:\Program Files\dotnet\sdk\5.0.408\Extensions\Microsoft.TestPlatform.Extensions.EventLogCollector.dll
C:\Program Files\dotnet\sdk\5.0.408\Extensions\Microsoft.TestPlatform.TestHostRuntimeProvider.dll
C:\Program Files\dotnet\sdk\5.0.408\Extensions\Microsoft.VisualStudio.TestPlatform.Extensions.Html.TestLogger.dll
C:\Program Files\dotnet\sdk\5.0.408\Extensions\Microsoft.VisualStudio.TestPlatform.Extensions.Trx.TestLogger.dll
TpTrace Information: 0 : 5816, 1, 2022/06/23, 18:34:49.900, 11484902487121, vstest.console.dll, AssemblyResolver.AddSearchDirectories: Adding more searchDirectories C:\Program Files\dotnet\sdk\5.0.408\Extensions,C:\Program Files\dotnet\sdk\5.0.408
TpTrace Information: 0 : 5816, 1, 2022/06/23, 18:34:49.900, 11484902487750, vstest.console.dll, AssemblyResolver.AddSearchDirectories: Adding more searchDirectories C:\Program Files\dotnet\sdk\5.0.408\Extensions,C:\Program Files\dotnet\sdk\5.0.408
TpTrace Information: 0 : 5816, 1, 2022/06/23, 18:34:49.900, 11484902488237, vstest.console.dll, AssemblyResolver.AddSearchDirectories: Adding more searchDirectories C:\Program Files\dotnet\sdk\5.0.408\Extensions,C:\Program Files\dotnet\sdk\5.0.408
TpTrace Information: 0 : 5816, 1, 2022/06/23, 18:34:49.900, 11484902488638, vstest.console.dll, AssemblyResolver.AddSearchDirectories: Adding more searchDirectories C:\Program Files\dotnet\sdk\5.0.408\Extensions,C:\Program Files\dotnet\sdk\5.0.408
TpTrace Information: 0 : 5816, 1, 2022/06/23, 18:34:49.900, 11484902488958, vstest.console.dll, AssemblyResolver.AddSearchDirectories: Adding more searchDirectories C:\Program Files\dotnet\sdk\5.0.408\Extensions,C:\Program Files\dotnet\sdk\5.0.408
TpTrace Information: 0 : 5816, 1, 2022/06/23, 18:34:49.900, 11484902489261, vstest.console.dll, AssemblyResolver.AddSearchDirectories: Adding more searchDirectories C:\Program Files\dotnet\sdk\5.0.408\Extensions,C:\Program Files\dotnet\sdk\5.0.408
TpTrace Information: 0 : 5816, 1, 2022/06/23, 18:34:49.901, 11484902492573, vstest.console.dll, AssemblyResolver.OnResolve: Microsoft.Diagnostics.NETCore.Client: Resolving assembly.
TpTrace Information: 0 : 5816, 1, 2022/06/23, 18:34:49.901, 11484902493166, vstest.console.dll, AssemblyResolver.OnResolve: Microsoft.Diagnostics.NETCore.Client: Searching in: 'C:\Program Files\dotnet\sdk\5.0.408\Extensions'.
TpTrace Information: 0 : 5816, 1, 2022/06/23, 18:34:49.901, 11484902498581, vstest.console.dll, AssemblyResolver.OnResolve: Microsoft.Diagnostics.NETCore.Client: Loading assembly 'C:\Program Files\dotnet\sdk\5.0.408\Extensions\Microsoft.Diagnostics.NETCore.Client.dll'.
TpTrace Information: 0 : 5816, 1, 2022/06/23, 18:34:49.902, 11484902507176, vstest.console.dll, AssemblyResolver.OnResolve: Resolved assembly: Microsoft.Diagnostics.NETCore.Client, from path: C:\Program Files\dotnet\sdk\5.0.408\Extensions\Microsoft.Diagnostics.NETCore.Client.dll
TpTrace Information: 0 : 5816, 1, 2022/06/23, 18:34:49.905, 11484902540444, vstest.console.dll, AssemblyResolver.OnResolve: Microsoft.Bcl.AsyncInterfaces: Resolving assembly.
TpTrace Information: 0 : 5816, 1, 2022/06/23, 18:34:49.905, 11484902541373, vstest.console.dll, AssemblyResolver.OnResolve: Microsoft.Bcl.AsyncInterfaces: Searching in: 'C:\Program Files\dotnet\sdk\5.0.408\Extensions'.
TpTrace Information: 0 : 5816, 1, 2022/06/23, 18:34:49.906, 11484902542357, vstest.console.dll, AssemblyResolver.OnResolve: Microsoft.Bcl.AsyncInterfaces: Assembly path does not exist: 'C:\Program Files\dotnet\sdk\5.0.408\Extensions\Microsoft.Bcl.AsyncInterfaces.dll', returning.
TpTrace Information: 0 : 5816, 1, 2022/06/23, 18:34:49.906, 11484902543065, vstest.console.dll, AssemblyResolver.OnResolve: Microsoft.Bcl.AsyncInterfaces: Assembly path does not exist: 'C:\Program Files\dotnet\sdk\5.0.408\Extensions\Microsoft.Bcl.AsyncInterfaces.exe', returning.
TpTrace Information: 0 : 5816, 1, 2022/06/23, 18:34:49.906, 11484902543427, vstest.console.dll, AssemblyResolver.OnResolve: Microsoft.Bcl.AsyncInterfaces: Searching in: 'C:\Program Files\dotnet\sdk\5.0.408'.
TpTrace Information: 0 : 5816, 1, 2022/06/23, 18:34:49.906, 11484902544121, vstest.console.dll, AssemblyResolver.OnResolve: Microsoft.Bcl.AsyncInterfaces: Assembly path does not exist: 'C:\Program Files\dotnet\sdk\5.0.408\Microsoft.Bcl.AsyncInterfaces.dll', returning.
TpTrace Information: 0 : 5816, 1, 2022/06/23, 18:34:49.906, 11484902544849, vstest.console.dll, AssemblyResolver.OnResolve: Microsoft.Bcl.AsyncInterfaces: Assembly path does not exist: 'C:\Program Files\dotnet\sdk\5.0.408\Microsoft.Bcl.AsyncInterfaces.exe', returning.
TpTrace Information: 0 : 5816, 1, 2022/06/23, 18:34:49.906, 11484902545552, vstest.console.dll, AssemblyResolver.OnResolve: Microsoft.Bcl.AsyncInterfaces: Failed to load assembly.
TpTrace Verbose: 0 : 5816, 1, 2022/06/23, 18:34:49.906, 11484902546017, vstest.console.dll, CurrentDomainAssemblyResolve: Resolving assembly 'Microsoft.Bcl.AsyncInterfaces'.
TpTrace Information: 0 : 5816, 1, 2022/06/23, 18:34:49.906, 11484902546739, vstest.console.dll, AssemblyResolver.OnResolve: Microsoft.Bcl.AsyncInterfaces: Resolving assembly.
TpTrace Information: 0 : 5816, 1, 2022/06/23, 18:34:49.906, 11484902547152, vstest.console.dll, AssemblyResolver.OnResolve: Microsoft.Bcl.AsyncInterfaces: Resolved from cache.
TpTrace Verbose: 0 : 5816, 1, 2022/06/23, 18:34:49.906, 11484902547531, vstest.console.dll, CurrentDomainAssemblyResolve: Resolving assembly 'Microsoft.Bcl.AsyncInterfaces'.
TpTrace Verbose: 0 : 5816, 1, 2022/06/23, 18:34:49.906, 11484902547962, vstest.console.dll, CurrentDomainAssemblyResolve: Failed to resolve assembly 'Microsoft.Bcl.AsyncInterfaces'.
TpTrace Verbose: 0 : 5816, 1, 2022/06/23, 18:34:49.907, 11484902556660, vstest.console.dll, CurrentDomainAssemblyResolve: Failed to resolve assembly 'Microsoft.Bcl.AsyncInterfaces'.
TpTrace Warning: 0 : 5816, 1, 2022/06/23, 18:34:49.922, 11484902708435, vstest.console.dll, TestPluginDiscoverer: Failed to get types from assembly 'Microsoft.Diagnostics.NETCore.Client, Version=0.2.2.41902, Culture=neutral, PublicKeyToken=31bf3856ad364e35'.  Skipping test extension scan for this assembly.  Error: System.Reflection.ReflectionTypeLoadException: Unable to load one or more of the requested types.
Could not load file or assembly 'Microsoft.Bcl.AsyncInterfaces, Version=1.0.0.0, Culture=neutral, PublicKeyToken=cc7b13ffcd2ddd51'. El sistema no puede encontrar el archivo especificado.
   at System.Reflection.RuntimeModule.GetTypes(RuntimeModule module)
   at System.Reflection.RuntimeModule.GetTypes()
   at System.Reflection.Assembly.GetTypes()
   at Microsoft.VisualStudio.TestPlatform.Common.ExtensionFramework.TestPluginDiscoverer.GetTestExtensionsFromAssembly[TPluginInfo,TExtension](Assembly assembly, Dictionary`2 pluginInfos)
System.IO.FileNotFoundException: Could not load file or assembly 'Microsoft.Bcl.AsyncInterfaces, Version=1.0.0.0, Culture=neutral, PublicKeyToken=cc7b13ffcd2ddd51'. El sistema no puede encontrar el archivo especificado.
File name: 'Microsoft.Bcl.AsyncInterfaces, Version=1.0.0.0, Culture=neutral, PublicKeyToken=cc7b13ffcd2ddd51'
TpTrace Warning: 0 : 5816, 1, 2022/06/23, 18:34:49.922, 11484902709618, vstest.console.dll, LoaderExceptions: System.IO.FileNotFoundException: Could not load file or assembly 'Microsoft.Bcl.AsyncInterfaces, Version=1.0.0.0, Culture=neutral, PublicKeyToken=cc7b13ffcd2ddd51'. El sistema no puede encontrar el archivo especificado.
File name: 'Microsoft.Bcl.AsyncInterfaces, Version=1.0.0.0, Culture=neutral, PublicKeyToken=cc7b13ffcd2ddd51'
TpTrace Information: 0 : 5816, 1, 2022/06/23, 18:34:49.922, 11484902710776, vstest.console.dll, AssemblyResolver.OnResolve: Microsoft.TestPlatform.Extensions.BlameDataCollector: Resolving assembly.
TpTrace Information: 0 : 5816, 1, 2022/06/23, 18:34:49.922, 11484902711212, vstest.console.dll, AssemblyResolver.OnResolve: Microsoft.TestPlatform.Extensions.BlameDataCollector: Searching in: 'C:\Program Files\dotnet\sdk\5.0.408\Extensions'.
TpTrace Information: 0 : 5816, 1, 2022/06/23, 18:34:49.923, 11484902716128, vstest.console.dll, AssemblyResolver.OnResolve: Microsoft.TestPlatform.Extensions.BlameDataCollector: Loading assembly 'C:\Program Files\dotnet\sdk\5.0.408\Extensions\Microsoft.TestPlatform.Extensions.BlameDataCollector.dll'.
TpTrace Information: 0 : 5816, 1, 2022/06/23, 18:34:49.924, 11484902725474, vstest.console.dll, AssemblyResolver.OnResolve: Resolved assembly: Microsoft.TestPlatform.Extensions.BlameDataCollector, from path: C:\Program Files\dotnet\sdk\5.0.408\Extensions\Microsoft.TestPlatform.Extensions.BlameDataCollector.dll
TpTrace Information: 0 : 5816, 1, 2022/06/23, 18:34:49.924, 11484902731919, vstest.console.dll, AssemblyResolver.OnResolve: Microsoft.TestPlatform.Extensions.EventLogCollector: Resolving assembly.
TpTrace Information: 0 : 5816, 1, 2022/06/23, 18:34:49.925, 11484902732654, vstest.console.dll, AssemblyResolver.OnResolve: Microsoft.TestPlatform.Extensions.EventLogCollector: Searching in: 'C:\Program Files\dotnet\sdk\5.0.408\Extensions'.
TpTrace Information: 0 : 5816, 1, 2022/06/23, 18:34:49.925, 11484902738210, vstest.console.dll, AssemblyResolver.OnResolve: Microsoft.TestPlatform.Extensions.EventLogCollector: Loading assembly 'C:\Program Files\dotnet\sdk\5.0.408\Extensions\Microsoft.TestPlatform.Extensions.EventLogCollector.dll'.
TpTrace Information: 0 : 5816, 1, 2022/06/23, 18:34:49.928, 11484902764599, vstest.console.dll, AssemblyResolver.OnResolve: Resolved assembly: Microsoft.TestPlatform.Extensions.EventLogCollector, from path: C:\Program Files\dotnet\sdk\5.0.408\Extensions\Microsoft.TestPlatform.Extensions.EventLogCollector.dll
TpTrace Information: 0 : 5816, 1, 2022/06/23, 18:34:49.930, 11484902782934, vstest.console.dll, AssemblyResolver.OnResolve: Microsoft.TestPlatform.TestHostRuntimeProvider: Resolving assembly.
TpTrace Information: 0 : 5816, 1, 2022/06/23, 18:34:49.930, 11484902783818, vstest.console.dll, AssemblyResolver.OnResolve: Microsoft.TestPlatform.TestHostRuntimeProvider: Searching in: 'C:\Program Files\dotnet\sdk\5.0.408\Extensions'.
TpTrace Information: 0 : 5816, 1, 2022/06/23, 18:34:49.930, 11484902788208, vstest.console.dll, AssemblyResolver.OnResolve: Microsoft.TestPlatform.TestHostRuntimeProvider: Loading assembly 'C:\Program Files\dotnet\sdk\5.0.408\Extensions\Microsoft.TestPlatform.TestHostRuntimeProvider.dll'.
TpTrace Information: 0 : 5816, 1, 2022/06/23, 18:34:49.931, 11484902796145, vstest.console.dll, AssemblyResolver.OnResolve: Resolved assembly: Microsoft.TestPlatform.TestHostRuntimeProvider, from path: C:\Program Files\dotnet\sdk\5.0.408\Extensions\Microsoft.TestPlatform.TestHostRuntimeProvider.dll
TpTrace Information: 0 : 5816, 1, 2022/06/23, 18:34:49.932, 11484902807362, vstest.console.dll, AssemblyResolver.OnResolve: Microsoft.VisualStudio.TestPlatform.Extensions.Html.TestLogger: Resolving assembly.
TpTrace Information: 0 : 5816, 1, 2022/06/23, 18:34:49.932, 11484902808215, vstest.console.dll, AssemblyResolver.OnResolve: Microsoft.VisualStudio.TestPlatform.Extensions.Html.TestLogger: Searching in: 'C:\Program Files\dotnet\sdk\5.0.408\Extensions'.
TpTrace Information: 0 : 5816, 1, 2022/06/23, 18:34:49.933, 11484902813707, vstest.console.dll, AssemblyResolver.OnResolve: Microsoft.VisualStudio.TestPlatform.Extensions.Html.TestLogger: Loading assembly 'C:\Program Files\dotnet\sdk\5.0.408\Extensions\Microsoft.VisualStudio.TestPlatform.Extensions.Html.TestLogger.dll'.
TpTrace Information: 0 : 5816, 1, 2022/06/23, 18:34:49.934, 11484902822639, vstest.console.dll, AssemblyResolver.OnResolve: Resolved assembly: Microsoft.VisualStudio.TestPlatform.Extensions.Html.TestLogger, from path: C:\Program Files\dotnet\sdk\5.0.408\Extensions\Microsoft.VisualStudio.TestPlatform.Extensions.Html.TestLogger.dll
TpTrace Information: 0 : 5816, 1, 2022/06/23, 18:34:49.934, 11484902826464, vstest.console.dll, AssemblyResolver.OnResolve: Microsoft.VisualStudio.TestPlatform.Extensions.Trx.TestLogger: Resolving assembly.
TpTrace Information: 0 : 5816, 1, 2022/06/23, 18:34:49.934, 11484902827157, vstest.console.dll, AssemblyResolver.OnResolve: Microsoft.VisualStudio.TestPlatform.Extensions.Trx.TestLogger: Searching in: 'C:\Program Files\dotnet\sdk\5.0.408\Extensions'.
TpTrace Information: 0 : 5816, 1, 2022/06/23, 18:34:49.934, 11484902831724, vstest.console.dll, AssemblyResolver.OnResolve: Microsoft.VisualStudio.TestPlatform.Extensions.Trx.TestLogger: Loading assembly 'C:\Program Files\dotnet\sdk\5.0.408\Extensions\Microsoft.VisualStudio.TestPlatform.Extensions.Trx.TestLogger.dll'.
TpTrace Information: 0 : 5816, 1, 2022/06/23, 18:34:49.935, 11484902840491, vstest.console.dll, AssemblyResolver.OnResolve: Resolved assembly: Microsoft.VisualStudio.TestPlatform.Extensions.Trx.TestLogger, from path: C:\Program Files\dotnet\sdk\5.0.408\Extensions\Microsoft.VisualStudio.TestPlatform.Extensions.Trx.TestLogger.dll
TpTrace Verbose: 0 : 5816, 1, 2022/06/23, 18:34:49.936, 11484902846121, vstest.console.dll, TestPluginCache: Discovered the extensions using extension path ''.
TpTrace Verbose: 0 : 5816, 1, 2022/06/23, 18:34:49.936, 11484902846739, vstest.console.dll, TestPluginCache: Discoverers are ''.
TpTrace Verbose: 0 : 5816, 1, 2022/06/23, 18:34:49.936, 11484902847072, vstest.console.dll, TestPluginCache: Executors are ''.
TpTrace Verbose: 0 : 5816, 1, 2022/06/23, 18:34:49.936, 11484902847340, vstest.console.dll, TestPluginCache: Executors2 are ''.
TpTrace Verbose: 0 : 5816, 1, 2022/06/23, 18:34:49.936, 11484902847604, vstest.console.dll, TestPluginCache: Setting providers are ''.
TpTrace Verbose: 0 : 5816, 1, 2022/06/23, 18:34:49.936, 11484902847862, vstest.console.dll, TestPluginCache: Loggers are ''.
TpTrace Information: 0 : 5816, 1, 2022/06/23, 18:34:49.941, 11484902893501, vstest.console.dll, RunTestsArgumentProcessor:Execute: Test run is starting.
TpTrace Verbose: 0 : 5816, 1, 2022/06/23, 18:34:49.941, 11484902894398, vstest.console.dll, RunTestsArgumentProcessor:Execute: Queuing Test run.
TpTrace Information: 0 : 5816, 1, 2022/06/23, 18:34:49.941, 11484902896253, vstest.console.dll, TestRequestManager.RunTests: run tests started.
TpTrace Information: 0 : 5816, 1, 2022/06/23, 18:34:49.945, 11484902936526, vstest.console.dll, AssemblyMetadataProvider.GetFrameWork: Determined framework:'.NETCoreApp,Version=v5.0' for source: 'C:\Users\Rolf\source\repos\DooFast\TestDooFast\bin\Debug\net5.0\fine-code-coverage\build-output\TestDooFast.dll'
TpTrace Information: 0 : 5816, 1, 2022/06/23, 18:34:49.945, 11484902938412, vstest.console.dll, Determined framework for all sources: .NETCoreApp,Version=v5.0
TpTrace Information: 0 : 5816, 1, 2022/06/23, 18:34:49.946, 11484902942364, vstest.console.dll, AssemblyMetadataProvider.GetArchitecture: Determined architecture:AnyCPU info for assembly: C:\Users\Rolf\source\repos\DooFast\TestDooFast\bin\Debug\net5.0\fine-code-coverage\build-output\TestDooFast.dll
TpTrace Information: 0 : 5816, 1, 2022/06/23, 18:34:49.947, 11484902960008, vstest.console.dll, Determined platform for all sources: X64
TpTrace Information: 0 : 5816, 1, 2022/06/23, 18:34:49.950, 11484902984507, vstest.console.dll, Compatible sources list : 
TpTrace Information: 0 : 5816, 1, 2022/06/23, 18:34:49.950, 11484902985397, vstest.console.dll, C:\Users\Rolf\source\repos\DooFast\TestDooFast\bin\Debug\net5.0\fine-code-coverage\build-output\TestDooFast.dll
TpTrace Information: 0 : 5816, 1, 2022/06/23, 18:34:49.952, 11484903003516, vstest.console.dll, InferRunSettingsHelper.IsTestSettingsEnabled: Unable to navigate to RunSettings/MSTest. Current node: RunSettings
TpTrace Information: 0 : 5816, 1, 2022/06/23, 18:34:49.952, 11484903009431, vstest.console.dll, AssemblyResolver.OnResolve: Microsoft.VisualStudio.TestPlatform.Fakes: Resolving assembly.
TpTrace Information: 0 : 5816, 1, 2022/06/23, 18:34:49.952, 11484903010080, vstest.console.dll, AssemblyResolver.OnResolve: Microsoft.VisualStudio.TestPlatform.Fakes: Searching in: 'C:\Program Files\dotnet\sdk\5.0.408\Extensions'.
TpTrace Information: 0 : 5816, 1, 2022/06/23, 18:34:49.952, 11484903011247, vstest.console.dll, AssemblyResolver.OnResolve: Microsoft.VisualStudio.TestPlatform.Fakes: Assembly path does not exist: 'C:\Program Files\dotnet\sdk\5.0.408\Extensions\Microsoft.VisualStudio.TestPlatform.Fakes.dll', returning.
TpTrace Information: 0 : 5816, 1, 2022/06/23, 18:34:49.952, 11484903012087, vstest.console.dll, AssemblyResolver.OnResolve: Microsoft.VisualStudio.TestPlatform.Fakes: Assembly path does not exist: 'C:\Program Files\dotnet\sdk\5.0.408\Extensions\Microsoft.VisualStudio.TestPlatform.Fakes.exe', returning.
TpTrace Information: 0 : 5816, 1, 2022/06/23, 18:34:49.953, 11484903012435, vstest.console.dll, AssemblyResolver.OnResolve: Microsoft.VisualStudio.TestPlatform.Fakes: Searching in: 'C:\Program Files\dotnet\sdk\5.0.408'.
TpTrace Information: 0 : 5816, 1, 2022/06/23, 18:34:49.953, 11484903013182, vstest.console.dll, AssemblyResolver.OnResolve: Microsoft.VisualStudio.TestPlatform.Fakes: Assembly path does not exist: 'C:\Program Files\dotnet\sdk\5.0.408\Microsoft.VisualStudio.TestPlatform.Fakes.dll', returning.
TpTrace Information: 0 : 5816, 1, 2022/06/23, 18:34:49.953, 11484903013956, vstest.console.dll, AssemblyResolver.OnResolve: Microsoft.VisualStudio.TestPlatform.Fakes: Assembly path does not exist: 'C:\Program Files\dotnet\sdk\5.0.408\Microsoft.VisualStudio.TestPlatform.Fakes.exe', returning.
TpTrace Information: 0 : 5816, 1, 2022/06/23, 18:34:49.953, 11484903014304, vstest.console.dll, AssemblyResolver.OnResolve: Microsoft.VisualStudio.TestPlatform.Fakes: Failed to load assembly.
TpTrace Information: 0 : 5816, 1, 2022/06/23, 18:34:49.953, 11484903017724, vstest.console.dll, Failed to create newly implemented Fakes Configurator. Reason:System.IO.FileNotFoundException: Could not load file or assembly 'Microsoft.VisualStudio.TestPlatform.Fakes, Version=16.0.0.0, Culture=neutral, PublicKeyToken=null'. El sistema no puede encontrar el archivo especificado.
File name: 'Microsoft.VisualStudio.TestPlatform.Fakes, Version=16.0.0.0, Culture=neutral, PublicKeyToken=null'
   at System.Reflection.RuntimeAssembly.InternalLoad(ObjectHandleOnStack assemblyName, ObjectHandleOnStack requestingAssembly, StackCrawlMarkHandle stackMark, Boolean throwOnFileNotFound, ObjectHandleOnStack assemblyLoadContext, ObjectHandleOnStack retAssembly)
   at System.Reflection.RuntimeAssembly.InternalLoad(AssemblyName assemblyName, RuntimeAssembly requestingAssembly, StackCrawlMark& stackMark, Boolean throwOnFileNotFound, AssemblyLoadContext assemblyLoadContext)
   at System.Reflection.Assembly.Load(AssemblyName assemblyRef)
   at Microsoft.VisualStudio.TestPlatform.Common.Utilities.FakesUtilities.TryGetFakesCrossPlatformDataCollectorConfigurator() 
TpTrace Verbose: 0 : 5816, 1, 2022/06/23, 18:34:49.956, 11484903050181, vstest.console.dll, TestPluginCache.DiscoverTestExtensions: finding test extensions in assemblies ends with: TestLogger.dll TPluginInfo: Microsoft.VisualStudio.TestPlatform.Common.ExtensionFramework.Utilities.TestLoggerPluginInformation TExtension: Microsoft.VisualStudio.TestPlatform.ObjectModel.Client.ITestLogger
TpTrace Verbose: 0 : 5816, 1, 2022/06/23, 18:34:49.956, 11484903051143, vstest.console.dll, TestPluginCache.GetExtensionPaths: Filtered extension paths: 
TpTrace Verbose: 0 : 5816, 1, 2022/06/23, 18:34:49.956, 11484903051524, vstest.console.dll, TestPluginCache.GetExtensionPaths: Added default extension paths: C:\Program Files\dotnet\sdk\5.0.408\Extensions\Microsoft.Diagnostics.NETCore.Client.dll
C:\Program Files\dotnet\sdk\5.0.408\Extensions\Microsoft.TestPlatform.Extensions.BlameDataCollector.dll
C:\Program Files\dotnet\sdk\5.0.408\Extensions\Microsoft.TestPlatform.Extensions.EventLogCollector.dll
C:\Program Files\dotnet\sdk\5.0.408\Extensions\Microsoft.TestPlatform.TestHostRuntimeProvider.dll
C:\Program Files\dotnet\sdk\5.0.408\Extensions\Microsoft.VisualStudio.TestPlatform.Extensions.Html.TestLogger.dll
C:\Program Files\dotnet\sdk\5.0.408\Extensions\Microsoft.VisualStudio.TestPlatform.Extensions.Trx.TestLogger.dll
TpTrace Verbose: 0 : 5816, 1, 2022/06/23, 18:34:49.956, 11484903051900, vstest.console.dll, TestPluginCache.GetExtensionPaths: Added unfilterableExtensionPaths: 
TpTrace Information: 0 : 5816, 1, 2022/06/23, 18:34:49.957, 11484903053476, vstest.console.dll, AssemblyResolver.AddSearchDirectories: Adding more searchDirectories C:\Program Files\dotnet\sdk\5.0.408\Extensions,C:\Program Files\dotnet\sdk\5.0.408
TpTrace Verbose: 0 : 5816, 1, 2022/06/23, 18:34:49.957, 11484903053948, vstest.console.dll, TestPluginCache.DiscoverTestExtensions: Discovering the extensions using extension path.
TpTrace Verbose: 0 : 5816, 1, 2022/06/23, 18:34:49.957, 11484903054261, vstest.console.dll, TestPluginCache.GetExtensionPaths: Filtered extension paths: 
TpTrace Verbose: 0 : 5816, 1, 2022/06/23, 18:34:49.957, 11484903055539, vstest.console.dll, TestPluginCache.GetExtensionPaths: Added default extension paths: C:\Program Files\dotnet\sdk\5.0.408\Extensions\Microsoft.Diagnostics.NETCore.Client.dll
C:\Program Files\dotnet\sdk\5.0.408\Extensions\Microsoft.TestPlatform.Extensions.BlameDataCollector.dll
C:\Program Files\dotnet\sdk\5.0.408\Extensions\Microsoft.TestPlatform.Extensions.EventLogCollector.dll
C:\Program Files\dotnet\sdk\5.0.408\Extensions\Microsoft.TestPlatform.TestHostRuntimeProvider.dll
C:\Program Files\dotnet\sdk\5.0.408\Extensions\Microsoft.VisualStudio.TestPlatform.Extensions.Html.TestLogger.dll
C:\Program Files\dotnet\sdk\5.0.408\Extensions\Microsoft.VisualStudio.TestPlatform.Extensions.Trx.TestLogger.dll
TpTrace Verbose: 0 : 5816, 1, 2022/06/23, 18:34:49.957, 11484903055946, vstest.console.dll, TestPluginCache.GetExtensionPaths: Added unfilterableExtensionPaths: 
TpTrace Verbose: 0 : 5816, 1, 2022/06/23, 18:34:49.957, 11484903056347, vstest.console.dll, TestPluginCache.DiscoverTestExtensions: Discovering the extensions using allExtensionPaths: C:\Program Files\dotnet\sdk\5.0.408\Extensions\Microsoft.Diagnostics.NETCore.Client.dll
C:\Program Files\dotnet\sdk\5.0.408\Extensions\Microsoft.TestPlatform.Extensions.BlameDataCollector.dll
C:\Program Files\dotnet\sdk\5.0.408\Extensions\Microsoft.TestPlatform.Extensions.EventLogCollector.dll
C:\Program Files\dotnet\sdk\5.0.408\Extensions\Microsoft.TestPlatform.TestHostRuntimeProvider.dll
C:\Program Files\dotnet\sdk\5.0.408\Extensions\Microsoft.VisualStudio.TestPlatform.Extensions.Html.TestLogger.dll
C:\Program Files\dotnet\sdk\5.0.408\Extensions\Microsoft.VisualStudio.TestPlatform.Extensions.Trx.TestLogger.dll
TpTrace Information: 0 : 5816, 1, 2022/06/23, 18:34:49.957, 11484903057536, vstest.console.dll, AssemblyResolver.AddSearchDirectories: Adding more searchDirectories C:\Program Files\dotnet\sdk\5.0.408\Extensions,C:\Program Files\dotnet\sdk\5.0.408
TpTrace Information: 0 : 5816, 1, 2022/06/23, 18:34:49.957, 11484903060629, vstest.console.dll, AssemblyResolver.AddSearchDirectories: Adding more searchDirectories C:\Program Files\dotnet\sdk\5.0.408\Extensions,C:\Program Files\dotnet\sdk\5.0.408
TpTrace Information: 0 : 5816, 1, 2022/06/23, 18:34:49.957, 11484903061145, vstest.console.dll, AssemblyResolver.AddSearchDirectories: Adding more searchDirectories C:\Program Files\dotnet\sdk\5.0.408\Extensions,C:\Program Files\dotnet\sdk\5.0.408
TpTrace Information: 0 : 5816, 1, 2022/06/23, 18:34:49.957, 11484903061492, vstest.console.dll, AssemblyResolver.AddSearchDirectories: Adding more searchDirectories C:\Program Files\dotnet\sdk\5.0.408\Extensions,C:\Program Files\dotnet\sdk\5.0.408
TpTrace Information: 0 : 5816, 1, 2022/06/23, 18:34:49.957, 11484903062006, vstest.console.dll, AssemblyResolver.AddSearchDirectories: Adding more searchDirectories C:\Program Files\dotnet\sdk\5.0.408\Extensions,C:\Program Files\dotnet\sdk\5.0.408
TpTrace Information: 0 : 5816, 1, 2022/06/23, 18:34:49.958, 11484903062329, vstest.console.dll, AssemblyResolver.AddSearchDirectories: Adding more searchDirectories C:\Program Files\dotnet\sdk\5.0.408\Extensions,C:\Program Files\dotnet\sdk\5.0.408
TpTrace Information: 0 : 5816, 1, 2022/06/23, 18:34:49.958, 11484903065127, vstest.console.dll, AssemblyResolver.OnResolve: Microsoft.Bcl.AsyncInterfaces: Resolving assembly.
TpTrace Information: 0 : 5816, 1, 2022/06/23, 18:34:49.958, 11484903065696, vstest.console.dll, AssemblyResolver.OnResolve: Microsoft.Bcl.AsyncInterfaces: Resolved from cache.
TpTrace Verbose: 0 : 5816, 1, 2022/06/23, 18:34:49.958, 11484903066069, vstest.console.dll, CurrentDomainAssemblyResolve: Resolving assembly 'Microsoft.Bcl.AsyncInterfaces'.
TpTrace Information: 0 : 5816, 1, 2022/06/23, 18:34:49.958, 11484903066671, vstest.console.dll, AssemblyResolver.OnResolve: Microsoft.Bcl.AsyncInterfaces: Resolving assembly.
TpTrace Information: 0 : 5816, 1, 2022/06/23, 18:34:49.958, 11484903067003, vstest.console.dll, AssemblyResolver.OnResolve: Microsoft.Bcl.AsyncInterfaces: Resolved from cache.
TpTrace Verbose: 0 : 5816, 1, 2022/06/23, 18:34:49.958, 11484903067362, vstest.console.dll, CurrentDomainAssemblyResolve: Resolving assembly 'Microsoft.Bcl.AsyncInterfaces'.
TpTrace Verbose: 0 : 5816, 1, 2022/06/23, 18:34:49.958, 11484903067682, vstest.console.dll, CurrentDomainAssemblyResolve: Failed to resolve assembly 'Microsoft.Bcl.AsyncInterfaces'.
TpTrace Verbose: 0 : 5816, 1, 2022/06/23, 18:34:49.958, 11484903069191, vstest.console.dll, CurrentDomainAssemblyResolve: Failed to resolve assembly 'Microsoft.Bcl.AsyncInterfaces'.
TpTrace Warning: 0 : 5816, 1, 2022/06/23, 18:34:49.958, 11484903071846, vstest.console.dll, TestPluginDiscoverer: Failed to get types from assembly 'Microsoft.Diagnostics.NETCore.Client, Version=0.2.2.41902, Culture=neutral, PublicKeyToken=31bf3856ad364e35'.  Skipping test extension scan for this assembly.  Error: System.Reflection.ReflectionTypeLoadException: Unable to load one or more of the requested types.
Could not load file or assembly 'Microsoft.Bcl.AsyncInterfaces, Version=1.0.0.0, Culture=neutral, PublicKeyToken=cc7b13ffcd2ddd51'. El sistema no puede encontrar el archivo especificado.
   at System.Reflection.RuntimeModule.GetTypes(RuntimeModule module)
   at System.Reflection.RuntimeModule.GetTypes()
   at System.Reflection.Assembly.GetTypes()
   at Microsoft.VisualStudio.TestPlatform.Common.ExtensionFramework.TestPluginDiscoverer.GetTestExtensionsFromAssembly[TPluginInfo,TExtension](Assembly assembly, Dictionary`2 pluginInfos)
System.IO.FileNotFoundException: Could not load file or assembly 'Microsoft.Bcl.AsyncInterfaces, Version=1.0.0.0, Culture=neutral, PublicKeyToken=cc7b13ffcd2ddd51'. El sistema no puede encontrar el archivo especificado.
File name: 'Microsoft.Bcl.AsyncInterfaces, Version=1.0.0.0, Culture=neutral, PublicKeyToken=cc7b13ffcd2ddd51'
TpTrace Warning: 0 : 5816, 1, 2022/06/23, 18:34:49.959, 11484903072373, vstest.console.dll, LoaderExceptions: System.IO.FileNotFoundException: Could not load file or assembly 'Microsoft.Bcl.AsyncInterfaces, Version=1.0.0.0, Culture=neutral, PublicKeyToken=cc7b13ffcd2ddd51'. El sistema no puede encontrar el archivo especificado.
File name: 'Microsoft.Bcl.AsyncInterfaces, Version=1.0.0.0, Culture=neutral, PublicKeyToken=cc7b13ffcd2ddd51'
TpTrace Verbose: 0 : 5816, 1, 2022/06/23, 18:34:49.959, 11484903075892, vstest.console.dll, TestPluginCache: Discovered the extensions using extension path ''.
TpTrace Verbose: 0 : 5816, 1, 2022/06/23, 18:34:49.959, 11484903076339, vstest.console.dll, TestPluginCache: Discoverers are ''.
TpTrace Verbose: 0 : 5816, 1, 2022/06/23, 18:34:49.959, 11484903076625, vstest.console.dll, TestPluginCache: Executors are ''.
TpTrace Verbose: 0 : 5816, 1, 2022/06/23, 18:34:49.959, 11484903076937, vstest.console.dll, TestPluginCache: Executors2 are ''.
TpTrace Verbose: 0 : 5816, 1, 2022/06/23, 18:34:49.959, 11484903077201, vstest.console.dll, TestPluginCache: Setting providers are ''.
TpTrace Verbose: 0 : 5816, 1, 2022/06/23, 18:34:49.959, 11484903077869, vstest.console.dll, TestPluginCache: Loggers are 'logger://Microsoft/TestPlatform/Extensions/Blame/v1,logger://Microsoft/TestPlatform/HtmlLogger/v1,logger://Microsoft/TestPlatform/TrxLogger/v1'.
TpTrace Information: 0 : 5816, 1, 2022/06/23, 18:34:49.960, 11484903083822, vstest.console.dll, TestPluginManager.CreateTestExtension: Attempting to load test extension: Microsoft.TestPlatform.Extensions.BlameDataCollector.BlameLogger
TpTrace Information: 0 : 5816, 1, 2022/06/23, 18:34:49.968, 11484903163638, vstest.console.dll, TestPluginManager.CreateTestExtension: Attempting to load test extension: Microsoft.VisualStudio.TestPlatform.CrossPlatEngine.Hosting.DefaultTestHostManager
TpTrace Information: 0 : 5816, 1, 2022/06/23, 18:34:49.968, 11484903166475, vstest.console.dll, TestPluginManager.CreateTestExtension: Attempting to load test extension: Microsoft.VisualStudio.TestPlatform.CrossPlatEngine.Hosting.DotnetTestHostManager
TpTrace Verbose: 0 : 5816, 1, 2022/06/23, 18:34:49.968, 11484903171769, vstest.console.dll, TestEngine: Initializing Parallel Execution as MaxCpuCount is set to: 1
TpTrace Information: 0 : 5816, 1, 2022/06/23, 18:34:49.969, 11484903176315, vstest.console.dll, InferRunSettingsHelper.IsTestSettingsEnabled: Unable to navigate to RunSettings/MSTest. Current node: RunSettings
TpTrace Verbose: 0 : 5816, 1, 2022/06/23, 18:34:49.981, 11484903300362, vstest.console.dll, TestRequestSender is acting as server
TpTrace Verbose: 0 : 5816, 4, 2022/06/23, 18:34:49.984, 11484903331283, vstest.console.dll, DataCollectionRequestSender.InitializeCommunication : Initialize communication. 
TpTrace Information: 0 : 5816, 4, 2022/06/23, 18:34:49.998, 11484903462629, vstest.console.dll, Listening on Endpoint : 127.0.0.1:56525
TpTrace Verbose: 0 : 5816, 4, 2022/06/23, 18:34:50.008, 11484903566929, vstest.console.dll, DotnetDataCollectionLauncher: Full path of dotnet.exe is C:\Program Files\dotnet\dotnet.exe
TpTrace Verbose: 0 : 5816, 4, 2022/06/23, 18:34:50.008, 11484903568564, vstest.console.dll, DotnetDataCollectionLauncher: Adding  --runtimeconfig "C:\Program Files\dotnet\sdk\5.0.408\datacollector.runtimeconfig.json" in args
TpTrace Verbose: 0 : 5816, 4, 2022/06/23, 18:34:50.008, 11484903569499, vstest.console.dll, DotnetDataCollectionLauncher: Adding  --depsfile "C:\Program Files\dotnet\sdk\5.0.408\datacollector.deps.json" in args
TpTrace Information: 0 : 5816, 4, 2022/06/23, 18:34:50.017, 11484903661890, vstest.console.dll, ProxyDataCollectionManager.Initialize: Launched datacollector processId: 16512 port: 56525
TpTrace Information: 0 : 5816, 4, 2022/06/23, 18:34:50.018, 11484903663355, vstest.console.dll, ProxyDataCollectionManager.Initialize: waiting for connection with timeout: 90 seconds
TpTrace Verbose: 0 : 5816, 4, 2022/06/23, 18:34:50.018, 11484903663905, vstest.console.dll, DataCollectionRequestSender.WaitForRequestHandlerConnection : Waiting for connection with timeout: 90000
TpTrace Information: 0 : 5816, 7, 2022/06/23, 18:34:50.193, 11484905414470, vstest.console.dll, Using the buffer size of 16384 bytes
TpTrace Verbose: 0 : 5816, 4, 2022/06/23, 18:34:50.193, 11484905415060, vstest.console.dll, ProxyDataCollectionManager.InvokeDataCollectionServiceAction: Starting.
TpTrace Information: 0 : 5816, 7, 2022/06/23, 18:34:50.193, 11484905415423, vstest.console.dll, Accepted Client request and set the flag
TpTrace Information: 0 : 5816, 4, 2022/06/23, 18:34:50.193, 11484905416354, vstest.console.dll, ProxyDataCollectionManager.BeforeTestRunStart: Get environment variable and port for datacollector processId: 16512 port: 56525
TpTrace Verbose: 0 : 5816, 4, 2022/06/23, 18:34:50.193, 11484905417440, vstest.console.dll, DataCollectionRequestSender.SendBeforeTestRunStartAndGetResult : Send BeforeTestRunStart message with settingsXml <RunSettings><RunConfiguration><ResultsDirectory>C:\Users\Rolf\source\repos\DooFast\TestDooFast\bin\Debug\net5.0\fine-code-coverage\coverage-tool-output</ResultsDirectory><TargetPlatform>X64</TargetPlatform><TargetFrameworkVersion>.NETCoreApp,Version=v5.0</TargetFrameworkVersion><DesignMode>False</DesignMode><CollectSourceInformation>False</CollectSourceInformation><TestAdaptersPaths>C:\Program Files\dotnet\sdk\5.0.408\Extensions</TestAdaptersPaths></RunConfiguration><LoggerRunSettings><Loggers><Logger friendlyName="blame" enabled="True" /><Logger friendlyName="Console" uri="logger://microsoft/TestPlatform/ConsoleLogger/v1" assemblyQualifiedName="Microsoft.VisualStudio.TestPlatform.CommandLine.Internal.ConsoleLogger, vstest.console, Version=15.0.0.0, Culture=neutral, PublicKeyToken=b03f5f7f11d50a3a" codeBase="C:\Program Files\dotnet\sdk\5.0.408\vstest.console.dll" enabled="True" /></Loggers></LoggerRunSettings><DataCollectionRunSettings><DataCollectors><DataCollector friendlyName="blame" enabled="True"><Configuration><ResultsDirectory>C:\Users\Rolf\source\repos\DooFast\TestDooFast\bin\Debug\net5.0\fine-code-coverage\coverage-tool-output</ResultsDirectory></Configuration></DataCollector></DataCollectors></DataCollectionRunSettings></RunSettings> and sources System.Linq.Enumerable+Concat2Iterator`1[System.String]: 
TpTrace Verbose: 0 : 5816, 4, 2022/06/23, 18:34:50.315, 11484906640282, vstest.console.dll, DataCollectionRequestSender.SendBeforeTestRunStartAndGetResult : Received message: (DataCollection.SendMessage) -> {
  "FriendlyName": null,
  "Uri": null,
  "TestCaseId": "00000000-0000-0000-0000-000000000000",
  "Message": "Logging DataCollector Diagnostics in file: C:\\Users\\Rolf\\source\\repos\\DooFast\\TestDooFast\\bin\\Debug\\net5.0\\fine-code-coverage\\coverage-tool-output\\diagnostics.datacollector.22-06-23_18-34-50_00421_4.log",
  "Level": 0
}
TpTrace Information: 0 : 5816, 4, 2022/06/23, 18:34:50.321, 11484906697933, vstest.console.dll, AssemblyResolver.OnResolve: Microsoft.VisualStudio.TestPlatform.Common.resources: Resolving assembly.
TpTrace Information: 0 : 5816, 4, 2022/06/23, 18:34:50.321, 11484906698884, vstest.console.dll, AssemblyResolver.OnResolve: Microsoft.VisualStudio.TestPlatform.Common.resources: Searching in: 'C:\Program Files\dotnet\sdk\5.0.408\Extensions'.
TpTrace Information: 0 : 5816, 4, 2022/06/23, 18:34:50.321, 11484906699793, vstest.console.dll, AssemblyResolver.OnResolve: Microsoft.VisualStudio.TestPlatform.Common.resources: Assembly path does not exist: 'C:\Program Files\dotnet\sdk\5.0.408\Extensions\Microsoft.VisualStudio.TestPlatform.Common.resources.dll', returning.
TpTrace Information: 0 : 5816, 4, 2022/06/23, 18:34:50.321, 11484906700516, vstest.console.dll, AssemblyResolver.OnResolve: Microsoft.VisualStudio.TestPlatform.Common.resources: Assembly path does not exist: 'C:\Program Files\dotnet\sdk\5.0.408\Extensions\Microsoft.VisualStudio.TestPlatform.Common.resources.exe', returning.
TpTrace Information: 0 : 5816, 4, 2022/06/23, 18:34:50.321, 11484906700869, vstest.console.dll, AssemblyResolver.OnResolve: Microsoft.VisualStudio.TestPlatform.Common.resources: Searching in: 'C:\Program Files\dotnet\sdk\5.0.408'.
TpTrace Information: 0 : 5816, 4, 2022/06/23, 18:34:50.321, 11484906701585, vstest.console.dll, AssemblyResolver.OnResolve: Microsoft.VisualStudio.TestPlatform.Common.resources: Assembly path does not exist: 'C:\Program Files\dotnet\sdk\5.0.408\Microsoft.VisualStudio.TestPlatform.Common.resources.dll', returning.
TpTrace Information: 0 : 5816, 4, 2022/06/23, 18:34:50.322, 11484906702271, vstest.console.dll, AssemblyResolver.OnResolve: Microsoft.VisualStudio.TestPlatform.Common.resources: Assembly path does not exist: 'C:\Program Files\dotnet\sdk\5.0.408\Microsoft.VisualStudio.TestPlatform.Common.resources.exe', returning.
TpTrace Information: 0 : 5816, 4, 2022/06/23, 18:34:50.322, 11484906702606, vstest.console.dll, AssemblyResolver.OnResolve: Microsoft.VisualStudio.TestPlatform.Common.resources: Failed to load assembly.
TpTrace Verbose: 0 : 5816, 4, 2022/06/23, 18:34:50.430, 11484907789787, vstest.console.dll, DataCollectionRequestSender.SendBeforeTestRunStartAndGetResult : Received message: (DataCollection.BeforeTestRunStartResult) -> {
  "EnvironmentVariables": {},
  "DataCollectionEventsPort": 56527
}
TpTrace Information: 0 : 5816, 4, 2022/06/23, 18:34:50.435, 11484907839815, vstest.console.dll, ProxyDataCollectionManager.BeforeTestRunStart: SendBeforeTestRunStartAndGetResult successful, env variable from datacollector:   and testhost port: 56527
TpTrace Information: 0 : 5816, 4, 2022/06/23, 18:34:50.435, 11484907840781, vstest.console.dll, ProxyDataCollectionManager.InvokeDataCollectionServiceAction: Completed.
TpTrace Verbose: 0 : 5816, 1, 2022/06/23, 18:34:50.435, 11484907842102, vstest.console.dll, TestRunRequest.ExecuteAsync: Creating test run request.
TpTrace Verbose: 0 : 5816, 1, 2022/06/23, 18:34:50.436, 11484907844930, vstest.console.dll, TestRunRequest.ExecuteAsync: Starting.
TpTrace Information: 0 : 5816, 1, 2022/06/23, 18:34:50.436, 11484907847919, vstest.console.dll, TestRunRequest.ExecuteAsync: Starting run with settings:TestRunCriteria:
   KeepAlive=False,FrequencyOfRunStatsChangeEvent=10,RunStatsChangeEventTimeout=00:00:01.5000000,TestCaseFilter=,TestExecutorLauncher=
   Settingsxml=<RunSettings>
  <RunConfiguration>
    <ResultsDirectory>C:\Users\Rolf\source\repos\DooFast\TestDooFast\bin\Debug\net5.0\fine-code-coverage\coverage-tool-output</ResultsDirectory>
    <TargetPlatform>X64</TargetPlatform>
    <TargetFrameworkVersion>.NETCoreApp,Version=v5.0</TargetFrameworkVersion>
    <DesignMode>False</DesignMode>
    <CollectSourceInformation>False</CollectSourceInformation>
  </RunConfiguration>
  <LoggerRunSettings>
    <Loggers>
      <Logger friendlyName="blame" enabled="True" />
      <Logger friendlyName="Console" uri="logger://microsoft/TestPlatform/ConsoleLogger/v1" assemblyQualifiedName="Microsoft.VisualStudio.TestPlatform.CommandLine.Internal.ConsoleLogger, vstest.console, Version=15.0.0.0, Culture=neutral, PublicKeyToken=b03f5f7f11d50a3a" codeBase="C:\Program Files\dotnet\sdk\5.0.408\vstest.console.dll" enabled="True" />
    </Loggers>
  </LoggerRunSettings>
  <DataCollectionRunSettings>
    <DataCollectors>
      <DataCollector friendlyName="blame" enabled="True">
        <Configuration>
          <ResultsDirectory>C:\Users\Rolf\source\repos\DooFast\TestDooFast\bin\Debug\net5.0\fine-code-coverage\coverage-tool-output</ResultsDirectory>
        </Configuration>
      </DataCollector>
    </DataCollectors>
  </DataCollectionRunSettings>
</RunSettings>

TpTrace Verbose: 0 : 5816, 1, 2022/06/23, 18:34:50.436, 11484907849151, vstest.console.dll, TestRunRequest.ExecuteAsync: Wait for the first run request is over.
TpTrace Verbose: 0 : 5816, 1, 2022/06/23, 18:34:50.437, 11484907853271, vstest.console.dll, ParallelProxyExecutionManager: Start execution. Total sources: 1
TpTrace Information: 0 : 5816, 1, 2022/06/23, 18:34:50.437, 11484907861813, vstest.console.dll, ProxyParallelExecutionManager: Triggering test run for next source: C:\Users\Rolf\source\repos\DooFast\TestDooFast\bin\Debug\net5.0\fine-code-coverage\build-output\TestDooFast.dll
TpTrace Verbose: 0 : 5816, 1, 2022/06/23, 18:34:50.438, 11484907864419, vstest.console.dll, ProxyParallelExecutionManager: No sources available for execution.
TpTrace Verbose: 0 : 5816, 4, 2022/06/23, 18:34:50.438, 11484907864545, vstest.console.dll, ParallelProxyExecutionManager: Execution started. Started clients: 1
TpTrace Information: 0 : 5816, 1, 2022/06/23, 18:34:50.438, 11484907865032, vstest.console.dll, TestRunRequest.ExecuteAsync: Started.
TpTrace Verbose: 0 : 5816, 1, 2022/06/23, 18:34:50.438, 11484907867539, vstest.console.dll, TestRunRequest.WaitForCompletion: Waiting with timeout -1.
TpTrace Verbose: 0 : 5816, 4, 2022/06/23, 18:34:50.438, 11484907868121, vstest.console.dll, TestRunRequest:SendTestRunMessage: Starting.
TpTrace Information: 0 : 5816, 4, 2022/06/23, 18:34:50.438, 11484907869330, vstest.console.dll, TestRunRequest:SendTestRunMessage: Completed.
TpTrace Verbose: 0 : 5816, 4, 2022/06/23, 18:34:50.438, 11484907871454, vstest.console.dll, ProxyExecutionManager: Test host is always Lazy initialize.
TpTrace Verbose: 0 : 5816, 4, 2022/06/23, 18:34:50.439, 11484907873561, vstest.console.dll, TestRequestSender.InitializeCommunication: initialize communication. 
TpTrace Information: 0 : 5816, 4, 2022/06/23, 18:34:50.439, 11484907878112, vstest.console.dll, SocketServer.Start: Listening on endpoint : 127.0.0.1:56528
TpTrace Verbose: 0 : 5816, 4, 2022/06/23, 18:34:50.440, 11484907884605, vstest.console.dll, DotnetTestHostmanager: Adding  --runtimeconfig "C:\Users\Rolf\source\repos\DooFast\TestDooFast\bin\Debug\net5.0\fine-code-coverage\build-output\TestDooFast.runtimeconfig.json" in args
TpTrace Verbose: 0 : 5816, 4, 2022/06/23, 18:34:50.440, 11484907885625, vstest.console.dll, DotnetTestHostmanager: Adding  --depsfile "C:\Users\Rolf\source\repos\DooFast\TestDooFast\bin\Debug\net5.0\fine-code-coverage\build-output\TestDooFast.deps.json" in args
TpTrace Verbose: 0 : 5816, 4, 2022/06/23, 18:34:50.440, 11484907887614, vstest.console.dll, DotnetTestHostManager: Testhost.exe/testhost.x86.exe found at path: C:\Users\Rolf\source\repos\DooFast\TestDooFast\bin\Debug\net5.0\fine-code-coverage\build-output\testhost.exe
TpTrace Verbose: 0 : 5816, 4, 2022/06/23, 18:34:50.440, 11484907888136, vstest.console.dll, DotnetTestHostmanager: Full path of host exe is C:\Users\Rolf\source\repos\DooFast\TestDooFast\bin\Debug\net5.0\fine-code-coverage\build-output\testhost.exe
TpTrace Verbose: 0 : 5816, 10, 2022/06/23, 18:34:50.442, 11484907906202, vstest.console.dll, DotnetTestHostManager: Starting process 'C:\Users\Rolf\source\repos\DooFast\TestDooFast\bin\Debug\net5.0\fine-code-coverage\build-output\testhost.exe' with command line ' --runtimeconfig "C:\Users\Rolf\source\repos\DooFast\TestDooFast\bin\Debug\net5.0\fine-code-coverage\build-output\TestDooFast.runtimeconfig.json" --depsfile "C:\Users\Rolf\source\repos\DooFast\TestDooFast\bin\Debug\net5.0\fine-code-coverage\build-output\TestDooFast.deps.json" --port 56528 --endpoint 127.0.0.1:056528 --role client --parentprocessid 5816 --diag "C:\Users\Rolf\source\repos\DooFast\TestDooFast\bin\Debug\net5.0\fine-code-coverage\coverage-tool-output\diagnostics.host.22-06-23_18-34-50_43987_4.log" --tracelevel 4 --datacollectionport 56527 --telemetryoptedin false'
TpTrace Verbose: 0 : 5816, 10, 2022/06/23, 18:34:50.449, 11484907982278, vstest.console.dll, Test Runtime launched
TpTrace Verbose: 0 : 5816, 4, 2022/06/23, 18:34:50.450, 11484907988020, vstest.console.dll, TestRequestSender.WaitForRequestHandlerConnection: waiting for connection with timeout: 90000
TpTrace Verbose: 0 : 5816, 10, 2022/06/23, 18:34:50.732, 11484910807708, vstest.console.dll, SocketServer.OnClientConnected: Client connected for endPoint: 127.0.0.1:56528, starting MessageLoopAsync:
TpTrace Verbose: 0 : 5816, 10, 2022/06/23, 18:34:50.735, 11484910834166, vstest.console.dll, TcpClientExtensions.MessageLoopAsync: Polling on remoteEndPoint: 127.0.0.1:56530 localEndPoint: 127.0.0.1:56528
TpTrace Verbose: 0 : 5816, 10, 2022/06/23, 18:34:50.918, 11484912668538, vstest.console.dll, TcpClientExtensions.MessageLoopAsync: NotifyDataAvailable remoteEndPoint: 127.0.0.1:56530 localEndPoint: 127.0.0.1:56528
TpTrace Verbose: 0 : 5816, 10, 2022/06/23, 18:34:50.918, 11484912671057, vstest.console.dll, TestRequestSender.CheckVersionWithTestHost: onMessageReceived received message: (ProtocolVersion) -> 5
TpTrace Verbose: 0 : 5816, 10, 2022/06/23, 18:34:50.919, 11484912674630, vstest.console.dll, TcpClientExtensions.MessageLoopAsync: Polling on remoteEndPoint: 127.0.0.1:56530 localEndPoint: 127.0.0.1:56528
TpTrace Verbose: 0 : 5816, 4, 2022/06/23, 18:34:50.919, 11484912675463, vstest.console.dll, TestPluginCache.GetExtensionPaths: Filtered extension paths: 
TpTrace Verbose: 0 : 5816, 4, 2022/06/23, 18:34:50.919, 11484912676325, vstest.console.dll, TestPluginCache.GetExtensionPaths: Added default extension paths: C:\Program Files\dotnet\sdk\5.0.408\Extensions\Microsoft.Diagnostics.NETCore.Client.dll
C:\Program Files\dotnet\sdk\5.0.408\Extensions\Microsoft.TestPlatform.Extensions.BlameDataCollector.dll
C:\Program Files\dotnet\sdk\5.0.408\Extensions\Microsoft.TestPlatform.Extensions.EventLogCollector.dll
C:\Program Files\dotnet\sdk\5.0.408\Extensions\Microsoft.TestPlatform.TestHostRuntimeProvider.dll
C:\Program Files\dotnet\sdk\5.0.408\Extensions\Microsoft.VisualStudio.TestPlatform.Extensions.Html.TestLogger.dll
C:\Program Files\dotnet\sdk\5.0.408\Extensions\Microsoft.VisualStudio.TestPlatform.Extensions.Trx.TestLogger.dll
TpTrace Verbose: 0 : 5816, 4, 2022/06/23, 18:34:50.919, 11484912676859, vstest.console.dll, TestPluginCache.GetExtensionPaths: Added unfilterableExtensionPaths: 
TpTrace Verbose: 0 : 5816, 4, 2022/06/23, 18:34:50.923, 11484912714358, vstest.console.dll, TestRequestSender.InitializeExecution: Sending initializing execution with message: {"Version":5,"MessageType":"TestExecution.Initialize","Payload":["C:\\Users\\Rolf\\source\\repos\\DooFast\\TestDooFast\\bin\\Debug\\net5.0\\fine-code-coverage\\build-output\\xunit.runner.visualstudio.dotnetcore.testadapter.dll"]}
TpTrace Verbose: 0 : 5816, 4, 2022/06/23, 18:34:50.930, 11484912787292, vstest.console.dll, TestRequestSender.StartTestRun: Sending test run with message: {"Version":5,"MessageType":"TestExecution.StartWithSources","Payload":{"AdapterSourceMap":{"_none_":["C:\\Users\\Rolf\\source\\repos\\DooFast\\TestDooFast\\bin\\Debug\\net5.0\\fine-code-coverage\\build-output\\TestDooFast.dll"]},"RunSettings":"<RunSettings>\r\n  <RunConfiguration>\r\n    <ResultsDirectory>C:\\Users\\Rolf\\source\\repos\\DooFast\\TestDooFast\\bin\\Debug\\net5.0\\fine-code-coverage\\coverage-tool-output</ResultsDirectory>\r\n    <TargetPlatform>X64</TargetPlatform>\r\n    <TargetFrameworkVersion>.NETCoreApp,Version=v5.0</TargetFrameworkVersion>\r\n    <DesignMode>False</DesignMode>\r\n    <CollectSourceInformation>False</CollectSourceInformation>\r\n  </RunConfiguration>\r\n  <LoggerRunSettings>\r\n    <Loggers>\r\n      <Logger friendlyName=\"blame\" enabled=\"True\" />\r\n      <Logger friendlyName=\"Console\" uri=\"logger://microsoft/TestPlatform/ConsoleLogger/v1\" assemblyQualifiedName=\"Microsoft.VisualStudio.TestPlatform.CommandLine.Internal.ConsoleLogger, vstest.console, Version=15.0.0.0, Culture=neutral, PublicKeyToken=b03f5f7f11d50a3a\" codeBase=\"C:\\Program Files\\dotnet\\sdk\\5.0.408\\vstest.console.dll\" enabled=\"True\" />\r\n    </Loggers>\r\n  </LoggerRunSettings>\r\n  <DataCollectionRunSettings>\r\n    <DataCollectors>\r\n      <DataCollector friendlyName=\"blame\" enabled=\"True\">\r\n        <Configuration>\r\n          <ResultsDirectory>C:\\Users\\Rolf\\source\\repos\\DooFast\\TestDooFast\\bin\\Debug\\net5.0\\fine-code-coverage\\coverage-tool-output</ResultsDirectory>\r\n        </Configuration>\r\n      </DataCollector>\r\n    </DataCollectors>\r\n  </DataCollectionRunSettings>\r\n</RunSettings>","TestExecutionContext":{"FrequencyOfRunStatsChangeEvent":10,"RunStatsChangeEventTimeout":"00:00:01.5000000","InIsolation":false,"KeepAlive":false,"AreTestCaseLevelEventsRequired":false,"IsDebug":false,"TestCaseFilter":null,"FilterOptions":null},"Package":null}}
TpTrace Verbose: 0 : 5816, 10, 2022/06/23, 18:34:50.932, 11484912807112, vstest.console.dll, TcpClientExtensions.MessageLoopAsync: NotifyDataAvailable remoteEndPoint: 127.0.0.1:56530 localEndPoint: 127.0.0.1:56528
TpTrace Verbose: 0 : 5816, 10, 2022/06/23, 18:34:50.932, 11484912808752, vstest.console.dll, TestRequestSender.OnExecutionMessageReceived: Received message: {"Version":5,"MessageType":"TestSession.Message","Payload":{"MessageLevel":0,"Message":"Registrando diagnstico de TestHost en el archivo: C:\\Users\\Rolf\\source\\repos\\DooFast\\TestDooFast\\bin\\Debug\\net5.0\\fine-code-coverage\\coverage-tool-output\\diagnostics.host.22-06-23_18-34-50_43987_4.log"}}
TpTrace Verbose: 0 : 5816, 10, 2022/06/23, 18:34:50.934, 11484912831773, vstest.console.dll, TestRunRequest:SendTestRunMessage: Starting.
TpTrace Information: 0 : 5816, 10, 2022/06/23, 18:34:50.935, 11484912833132, vstest.console.dll, TestRunRequest:SendTestRunMessage: Completed.
TpTrace Verbose: 0 : 5816, 10, 2022/06/23, 18:34:50.935, 11484912833582, vstest.console.dll, TcpClientExtensions.MessageLoopAsync: Polling on remoteEndPoint: 127.0.0.1:56530 localEndPoint: 127.0.0.1:56528
TpTrace Verbose: 0 : 5816, 10, 2022/06/23, 18:34:51.088, 11484914371354, vstest.console.dll, TcpClientExtensions.MessageLoopAsync: NotifyDataAvailable remoteEndPoint: 127.0.0.1:56530 localEndPoint: 127.0.0.1:56528
TpTrace Verbose: 0 : 5816, 10, 2022/06/23, 18:34:51.089, 11484914372625, vstest.console.dll, TestRequestSender.OnExecutionMessageReceived: Received message: {"Version":5,"MessageType":"TestSession.Message","Payload":{"MessageLevel":0,"Message":"[xUnit.net 00:00:00.00] xUnit.net VSTest Adapter v2.4.3+1b45f5407b (64-bit .NET 5.0.17)"}}
TpTrace Verbose: 0 : 5816, 10, 2022/06/23, 18:34:51.089, 11484914374833, vstest.console.dll, TestRunRequest:SendTestRunMessage: Starting.
TpTrace Information: 0 : 5816, 10, 2022/06/23, 18:34:51.089, 11484914375500, vstest.console.dll, TestRunRequest:SendTestRunMessage: Completed.
TpTrace Verbose: 0 : 5816, 10, 2022/06/23, 18:34:51.089, 11484914375890, vstest.console.dll, TcpClientExtensions.MessageLoopAsync: Polling on remoteEndPoint: 127.0.0.1:56530 localEndPoint: 127.0.0.1:56528
TpTrace Verbose: 0 : 5816, 10, 2022/06/23, 18:34:51.656, 11484920046030, vstest.console.dll, TcpClientExtensions.MessageLoopAsync: NotifyDataAvailable remoteEndPoint: 127.0.0.1:56530 localEndPoint: 127.0.0.1:56528
TpTrace Verbose: 0 : 5816, 10, 2022/06/23, 18:34:51.656, 11484920047143, vstest.console.dll, TestRequestSender.OnExecutionMessageReceived: Received message: {"Version":5,"MessageType":"TestSession.Message","Payload":{"MessageLevel":0,"Message":"[xUnit.net 00:00:00.57]   Discovering: TestDooFast"}}
TpTrace Verbose: 0 : 5816, 10, 2022/06/23, 18:34:51.656, 11484920051958, vstest.console.dll, TestRunRequest:SendTestRunMessage: Starting.
TpTrace Information: 0 : 5816, 10, 2022/06/23, 18:34:51.657, 11484920053161, vstest.console.dll, TestRunRequest:SendTestRunMessage: Completed.
TpTrace Verbose: 0 : 5816, 10, 2022/06/23, 18:34:51.657, 11484920053785, vstest.console.dll, TcpClientExtensions.MessageLoopAsync: Polling on remoteEndPoint: 127.0.0.1:56530 localEndPoint: 127.0.0.1:56528
TpTrace Verbose: 0 : 5816, 10, 2022/06/23, 18:34:51.919, 11484922673994, vstest.console.dll, TcpClientExtensions.MessageLoopAsync: NotifyDataAvailable remoteEndPoint: 127.0.0.1:56530 localEndPoint: 127.0.0.1:56528
TpTrace Verbose: 0 : 5816, 10, 2022/06/23, 18:34:51.919, 11484922675283, vstest.console.dll, TestRequestSender.OnExecutionMessageReceived: Received message: {"Version":5,"MessageType":"TestSession.Message","Payload":{"MessageLevel":0,"Message":"[xUnit.net 00:00:00.83]   Discovered:  TestDooFast"}}
TpTrace Verbose: 0 : 5816, 10, 2022/06/23, 18:34:51.919, 11484922676672, vstest.console.dll, TestRunRequest:SendTestRunMessage: Starting.
TpTrace Information: 0 : 5816, 10, 2022/06/23, 18:34:51.919, 11484922677220, vstest.console.dll, TestRunRequest:SendTestRunMessage: Completed.
TpTrace Verbose: 0 : 5816, 10, 2022/06/23, 18:34:51.919, 11484922677602, vstest.console.dll, TcpClientExtensions.MessageLoopAsync: Polling on remoteEndPoint: 127.0.0.1:56530 localEndPoint: 127.0.0.1:56528
TpTrace Verbose: 0 : 5816, 10, 2022/06/23, 18:34:51.921, 11484922700264, vstest.console.dll, TcpClientExtensions.MessageLoopAsync: NotifyDataAvailable remoteEndPoint: 127.0.0.1:56530 localEndPoint: 127.0.0.1:56528
TpTrace Verbose: 0 : 5816, 10, 2022/06/23, 18:34:51.921, 11484922701356, vstest.console.dll, TestRequestSender.OnExecutionMessageReceived: Received message: {"Version":5,"MessageType":"TestSession.Message","Payload":{"MessageLevel":0,"Message":"[xUnit.net 00:00:00.84]   Starting:    TestDooFast"}}
TpTrace Verbose: 0 : 5816, 10, 2022/06/23, 18:34:51.922, 11484922702773, vstest.console.dll, TestRunRequest:SendTestRunMessage: Starting.
TpTrace Information: 0 : 5816, 10, 2022/06/23, 18:34:51.922, 11484922703345, vstest.console.dll, TestRunRequest:SendTestRunMessage: Completed.
TpTrace Verbose: 0 : 5816, 10, 2022/06/23, 18:34:51.922, 11484922703683, vstest.console.dll, TcpClientExtensions.MessageLoopAsync: Polling on remoteEndPoint: 127.0.0.1:56530 localEndPoint: 127.0.0.1:56528
TpTrace Verbose: 0 : 5816, 10, 2022/06/23, 18:34:52.273, 11484926214115, vstest.console.dll, TcpClientExtensions.MessageLoopAsync: NotifyDataAvailable remoteEndPoint: 127.0.0.1:56530 localEndPoint: 127.0.0.1:56528
TpTrace Verbose: 0 : 5816, 10, 2022/06/23, 18:34:52.273, 11484926215330, vstest.console.dll, TestRequestSender.OnExecutionMessageReceived: Received message: {"Version":5,"MessageType":"TestSession.Message","Payload":{"MessageLevel":2,"Message":"[xUnit.net 00:00:01.19]     TestDooFast.UnitTest1.Test1 [FAIL]"}}
TpTrace Verbose: 0 : 5816, 10, 2022/06/23, 18:34:52.273, 11484926217051, vstest.console.dll, TestRunRequest:SendTestRunMessage: Starting.
TpTrace Information: 0 : 5816, 10, 2022/06/23, 18:34:52.273, 11484926217634, vstest.console.dll, TestRunRequest:SendTestRunMessage: Completed.
TpTrace Verbose: 0 : 5816, 10, 2022/06/23, 18:34:52.273, 11484926217981, vstest.console.dll, TcpClientExtensions.MessageLoopAsync: Polling on remoteEndPoint: 127.0.0.1:56530 localEndPoint: 127.0.0.1:56528
TpTrace Verbose: 0 : 5816, 10, 2022/06/23, 18:34:52.274, 11484926223660, vstest.console.dll, TcpClientExtensions.MessageLoopAsync: NotifyDataAvailable remoteEndPoint: 127.0.0.1:56530 localEndPoint: 127.0.0.1:56528
TpTrace Verbose: 0 : 5816, 10, 2022/06/23, 18:34:52.274, 11484926224585, vstest.console.dll, TestRequestSender.OnExecutionMessageReceived: Received message: {"Version":5,"MessageType":"TestSession.Message","Payload":{"MessageLevel":0,"Message":"[xUnit.net 00:00:01.19]       System.NullReferenceException : Object reference not set to an instance of an object."}}
TpTrace Verbose: 0 : 5816, 10, 2022/06/23, 18:34:52.274, 11484926225704, vstest.console.dll, TestRunRequest:SendTestRunMessage: Starting.
TpTrace Information: 0 : 5816, 10, 2022/06/23, 18:34:52.274, 11484926226205, vstest.console.dll, TestRunRequest:SendTestRunMessage: Completed.
TpTrace Verbose: 0 : 5816, 10, 2022/06/23, 18:34:52.274, 11484926226539, vstest.console.dll, TcpClientExtensions.MessageLoopAsync: Polling on remoteEndPoint: 127.0.0.1:56530 localEndPoint: 127.0.0.1:56528
TpTrace Verbose: 0 : 5816, 10, 2022/06/23, 18:34:52.274, 11484926231972, vstest.console.dll, TcpClientExtensions.MessageLoopAsync: NotifyDataAvailable remoteEndPoint: 127.0.0.1:56530 localEndPoint: 127.0.0.1:56528
TpTrace Verbose: 0 : 5816, 10, 2022/06/23, 18:34:52.275, 11484926232728, vstest.console.dll, TestRequestSender.OnExecutionMessageReceived: Received message: {"Version":5,"MessageType":"TestSession.Message","Payload":{"MessageLevel":0,"Message":"[xUnit.net 00:00:01.19]       Stack Trace:"}}
TpTrace Verbose: 0 : 5816, 10, 2022/06/23, 18:34:52.275, 11484926233856, vstest.console.dll, TestRunRequest:SendTestRunMessage: Starting.
TpTrace Information: 0 : 5816, 10, 2022/06/23, 18:34:52.275, 11484926234350, vstest.console.dll, TestRunRequest:SendTestRunMessage: Completed.
TpTrace Verbose: 0 : 5816, 10, 2022/06/23, 18:34:52.275, 11484926234669, vstest.console.dll, TcpClientExtensions.MessageLoopAsync: Polling on remoteEndPoint: 127.0.0.1:56530 localEndPoint: 127.0.0.1:56528
TpTrace Verbose: 0 : 5816, 10, 2022/06/23, 18:34:52.278, 11484926263191, vstest.console.dll, TcpClientExtensions.MessageLoopAsync: NotifyDataAvailable remoteEndPoint: 127.0.0.1:56530 localEndPoint: 127.0.0.1:56528
TpTrace Verbose: 0 : 5816, 10, 2022/06/23, 18:34:52.278, 11484926264437, vstest.console.dll, TestRequestSender.OnExecutionMessageReceived: Received message: {"Version":5,"MessageType":"TestSession.Message","Payload":{"MessageLevel":0,"Message":"[xUnit.net 00:00:01.19]         C:\\Users\\Rolf\\source\\repos\\DooFast\\CapaAccesoDatos\\ComidaDal.cs(16,0): at CapaAccesoDatos.ComidaDal..ctor()"}}
TpTrace Verbose: 0 : 5816, 10, 2022/06/23, 18:34:52.278, 11484926268625, vstest.console.dll, TestRunRequest:SendTestRunMessage: Starting.
TpTrace Information: 0 : 5816, 10, 2022/06/23, 18:34:52.278, 11484926269585, vstest.console.dll, TestRunRequest:SendTestRunMessage: Completed.
TpTrace Verbose: 0 : 5816, 10, 2022/06/23, 18:34:52.278, 11484926270515, vstest.console.dll, TcpClientExtensions.MessageLoopAsync: Polling on remoteEndPoint: 127.0.0.1:56530 localEndPoint: 127.0.0.1:56528
TpTrace Verbose: 0 : 5816, 10, 2022/06/23, 18:34:52.278, 11484926271033, vstest.console.dll, TcpClientExtensions.MessageLoopAsync: NotifyDataAvailable remoteEndPoint: 127.0.0.1:56530 localEndPoint: 127.0.0.1:56528
TpTrace Verbose: 0 : 5816, 10, 2022/06/23, 18:34:52.278, 11484926272123, vstest.console.dll, TestRequestSender.OnExecutionMessageReceived: Received message: {"Version":5,"MessageType":"TestSession.Message","Payload":{"MessageLevel":0,"Message":"[xUnit.net 00:00:01.19]         C:\\Users\\Rolf\\source\\repos\\DooFast\\CapaNegocio\\ComidaBl.cs(15,0): at CapaNegocio.ComidaBl..ctor()"}}
TpTrace Verbose: 0 : 5816, 10, 2022/06/23, 18:34:52.279, 11484926273288, vstest.console.dll, TestRunRequest:SendTestRunMessage: Starting.
TpTrace Information: 0 : 5816, 10, 2022/06/23, 18:34:52.279, 11484926273782, vstest.console.dll, TestRunRequest:SendTestRunMessage: Completed.
TpTrace Verbose: 0 : 5816, 10, 2022/06/23, 18:34:52.279, 11484926274172, vstest.console.dll, TcpClientExtensions.MessageLoopAsync: Polling on remoteEndPoint: 127.0.0.1:56530 localEndPoint: 127.0.0.1:56528
TpTrace Verbose: 0 : 5816, 10, 2022/06/23, 18:34:52.279, 11484926276076, vstest.console.dll, TcpClientExtensions.MessageLoopAsync: NotifyDataAvailable remoteEndPoint: 127.0.0.1:56530 localEndPoint: 127.0.0.1:56528
TpTrace Verbose: 0 : 5816, 10, 2022/06/23, 18:34:52.279, 11484926276759, vstest.console.dll, TestRequestSender.OnExecutionMessageReceived: Received message: {"Version":5,"MessageType":"TestSession.Message","Payload":{"MessageLevel":0,"Message":"[xUnit.net 00:00:01.19]         C:\\Users\\Rolf\\source\\repos\\DooFast\\DooFast\\Controllers\\ComidasController.cs(19,0): at DooFast.Controllers.ComidasController.Get()"}}
TpTrace Verbose: 0 : 5816, 10, 2022/06/23, 18:34:52.279, 11484926277857, vstest.console.dll, TestRunRequest:SendTestRunMessage: Starting.
TpTrace Information: 0 : 5816, 10, 2022/06/23, 18:34:52.279, 11484926278360, vstest.console.dll, TestRunRequest:SendTestRunMessage: Completed.
TpTrace Verbose: 0 : 5816, 10, 2022/06/23, 18:34:52.279, 11484926278678, vstest.console.dll, TcpClientExtensions.MessageLoopAsync: Polling on remoteEndPoint: 127.0.0.1:56530 localEndPoint: 127.0.0.1:56528
TpTrace Verbose: 0 : 5816, 10, 2022/06/23, 18:34:52.279, 11484926278997, vstest.console.dll, TcpClientExtensions.MessageLoopAsync: NotifyDataAvailable remoteEndPoint: 127.0.0.1:56530 localEndPoint: 127.0.0.1:56528
TpTrace Verbose: 0 : 5816, 10, 2022/06/23, 18:34:52.279, 11484926279399, vstest.console.dll, TestRequestSender.OnExecutionMessageReceived: Received message: {"Version":5,"MessageType":"TestSession.Message","Payload":{"MessageLevel":0,"Message":"[xUnit.net 00:00:01.20]         C:\\Users\\Rolf\\source\\repos\\DooFast\\TestDooFast\\UnitTest1.cs(22,0): at TestDooFast.UnitTest1.Test1()"}}
TpTrace Verbose: 0 : 5816, 10, 2022/06/23, 18:34:52.279, 11484926280093, vstest.console.dll, TestRunRequest:SendTestRunMessage: Starting.
TpTrace Information: 0 : 5816, 10, 2022/06/23, 18:34:52.279, 11484926280473, vstest.console.dll, TestRunRequest:SendTestRunMessage: Completed.
TpTrace Verbose: 0 : 5816, 10, 2022/06/23, 18:34:52.279, 11484926280764, vstest.console.dll, TcpClientExtensions.MessageLoopAsync: Polling on remoteEndPoint: 127.0.0.1:56530 localEndPoint: 127.0.0.1:56528
TpTrace Verbose: 0 : 5816, 10, 2022/06/23, 18:34:52.304, 11484926531894, vstest.console.dll, TcpClientExtensions.MessageLoopAsync: NotifyDataAvailable remoteEndPoint: 127.0.0.1:56530 localEndPoint: 127.0.0.1:56528
TpTrace Verbose: 0 : 5816, 10, 2022/06/23, 18:34:52.305, 11484926533666, vstest.console.dll, TestRequestSender.OnExecutionMessageReceived: Received message: {"Version":5,"MessageType":"TestSession.Message","Payload":{"MessageLevel":0,"Message":"[xUnit.net 00:00:01.22]   Finished:    TestDooFast"}}
TpTrace Verbose: 0 : 5816, 10, 2022/06/23, 18:34:52.305, 11484926535050, vstest.console.dll, TestRunRequest:SendTestRunMessage: Starting.
TpTrace Information: 0 : 5816, 10, 2022/06/23, 18:34:52.305, 11484926535595, vstest.console.dll, TestRunRequest:SendTestRunMessage: Completed.
TpTrace Verbose: 0 : 5816, 10, 2022/06/23, 18:34:52.305, 11484926535938, vstest.console.dll, TcpClientExtensions.MessageLoopAsync: Polling on remoteEndPoint: 127.0.0.1:56530 localEndPoint: 127.0.0.1:56528
TpTrace Verbose: 0 : 5816, 10, 2022/06/23, 18:34:52.359, 11484927078244, vstest.console.dll, TcpClientExtensions.MessageLoopAsync: NotifyDataAvailable remoteEndPoint: 127.0.0.1:56530 localEndPoint: 127.0.0.1:56528
TpTrace Verbose: 0 : 5816, 10, 2022/06/23, 18:34:52.359, 11484927079651, vstest.console.dll, TestRequestSender.OnExecutionMessageReceived: Received message: {"Version":5,"MessageType":"TestExecution.Completed","Payload":{"TestRunCompleteArgs":{"TestRunStatistics":{"ExecutedTests":1,"Stats":{"Failed":1}},"IsCanceled":false,"IsAborted":false,"Error":null,"AttachmentSets":[],"ElapsedTimeInRunningTests":"00:00:01.2356208","Metrics":{}},"LastRunTests":{"NewTestResults":[{"TestCase":{"Id":"2997263a-0d55-90ca-7f2b-93f656531c14","FullyQualifiedName":"TestDooFast.UnitTest1.Test1","DisplayName":"TestDooFast.UnitTest1.Test1","ExecutorUri":"executor://xunit/VsTestRunner2/netcoreapp","Source":"C:\\Users\\Rolf\\source\\repos\\DooFast\\TestDooFast\\bin\\Debug\\net5.0\\fine-code-coverage\\build-output\\TestDooFast.dll","CodeFilePath":null,"LineNumber":0,"Properties":[]},"Attachments":[],"Outcome":2,"ErrorMessage":"System.NullReferenceException : Object reference not set to an instance of an object.","ErrorStackTrace":"   at CapaAccesoDatos.ComidaDal..ctor() in C:\\Users\\Rolf\\source\\repos\\DooFast\\CapaAccesoDatos\\ComidaDal.cs:line 16\r\n   at CapaNegocio.ComidaBl..ctor() in C:\\Users\\Rolf\\source\\repos\\DooFast\\CapaNegocio\\ComidaBl.cs:line 15\r\n   at DooFast.Controllers.ComidasController.Get() in C:\\Users\\Rolf\\source\\repos\\DooFast\\DooFast\\Controllers\\ComidasController.cs:line 19\r\n   at TestDooFast.UnitTest1.Test1() in C:\\Users\\Rolf\\source\\repos\\DooFast\\TestDooFast\\UnitTest1.cs:line 22","DisplayName":"TestDooFast.UnitTest1.Test1","Messages":[],"ComputerName":"DESKTOP-VF6LJJ9","Duration":"00:00:00.2128368","StartTime":"2022-06-23T23:34:52.2810622+00:00","EndTime":"2022-06-23T23:34:52.2811329+00:00","Properties":[]}],"TestRunStatistics":{"ExecutedTests":1,"Stats":{"Failed":1}},"ActiveTests":[]},"RunAttachments":[],"ExecutorUris":["executor://xunit/VsTestRunner2/netcoreapp"]}}
TpTrace Verbose: 0 : 5816, 10, 2022/06/23, 18:34:52.362, 11484927102853, vstest.console.dll, TestRequestSender.EndSession: Sending end session.
TpTrace Verbose: 0 : 5816, 10, 2022/06/23, 18:34:52.362, 11484927104579, vstest.console.dll, ProxyOperationManager.Close: waiting for test host to exit for 100 ms
TpTrace Warning: 0 : 5816, 9, 2022/06/23, 18:34:52.386, 11484927349714, vstest.console.dll, TestHostManagerCallbacks.ErrorReceivedCallback Test host standard error line: 
TpTrace Verbose: 0 : 5816, 11, 2022/06/23, 18:34:52.397, 11484927454117, vstest.console.dll, TestHostProvider.ExitCallBack: Host exited starting callback.
TpTrace Information: 0 : 5816, 11, 2022/06/23, 18:34:52.397, 11484927459045, vstest.console.dll, TestHostManagerCallbacks.ExitCallBack: Testhost processId: 17532 exited with exitcode: 0 error: ''
TpTrace Verbose: 0 : 5816, 11, 2022/06/23, 18:34:52.397, 11484927459588, vstest.console.dll, DotnetTestHostManager.OnHostExited: invoking OnHostExited callback
TpTrace Verbose: 0 : 5816, 11, 2022/06/23, 18:34:52.397, 11484927460039, vstest.console.dll, CrossPlatEngine.TestHostManagerHostExited: calling on client process exit callback.
TpTrace Information: 0 : 5816, 11, 2022/06/23, 18:34:52.397, 11484927460508, vstest.console.dll, TestRequestSender.OnClientProcessExit: Test host process exited. Standard error: 
TpTrace Warning: 0 : 5816, 10, 2022/06/23, 18:34:52.397, 11484927460539, vstest.console.dll, ProxyOperationManager: Timed out waiting for test host to exit. Will terminate process.
TpTrace Information: 0 : 5816, 11, 2022/06/23, 18:34:52.397, 11484927460916, vstest.console.dll, SocketServer.Stop: Stop server endPoint: 127.0.0.1:56528
TpTrace Information: 0 : 5816, 11, 2022/06/23, 18:34:52.397, 11484927461677, vstest.console.dll, SocketServer.Stop: Cancellation requested. Stopping message loop.
TpTrace Verbose: 0 : 5816, 10, 2022/06/23, 18:34:52.398, 11484927468594, vstest.console.dll, ProxyDataCollectionManager.InvokeDataCollectionServiceAction: Starting.
TpTrace Information: 0 : 5816, 10, 2022/06/23, 18:34:52.398, 11484927469339, vstest.console.dll, ProxyDataCollectionManager.AfterTestRunEnd: Get attachment set for datacollector processId: 16512 port: 56525
TpTrace Verbose: 0 : 5816, 10, 2022/06/23, 18:34:52.398, 11484927469908, vstest.console.dll, DataCollectionRequestSender.SendAfterTestRunStartAndGetResult : Send AfterTestRunEnd message with isCancelled: False
TpTrace Verbose: 0 : 5816, 10, 2022/06/23, 18:34:52.403, 11484927512720, vstest.console.dll, DataCollectionRequestSender.SendAfterTestRunStartAndGetResult : Received message: (DataCollection.AfterTestRunEndResult) -> {
  "AttachmentSets": [],
  "Metrics": {}
}
TpTrace Information: 0 : 5816, 10, 2022/06/23, 18:34:52.406, 11484927547122, vstest.console.dll, ProxyDataCollectionManager.InvokeDataCollectionServiceAction: Completed.
TpTrace Warning: 0 : 5816, 6, 2022/06/23, 18:34:52.407, 11484927553034, vstest.console.dll, DataCollectionLauncher.ErrorReceivedCallback datacollector standard error line: 
TpTrace Information: 0 : 5816, 11, 2022/06/23, 18:34:52.411, 11484927599046, vstest.console.dll, DataCollectionLauncher.ExitCallBack: Data collector exited with exitcode: 0 error: ''
TpTrace Verbose: 0 : 5816, 10, 2022/06/23, 18:34:52.463, 11484928116667, vstest.console.dll, TestRunRequest:SendTestRunStatsChange: Starting.
TpTrace Information: 0 : 5816, 10, 2022/06/23, 18:34:52.463, 11484928118894, vstest.console.dll, TestRunRequest:SendTestRunStatsChange: Completed.
TpTrace Verbose: 0 : 5816, 10, 2022/06/23, 18:34:52.463, 11484928121698, vstest.console.dll, ParallelProxyExecutionManager: HandlePartialRunComplete: Total completed clients = 1, Run complete = True, Run canceled: False.
TpTrace Verbose: 0 : 5816, 10, 2022/06/23, 18:34:52.486, 11484928351466, vstest.console.dll, TestRunRequest:TestRunComplete: Starting. IsAborted:False IsCanceled:False.
TpTrace Verbose: 0 : 5816, 10, 2022/06/23, 18:34:52.487, 11484928352990, vstest.console.dll, TestLoggerManager.HandleTestRunComplete: Ignoring as the object is disposed.
TpTrace Information: 0 : 5816, 10, 2022/06/23, 18:34:52.487, 11484928355111, vstest.console.dll, TestRunRequest:TestRunComplete: Completed.
TpTrace Verbose: 0 : 5816, 1, 2022/06/23, 18:34:52.487, 11484928355297, vstest.console.dll, TestRunRequest.Dispose: Starting.
TpTrace Verbose: 0 : 5816, 10, 2022/06/23, 18:34:52.487, 11484928356016, vstest.console.dll, TestRequestSender.SetOperationComplete: Setting operation complete.
TpTrace Information: 0 : 5816, 1, 2022/06/23, 18:34:52.487, 11484928356113, vstest.console.dll, TestRunRequest.Dispose: Completed.
TpTrace Information: 0 : 5816, 10, 2022/06/23, 18:34:52.487, 11484928356528, vstest.console.dll, SocketServer.Stop: Stop server endPoint: 127.0.0.1:56528
TpTrace Information: 0 : 5816, 1, 2022/06/23, 18:34:52.487, 11484928356954, vstest.console.dll, TestRequestManager.RunTests: run tests completed.
TpTrace Information: 0 : 5816, 10, 2022/06/23, 18:34:52.487, 11484928357251, vstest.console.dll, SocketServer.Stop: Cancellation requested. Stopping message loop.
TpTrace Information: 0 : 5816, 1, 2022/06/23, 18:34:52.487, 11484928357982, vstest.console.dll, RunTestsArgumentProcessor:Execute: Test run is completed.
TpTrace Information: 0 : 5816, 10, 2022/06/23, 18:34:52.487, 11484928358054, vstest.console.dll, SocketServer.PrivateStop: Stop server endPoint: 127.0.0.1:56528 error: 
TpTrace Verbose: 0 : 5816, 1, 2022/06/23, 18:34:52.487, 11484928359761, vstest.console.dll, Executor.Execute: Exiting with exit code of 1
TpTrace Verbose: 0 : 5816, 10, 2022/06/23, 18:34:52.488, 11484928363666, vstest.console.dll, LengthPrefixCommunicationChannel.Dispose: Dispose reader and writer.
