<?xml version="1.0" encoding="utf-8"?>
<CoverageSession xmlns:xsd="http://www.w3.org/2001/XMLSchema" xmlns:xsi="http://www.w3.org/2001/XMLSchema-instance" Version="4.7.922.0">
  <Summary numSequencePoints="2292" visitedSequencePoints="111" numBranchPoints="979" visitedBranchPoints="31" sequenceCoverage="4.84" branchCoverage="3.17" maxCyclomaticComplexity="22" minCyclomaticComplexity="1" maxCrapScore="506" minCrapScore="1" visitedClasses="6" numClasses="71" visitedMethods="27" numMethods="435" />
  <Modules>
    <Module hash="65-65-5B-90-F9-BE-E1-E9-80-B8-D8-4C-ED-6C-46-0C-4C-55-47-41">
      <Summary numSequencePoints="18" visitedSequencePoints="18" numBranchPoints="2" visitedBranchPoints="2" sequenceCoverage="100" branchCoverage="100" maxCyclomaticComplexity="1" minCyclomaticComplexity="1" maxCrapScore="2" minCrapScore="1" visitedClasses="1" numClasses="1" visitedMethods="2" numMethods="2" />
      <ModulePath>C:\Users\Rolf\source\repos\DooFast\UnitTestDooFast\bin\Debug\fine-code-coverage\build-output\UnitTestDooFast.dll</ModulePath>
      <ModuleTime>2022-06-23T23:47:00.6251337Z</ModuleTime>
      <ModuleName>UnitTestDooFast</ModuleName>
      <Files>
        <File uid="1" fullPath="C:\Users\Rolf\source\repos\DooFast\UnitTestDooFast\Controllers\Comidas.cs" />
      </Files>
      <Classes>
        <Class>
          <Summary numSequencePoints="18" visitedSequencePoints="18" numBranchPoints="2" visitedBranchPoints="2" sequenceCoverage="100" branchCoverage="100" maxCyclomaticComplexity="1" minCyclomaticComplexity="1" maxCrapScore="2" minCrapScore="1" visitedClasses="1" numClasses="1" visitedMethods="2" numMethods="2" />
          <FullName>DooFast.Controllers.Tests.UnitTest1</FullName>
          <Methods>
            <Method visited="true" cyclomaticComplexity="1" nPathComplexity="0" sequenceCoverage="100" branchCoverage="100" crapScore="1" isConstructor="false" isStatic="false" isGetter="false" isSetter="false">
              <Summary numSequencePoints="6" visitedSequencePoints="6" numBranchPoints="1" visitedBranchPoints="1" sequenceCoverage="100" branchCoverage="100" maxCyclomaticComplexity="1" minCyclomaticComplexity="1" maxCrapScore="1" minCrapScore="1" visitedClasses="0" numClasses="0" visitedMethods="1" numMethods="1" />
              <MetadataToken>100663297</MetadataToken>
              <Name>System.Void DooFast.Controllers.Tests.UnitTest1::GetComidaTest()</Name>
              <FileRef uid="1" />
              <SequencePoints>
                <SequencePoint vc="1" uspid="1" ordinal="0" offset="0" sl="22" sc="9" el="22" ec="10" bec="0" bev="0" fileid="1" />
                <SequencePoint vc="1" uspid="2" ordinal="1" offset="1" sl="23" sc="13" el="23" ec="65" bec="0" bev="0" fileid="1" />
                <SequencePoint vc="1" uspid="3" ordinal="2" offset="7" sl="25" sc="13" el="25" ec="40" bec="0" bev="0" fileid="1" />
                <SequencePoint vc="1" uspid="4" ordinal="3" offset="14" sl="29" sc="13" el="29" ec="76" bec="0" bev="0" fileid="1" />
                <SequencePoint vc="1" uspid="5" ordinal="4" offset="31" sl="31" sc="13" el="31" ec="45" bec="0" bev="0" fileid="1" />
                <SequencePoint vc="1" uspid="6" ordinal="5" offset="39" sl="32" sc="9" el="32" ec="10" bec="0" bev="0" fileid="1" />
              </SequencePoints>
              <BranchPoints />
              <MethodPoint xsi:type="SequencePoint" vc="1" uspid="1" ordinal="0" offset="0" sl="22" sc="9" el="22" ec="10" bec="0" bev="0" fileid="1" />
            </Method>
            <Method visited="true" cyclomaticComplexity="1" nPathComplexity="0" sequenceCoverage="100" branchCoverage="100" crapScore="1" isConstructor="false" isStatic="false" isGetter="false" isSetter="false">
              <Summary numSequencePoints="12" visitedSequencePoints="12" numBranchPoints="1" visitedBranchPoints="1" sequenceCoverage="100" branchCoverage="100" maxCyclomaticComplexity="1" minCyclomaticComplexity="1" maxCrapScore="1" minCrapScore="1" visitedClasses="0" numClasses="0" visitedMethods="1" numMethods="1" />
              <MetadataToken>100663298</MetadataToken>
              <Name>System.Void DooFast.Controllers.Tests.UnitTest1::PostComdiaTest()</Name>
              <FileRef uid="1" />
              <SequencePoints>
                <SequencePoint vc="1" uspid="7" ordinal="0" offset="0" sl="36" sc="38" el="36" ec="39" bec="0" bev="0" fileid="1" />
                <SequencePoint vc="1" uspid="8" ordinal="1" offset="1" sl="39" sc="13" el="39" ec="65" bec="0" bev="0" fileid="1" />
                <SequencePoint vc="1" uspid="9" ordinal="2" offset="7" sl="41" sc="13" el="41" ec="52" bec="0" bev="0" fileid="1" />
                <SequencePoint vc="1" uspid="10" ordinal="3" offset="13" sl="43" sc="13" el="43" ec="42" bec="0" bev="0" fileid="1" />
                <SequencePoint vc="1" uspid="11" ordinal="4" offset="21" sl="44" sc="13" el="44" ec="63" bec="0" bev="0" fileid="1" />
                <SequencePoint vc="1" uspid="12" ordinal="5" offset="33" sl="45" sc="13" el="45" ec="37" bec="0" bev="0" fileid="1" />
                <SequencePoint vc="1" uspid="13" ordinal="6" offset="49" sl="46" sc="13" el="46" ec="38" bec="0" bev="0" fileid="1" />
                <SequencePoint vc="1" uspid="14" ordinal="7" offset="65" sl="48" sc="13" el="48" ec="53" bec="0" bev="0" fileid="1" />
                <SequencePoint vc="1" uspid="15" ordinal="8" offset="73" sl="50" sc="13" el="50" ec="81" bec="0" bev="0" fileid="1" />
                <SequencePoint vc="1" uspid="16" ordinal="9" offset="79" sl="52" sc="13" el="52" ec="45" bec="0" bev="0" fileid="1" />
                <SequencePoint vc="1" uspid="17" ordinal="10" offset="87" sl="53" sc="13" el="53" ec="56" bec="0" bev="0" fileid="1" />
                <SequencePoint vc="1" uspid="18" ordinal="11" offset="95" sl="55" sc="9" el="55" ec="10" bec="0" bev="0" fileid="1" />
              </SequencePoints>
              <BranchPoints />
              <MethodPoint xsi:type="SequencePoint" vc="1" uspid="7" ordinal="0" offset="0" sl="36" sc="38" el="36" ec="39" bec="0" bev="0" fileid="1" />
            </Method>
            <Method visited="false" cyclomaticComplexity="1" nPathComplexity="0" sequenceCoverage="0" branchCoverage="0" crapScore="2" isConstructor="true" isStatic="false" isGetter="false" isSetter="false">
              <Summary numSequencePoints="0" visitedSequencePoints="0" numBranchPoints="0" visitedBranchPoints="0" sequenceCoverage="0" branchCoverage="0" maxCyclomaticComplexity="1" minCyclomaticComplexity="1" maxCrapScore="2" minCrapScore="2" visitedClasses="0" numClasses="0" visitedMethods="0" numMethods="0" />
              <MetadataToken>100663299</MetadataToken>
              <Name>System.Void DooFast.Controllers.Tests.UnitTest1::.ctor()</Name>
              <SequencePoints />
              <BranchPoints />
              <MethodPoint vc="0" uspid="19" ordinal="0" offset="0" />
            </Method>
          </Methods>
        </Class>
      </Classes>
    </Module>
    <Module hash="2E-83-79-BE-43-0C-6B-9C-A5-92-56-54-FD-49-0B-D1-6E-55-9B-FE">
      <Summary numSequencePoints="1574" visitedSequencePoints="12" numBranchPoints="770" visitedBranchPoints="2" sequenceCoverage="0.76" branchCoverage="0.26" maxCyclomaticComplexity="22" minCyclomaticComplexity="0" maxCrapScore="506" minCrapScore="0" visitedClasses="1" numClasses="47" visitedMethods="2" numMethods="270" />
      <ModulePath>C:\Users\Rolf\source\repos\DooFast\UnitTestDooFast\bin\Debug\fine-code-coverage\build-output\DooFast.dll</ModulePath>
      <ModuleTime>2022-06-23T23:42:47.6537696Z</ModuleTime>
      <ModuleName>DooFast</ModuleName>
      <Files>
        <File uid="3" fullPath="C:\Users\Rolf\source\repos\DooFast\DooFast\App_Start\FilterConfig.cs" />
        <File uid="4" fullPath="C:\Users\Rolf\source\repos\DooFast\DooFast\App_Start\RouteConfig.cs" />
        <File uid="5" fullPath="C:\Users\Rolf\source\repos\DooFast\DooFast\App_Start\SwaggerConfig.cs" />
        <File uid="7" fullPath="C:\Users\Rolf\source\repos\DooFast\DooFast\App_Start\WebApiConfig.cs" />
        <File uid="8" fullPath="C:\Users\Rolf\source\repos\DooFast\DooFast\Global.asax.cs" />
        <File uid="9" fullPath="C:\Users\Rolf\source\repos\DooFast\DooFast\Controllers\ComidaCartaController.cs" />
        <File uid="10" fullPath="C:\Users\Rolf\source\repos\DooFast\DooFast\Controllers\ComidasController.cs" />
        <File uid="11" fullPath="C:\Users\Rolf\source\repos\DooFast\DooFast\Controllers\HomeController.cs" />
        <File uid="12" fullPath="C:\Users\Rolf\source\repos\DooFast\DooFast\Controllers\CartaController.cs" />
        <File uid="13" fullPath="C:\Users\Rolf\source\repos\DooFast\DooFast\Controllers\OrdenesController.cs" />
        <File uid="14" fullPath="C:\Users\Rolf\source\repos\DooFast\DooFast\Areas\HelpPage\ApiDescriptionExtensions.cs" />
        <File uid="15" fullPath="C:\Users\Rolf\source\repos\DooFast\DooFast\Areas\HelpPage\App_Start\HelpPageConfig.cs" />
        <File uid="16" fullPath="C:\Users\Rolf\source\repos\DooFast\DooFast\Areas\HelpPage\HelpPageAreaRegistration.cs" />
        <File uid="17" fullPath="C:\Users\Rolf\source\repos\DooFast\DooFast\Areas\HelpPage\HelpPageConfigurationExtensions.cs" />
        <File uid="22" fullPath="C:\Users\Rolf\source\repos\DooFast\DooFast\Areas\HelpPage\SampleGeneration\HelpPageSampleGenerator.cs" />
        <File uid="25" fullPath="C:\Users\Rolf\source\repos\DooFast\DooFast\Areas\HelpPage\SampleGeneration\HelpPageSampleKey.cs" />
        <File uid="26" fullPath="C:\Users\Rolf\source\repos\DooFast\DooFast\Areas\HelpPage\SampleGeneration\ImageSample.cs" />
        <File uid="27" fullPath="C:\Users\Rolf\source\repos\DooFast\DooFast\Areas\HelpPage\SampleGeneration\InvalidSample.cs" />
        <File uid="28" fullPath="C:\Users\Rolf\source\repos\DooFast\DooFast\Areas\HelpPage\SampleGeneration\ObjectGenerator.cs" />
        <File uid="31" fullPath="C:\Users\Rolf\source\repos\DooFast\DooFast\Areas\HelpPage\SampleGeneration\TextSample.cs" />
        <File uid="32" fullPath="C:\Users\Rolf\source\repos\DooFast\DooFast\Areas\HelpPage\XmlDocumentationProvider.cs" />
        <File uid="34" fullPath="C:\Users\Rolf\source\repos\DooFast\DooFast\Areas\HelpPage\Models\HelpPageApiModel.cs" />
        <File uid="35" fullPath="C:\Users\Rolf\source\repos\DooFast\DooFast\Areas\HelpPage\ModelDescriptions\CollectionModelDescription.cs" />
        <File uid="36" fullPath="C:\Users\Rolf\source\repos\DooFast\DooFast\Areas\HelpPage\ModelDescriptions\ComplexTypeModelDescription.cs" />
        <File uid="37" fullPath="C:\Users\Rolf\source\repos\DooFast\DooFast\Areas\HelpPage\ModelDescriptions\EnumTypeModelDescription.cs" />
        <File uid="38" fullPath="C:\Users\Rolf\source\repos\DooFast\DooFast\Areas\HelpPage\ModelDescriptions\EnumValueDescription.cs" />
        <File uid="39" fullPath="C:\Users\Rolf\source\repos\DooFast\DooFast\Areas\HelpPage\ModelDescriptions\KeyValuePairModelDescription.cs" />
        <File uid="40" fullPath="C:\Users\Rolf\source\repos\DooFast\DooFast\Areas\HelpPage\ModelDescriptions\ModelDescription.cs" />
        <File uid="41" fullPath="C:\Users\Rolf\source\repos\DooFast\DooFast\Areas\HelpPage\ModelDescriptions\ModelDescriptionGenerator.cs" />
        <File uid="44" fullPath="C:\Users\Rolf\source\repos\DooFast\DooFast\Areas\HelpPage\ModelDescriptions\ModelNameAttribute.cs" />
        <File uid="45" fullPath="C:\Users\Rolf\source\repos\DooFast\DooFast\Areas\HelpPage\ModelDescriptions\ModelNameHelper.cs" />
        <File uid="47" fullPath="C:\Users\Rolf\source\repos\DooFast\DooFast\Areas\HelpPage\ModelDescriptions\ParameterAnnotation.cs" />
        <File uid="48" fullPath="C:\Users\Rolf\source\repos\DooFast\DooFast\Areas\HelpPage\ModelDescriptions\ParameterDescription.cs" />
        <File uid="49" fullPath="C:\Users\Rolf\source\repos\DooFast\DooFast\Areas\HelpPage\Controllers\HelpController.cs" />
      </Files>
      <Classes>
        <Class>
          <Summary numSequencePoints="0" visitedSequencePoints="0" numBranchPoints="0" visitedBranchPoints="0" sequenceCoverage="0" branchCoverage="0" maxCyclomaticComplexity="7" minCyclomaticComplexity="1" maxCrapScore="56" minCrapScore="2" visitedClasses="0" numClasses="0" visitedMethods="0" numMethods="0" />
          <FullName>&lt;&gt;f__AnonymousType0`3</FullName>
          <Methods>
            <Method visited="false" cyclomaticComplexity="1" nPathComplexity="0" sequenceCoverage="0" branchCoverage="0" crapScore="2" isConstructor="false" isStatic="false" isGetter="true" isSetter="false">
              <Summary numSequencePoints="0" visitedSequencePoints="0" numBranchPoints="0" visitedBranchPoints="0" sequenceCoverage="0" branchCoverage="0" maxCyclomaticComplexity="1" minCyclomaticComplexity="1" maxCrapScore="2" minCrapScore="2" visitedClasses="0" numClasses="0" visitedMethods="0" numMethods="0" />
              <MetadataToken>100663297</MetadataToken>
              <Name>&lt;controller&gt;j__TPar &lt;&gt;f__AnonymousType0`3::get_controller()</Name>
              <SequencePoints />
              <BranchPoints />
              <MethodPoint vc="0" uspid="20" ordinal="0" offset="0" />
            </Method>
            <Method visited="false" cyclomaticComplexity="1" nPathComplexity="0" sequenceCoverage="0" branchCoverage="0" crapScore="2" isConstructor="false" isStatic="false" isGetter="true" isSetter="false">
              <Summary numSequencePoints="0" visitedSequencePoints="0" numBranchPoints="0" visitedBranchPoints="0" sequenceCoverage="0" branchCoverage="0" maxCyclomaticComplexity="1" minCyclomaticComplexity="1" maxCrapScore="2" minCrapScore="2" visitedClasses="0" numClasses="0" visitedMethods="0" numMethods="0" />
              <MetadataToken>100663298</MetadataToken>
              <Name>&lt;action&gt;j__TPar &lt;&gt;f__AnonymousType0`3::get_action()</Name>
              <SequencePoints />
              <BranchPoints />
              <MethodPoint vc="0" uspid="21" ordinal="0" offset="0" />
            </Method>
            <Method visited="false" cyclomaticComplexity="1" nPathComplexity="0" sequenceCoverage="0" branchCoverage="0" crapScore="2" isConstructor="false" isStatic="false" isGetter="true" isSetter="false">
              <Summary numSequencePoints="0" visitedSequencePoints="0" numBranchPoints="0" visitedBranchPoints="0" sequenceCoverage="0" branchCoverage="0" maxCyclomaticComplexity="1" minCyclomaticComplexity="1" maxCrapScore="2" minCrapScore="2" visitedClasses="0" numClasses="0" visitedMethods="0" numMethods="0" />
              <MetadataToken>100663299</MetadataToken>
              <Name>&lt;id&gt;j__TPar &lt;&gt;f__AnonymousType0`3::get_id()</Name>
              <SequencePoints />
              <BranchPoints />
              <MethodPoint vc="0" uspid="22" ordinal="0" offset="0" />
            </Method>
            <Method visited="false" cyclomaticComplexity="1" nPathComplexity="0" sequenceCoverage="0" branchCoverage="0" crapScore="2" isConstructor="true" isStatic="false" isGetter="false" isSetter="false">
              <Summary numSequencePoints="0" visitedSequencePoints="0" numBranchPoints="0" visitedBranchPoints="0" sequenceCoverage="0" branchCoverage="0" maxCyclomaticComplexity="1" minCyclomaticComplexity="1" maxCrapScore="2" minCrapScore="2" visitedClasses="0" numClasses="0" visitedMethods="0" numMethods="0" />
              <MetadataToken>100663300</MetadataToken>
              <Name>System.Void &lt;&gt;f__AnonymousType0`3::.ctor(&lt;controller&gt;j__TPar,&lt;action&gt;j__TPar,&lt;id&gt;j__TPar)</Name>
              <SequencePoints />
              <BranchPoints />
              <MethodPoint vc="0" uspid="23" ordinal="0" offset="0" />
            </Method>
            <Method visited="false" cyclomaticComplexity="6" nPathComplexity="0" sequenceCoverage="0" branchCoverage="0" crapScore="42" isConstructor="false" isStatic="false" isGetter="false" isSetter="false">
              <Summary numSequencePoints="0" visitedSequencePoints="0" numBranchPoints="0" visitedBranchPoints="0" sequenceCoverage="0" branchCoverage="0" maxCyclomaticComplexity="6" minCyclomaticComplexity="6" maxCrapScore="42" minCrapScore="42" visitedClasses="0" numClasses="0" visitedMethods="0" numMethods="0" />
              <MetadataToken>100663301</MetadataToken>
              <Name>System.Boolean &lt;&gt;f__AnonymousType0`3::Equals(System.Object)</Name>
              <SequencePoints />
              <BranchPoints />
              <MethodPoint vc="0" uspid="24" ordinal="0" offset="0" />
            </Method>
            <Method visited="false" cyclomaticComplexity="1" nPathComplexity="0" sequenceCoverage="0" branchCoverage="0" crapScore="2" isConstructor="false" isStatic="false" isGetter="false" isSetter="false">
              <Summary numSequencePoints="0" visitedSequencePoints="0" numBranchPoints="0" visitedBranchPoints="0" sequenceCoverage="0" branchCoverage="0" maxCyclomaticComplexity="1" minCyclomaticComplexity="1" maxCrapScore="2" minCrapScore="2" visitedClasses="0" numClasses="0" visitedMethods="0" numMethods="0" />
              <MetadataToken>100663302</MetadataToken>
              <Name>System.Int32 &lt;&gt;f__AnonymousType0`3::GetHashCode()</Name>
              <SequencePoints />
              <BranchPoints />
              <MethodPoint vc="0" uspid="25" ordinal="0" offset="0" />
            </Method>
            <Method visited="false" cyclomaticComplexity="7" nPathComplexity="0" sequenceCoverage="0" branchCoverage="0" crapScore="56" isConstructor="false" isStatic="false" isGetter="false" isSetter="false">
              <Summary numSequencePoints="0" visitedSequencePoints="0" numBranchPoints="0" visitedBranchPoints="0" sequenceCoverage="0" branchCoverage="0" maxCyclomaticComplexity="7" minCyclomaticComplexity="7" maxCrapScore="56" minCrapScore="56" visitedClasses="0" numClasses="0" visitedMethods="0" numMethods="0" />
              <MetadataToken>100663303</MetadataToken>
              <Name>System.String &lt;&gt;f__AnonymousType0`3::ToString()</Name>
              <SequencePoints />
              <BranchPoints />
              <MethodPoint vc="0" uspid="26" ordinal="0" offset="0" />
            </Method>
          </Methods>
        </Class>
        <Class>
          <Summary numSequencePoints="0" visitedSequencePoints="0" numBranchPoints="0" visitedBranchPoints="0" sequenceCoverage="0" branchCoverage="0" maxCyclomaticComplexity="4" minCyclomaticComplexity="1" maxCrapScore="20" minCrapScore="2" visitedClasses="0" numClasses="0" visitedMethods="0" numMethods="0" />
          <FullName>&lt;&gt;f__AnonymousType1`1</FullName>
          <Methods>
            <Method visited="false" cyclomaticComplexity="1" nPathComplexity="0" sequenceCoverage="0" branchCoverage="0" crapScore="2" isConstructor="false" isStatic="false" isGetter="true" isSetter="false">
              <Summary numSequencePoints="0" visitedSequencePoints="0" numBranchPoints="0" visitedBranchPoints="0" sequenceCoverage="0" branchCoverage="0" maxCyclomaticComplexity="1" minCyclomaticComplexity="1" maxCrapScore="2" minCrapScore="2" visitedClasses="0" numClasses="0" visitedMethods="0" numMethods="0" />
              <MetadataToken>100663304</MetadataToken>
              <Name>&lt;id&gt;j__TPar &lt;&gt;f__AnonymousType1`1::get_id()</Name>
              <SequencePoints />
              <BranchPoints />
              <MethodPoint vc="0" uspid="27" ordinal="0" offset="0" />
            </Method>
            <Method visited="false" cyclomaticComplexity="1" nPathComplexity="0" sequenceCoverage="0" branchCoverage="0" crapScore="2" isConstructor="true" isStatic="false" isGetter="false" isSetter="false">
              <Summary numSequencePoints="0" visitedSequencePoints="0" numBranchPoints="0" visitedBranchPoints="0" sequenceCoverage="0" branchCoverage="0" maxCyclomaticComplexity="1" minCyclomaticComplexity="1" maxCrapScore="2" minCrapScore="2" visitedClasses="0" numClasses="0" visitedMethods="0" numMethods="0" />
              <MetadataToken>100663305</MetadataToken>
              <Name>System.Void &lt;&gt;f__AnonymousType1`1::.ctor(&lt;id&gt;j__TPar)</Name>
              <SequencePoints />
              <BranchPoints />
              <MethodPoint vc="0" uspid="28" ordinal="0" offset="0" />
            </Method>
            <Method visited="false" cyclomaticComplexity="4" nPathComplexity="0" sequenceCoverage="0" branchCoverage="0" crapScore="20" isConstructor="false" isStatic="false" isGetter="false" isSetter="false">
              <Summary numSequencePoints="0" visitedSequencePoints="0" numBranchPoints="0" visitedBranchPoints="0" sequenceCoverage="0" branchCoverage="0" maxCyclomaticComplexity="4" minCyclomaticComplexity="4" maxCrapScore="20" minCrapScore="20" visitedClasses="0" numClasses="0" visitedMethods="0" numMethods="0" />
              <MetadataToken>100663306</MetadataToken>
              <Name>System.Boolean &lt;&gt;f__AnonymousType1`1::Equals(System.Object)</Name>
              <SequencePoints />
              <BranchPoints />
              <MethodPoint vc="0" uspid="29" ordinal="0" offset="0" />
            </Method>
            <Method visited="false" cyclomaticComplexity="1" nPathComplexity="0" sequenceCoverage="0" branchCoverage="0" crapScore="2" isConstructor="false" isStatic="false" isGetter="false" isSetter="false">
              <Summary numSequencePoints="0" visitedSequencePoints="0" numBranchPoints="0" visitedBranchPoints="0" sequenceCoverage="0" branchCoverage="0" maxCyclomaticComplexity="1" minCyclomaticComplexity="1" maxCrapScore="2" minCrapScore="2" visitedClasses="0" numClasses="0" visitedMethods="0" numMethods="0" />
              <MetadataToken>100663307</MetadataToken>
              <Name>System.Int32 &lt;&gt;f__AnonymousType1`1::GetHashCode()</Name>
              <SequencePoints />
              <BranchPoints />
              <MethodPoint vc="0" uspid="30" ordinal="0" offset="0" />
            </Method>
            <Method visited="false" cyclomaticComplexity="3" nPathComplexity="0" sequenceCoverage="0" branchCoverage="0" crapScore="12" isConstructor="false" isStatic="false" isGetter="false" isSetter="false">
              <Summary numSequencePoints="0" visitedSequencePoints="0" numBranchPoints="0" visitedBranchPoints="0" sequenceCoverage="0" branchCoverage="0" maxCyclomaticComplexity="3" minCyclomaticComplexity="3" maxCrapScore="12" minCrapScore="12" visitedClasses="0" numClasses="0" visitedMethods="0" numMethods="0" />
              <MetadataToken>100663308</MetadataToken>
              <Name>System.String &lt;&gt;f__AnonymousType1`1::ToString()</Name>
              <SequencePoints />
              <BranchPoints />
              <MethodPoint vc="0" uspid="31" ordinal="0" offset="0" />
            </Method>
          </Methods>
        </Class>
        <Class>
          <Summary numSequencePoints="0" visitedSequencePoints="0" numBranchPoints="0" visitedBranchPoints="0" sequenceCoverage="0" branchCoverage="0" maxCyclomaticComplexity="7" minCyclomaticComplexity="1" maxCrapScore="56" minCrapScore="2" visitedClasses="0" numClasses="0" visitedMethods="0" numMethods="0" />
          <FullName>&lt;&gt;f__AnonymousType2`3</FullName>
          <Methods>
            <Method visited="false" cyclomaticComplexity="1" nPathComplexity="0" sequenceCoverage="0" branchCoverage="0" crapScore="2" isConstructor="false" isStatic="false" isGetter="true" isSetter="false">
              <Summary numSequencePoints="0" visitedSequencePoints="0" numBranchPoints="0" visitedBranchPoints="0" sequenceCoverage="0" branchCoverage="0" maxCyclomaticComplexity="1" minCyclomaticComplexity="1" maxCrapScore="2" minCrapScore="2" visitedClasses="0" numClasses="0" visitedMethods="0" numMethods="0" />
              <MetadataToken>100663309</MetadataToken>
              <Name>&lt;controller&gt;j__TPar &lt;&gt;f__AnonymousType2`3::get_controller()</Name>
              <SequencePoints />
              <BranchPoints />
              <MethodPoint vc="0" uspid="32" ordinal="0" offset="0" />
            </Method>
            <Method visited="false" cyclomaticComplexity="1" nPathComplexity="0" sequenceCoverage="0" branchCoverage="0" crapScore="2" isConstructor="false" isStatic="false" isGetter="true" isSetter="false">
              <Summary numSequencePoints="0" visitedSequencePoints="0" numBranchPoints="0" visitedBranchPoints="0" sequenceCoverage="0" branchCoverage="0" maxCyclomaticComplexity="1" minCyclomaticComplexity="1" maxCrapScore="2" minCrapScore="2" visitedClasses="0" numClasses="0" visitedMethods="0" numMethods="0" />
              <MetadataToken>100663310</MetadataToken>
              <Name>&lt;action&gt;j__TPar &lt;&gt;f__AnonymousType2`3::get_action()</Name>
              <SequencePoints />
              <BranchPoints />
              <MethodPoint vc="0" uspid="33" ordinal="0" offset="0" />
            </Method>
            <Method visited="false" cyclomaticComplexity="1" nPathComplexity="0" sequenceCoverage="0" branchCoverage="0" crapScore="2" isConstructor="false" isStatic="false" isGetter="true" isSetter="false">
              <Summary numSequencePoints="0" visitedSequencePoints="0" numBranchPoints="0" visitedBranchPoints="0" sequenceCoverage="0" branchCoverage="0" maxCyclomaticComplexity="1" minCyclomaticComplexity="1" maxCrapScore="2" minCrapScore="2" visitedClasses="0" numClasses="0" visitedMethods="0" numMethods="0" />
              <MetadataToken>100663311</MetadataToken>
              <Name>&lt;apiId&gt;j__TPar &lt;&gt;f__AnonymousType2`3::get_apiId()</Name>
              <SequencePoints />
              <BranchPoints />
              <MethodPoint vc="0" uspid="34" ordinal="0" offset="0" />
            </Method>
            <Method visited="false" cyclomaticComplexity="1" nPathComplexity="0" sequenceCoverage="0" branchCoverage="0" crapScore="2" isConstructor="true" isStatic="false" isGetter="false" isSetter="false">
              <Summary numSequencePoints="0" visitedSequencePoints="0" numBranchPoints="0" visitedBranchPoints="0" sequenceCoverage="0" branchCoverage="0" maxCyclomaticComplexity="1" minCyclomaticComplexity="1" maxCrapScore="2" minCrapScore="2" visitedClasses="0" numClasses="0" visitedMethods="0" numMethods="0" />
              <MetadataToken>100663312</MetadataToken>
              <Name>System.Void &lt;&gt;f__AnonymousType2`3::.ctor(&lt;controller&gt;j__TPar,&lt;action&gt;j__TPar,&lt;apiId&gt;j__TPar)</Name>
              <SequencePoints />
              <BranchPoints />
              <MethodPoint vc="0" uspid="35" ordinal="0" offset="0" />
            </Method>
            <Method visited="false" cyclomaticComplexity="6" nPathComplexity="0" sequenceCoverage="0" branchCoverage="0" crapScore="42" isConstructor="false" isStatic="false" isGetter="false" isSetter="false">
              <Summary numSequencePoints="0" visitedSequencePoints="0" numBranchPoints="0" visitedBranchPoints="0" sequenceCoverage="0" branchCoverage="0" maxCyclomaticComplexity="6" minCyclomaticComplexity="6" maxCrapScore="42" minCrapScore="42" visitedClasses="0" numClasses="0" visitedMethods="0" numMethods="0" />
              <MetadataToken>100663313</MetadataToken>
              <Name>System.Boolean &lt;&gt;f__AnonymousType2`3::Equals(System.Object)</Name>
              <SequencePoints />
              <BranchPoints />
              <MethodPoint vc="0" uspid="36" ordinal="0" offset="0" />
            </Method>
            <Method visited="false" cyclomaticComplexity="1" nPathComplexity="0" sequenceCoverage="0" branchCoverage="0" crapScore="2" isConstructor="false" isStatic="false" isGetter="false" isSetter="false">
              <Summary numSequencePoints="0" visitedSequencePoints="0" numBranchPoints="0" visitedBranchPoints="0" sequenceCoverage="0" branchCoverage="0" maxCyclomaticComplexity="1" minCyclomaticComplexity="1" maxCrapScore="2" minCrapScore="2" visitedClasses="0" numClasses="0" visitedMethods="0" numMethods="0" />
              <MetadataToken>100663314</MetadataToken>
              <Name>System.Int32 &lt;&gt;f__AnonymousType2`3::GetHashCode()</Name>
              <SequencePoints />
              <BranchPoints />
              <MethodPoint vc="0" uspid="37" ordinal="0" offset="0" />
            </Method>
            <Method visited="false" cyclomaticComplexity="7" nPathComplexity="0" sequenceCoverage="0" branchCoverage="0" crapScore="56" isConstructor="false" isStatic="false" isGetter="false" isSetter="false">
              <Summary numSequencePoints="0" visitedSequencePoints="0" numBranchPoints="0" visitedBranchPoints="0" sequenceCoverage="0" branchCoverage="0" maxCyclomaticComplexity="7" minCyclomaticComplexity="7" maxCrapScore="56" minCrapScore="56" visitedClasses="0" numClasses="0" visitedMethods="0" numMethods="0" />
              <MetadataToken>100663315</MetadataToken>
              <Name>System.String &lt;&gt;f__AnonymousType2`3::ToString()</Name>
              <SequencePoints />
              <BranchPoints />
              <MethodPoint vc="0" uspid="38" ordinal="0" offset="0" />
            </Method>
          </Methods>
        </Class>
        <Class>
          <Summary numSequencePoints="3" visitedSequencePoints="0" numBranchPoints="1" visitedBranchPoints="0" sequenceCoverage="0" branchCoverage="0" maxCyclomaticComplexity="1" minCyclomaticComplexity="1" maxCrapScore="2" minCrapScore="2" visitedClasses="0" numClasses="1" visitedMethods="0" numMethods="1" />
          <FullName>DooFast.FilterConfig</FullName>
          <Methods>
            <Method visited="false" cyclomaticComplexity="1" nPathComplexity="0" sequenceCoverage="0" branchCoverage="0" crapScore="2" isConstructor="false" isStatic="true" isGetter="false" isSetter="false">
              <Summary numSequencePoints="3" visitedSequencePoints="0" numBranchPoints="1" visitedBranchPoints="0" sequenceCoverage="0" branchCoverage="0" maxCyclomaticComplexity="1" minCyclomaticComplexity="1" maxCrapScore="2" minCrapScore="2" visitedClasses="0" numClasses="0" visitedMethods="0" numMethods="1" />
              <MetadataToken>100663316</MetadataToken>
              <Name>System.Void DooFast.FilterConfig::RegisterGlobalFilters(System.Web.Mvc.GlobalFilterCollection)</Name>
              <FileRef uid="3" />
              <SequencePoints>
                <SequencePoint vc="0" uspid="39" ordinal="0" offset="0" sl="9" sc="9" el="9" ec="10" bec="0" bev="0" fileid="3" />
                <SequencePoint vc="0" uspid="40" ordinal="1" offset="1" sl="10" sc="13" el="10" ec="53" bec="0" bev="0" fileid="3" />
                <SequencePoint vc="0" uspid="41" ordinal="2" offset="13" sl="11" sc="9" el="11" ec="10" bec="0" bev="0" fileid="3" />
              </SequencePoints>
              <BranchPoints />
              <MethodPoint xsi:type="SequencePoint" vc="0" uspid="39" ordinal="0" offset="0" sl="9" sc="9" el="9" ec="10" bec="0" bev="0" fileid="3" />
            </Method>
            <Method visited="false" cyclomaticComplexity="1" nPathComplexity="0" sequenceCoverage="0" branchCoverage="0" crapScore="2" isConstructor="true" isStatic="false" isGetter="false" isSetter="false">
              <Summary numSequencePoints="0" visitedSequencePoints="0" numBranchPoints="0" visitedBranchPoints="0" sequenceCoverage="0" branchCoverage="0" maxCyclomaticComplexity="1" minCyclomaticComplexity="1" maxCrapScore="2" minCrapScore="2" visitedClasses="0" numClasses="0" visitedMethods="0" numMethods="0" />
              <MetadataToken>100663317</MetadataToken>
              <Name>System.Void DooFast.FilterConfig::.ctor()</Name>
              <SequencePoints />
              <BranchPoints />
              <MethodPoint vc="0" uspid="42" ordinal="0" offset="0" />
            </Method>
          </Methods>
        </Class>
        <Class>
          <Summary numSequencePoints="4" visitedSequencePoints="0" numBranchPoints="1" visitedBranchPoints="0" sequenceCoverage="0" branchCoverage="0" maxCyclomaticComplexity="1" minCyclomaticComplexity="1" maxCrapScore="2" minCrapScore="2" visitedClasses="0" numClasses="1" visitedMethods="0" numMethods="1" />
          <FullName>DooFast.RouteConfig</FullName>
          <Methods>
            <Method visited="false" cyclomaticComplexity="1" nPathComplexity="0" sequenceCoverage="0" branchCoverage="0" crapScore="2" isConstructor="false" isStatic="true" isGetter="false" isSetter="false">
              <Summary numSequencePoints="4" visitedSequencePoints="0" numBranchPoints="1" visitedBranchPoints="0" sequenceCoverage="0" branchCoverage="0" maxCyclomaticComplexity="1" minCyclomaticComplexity="1" maxCrapScore="2" minCrapScore="2" visitedClasses="0" numClasses="0" visitedMethods="0" numMethods="1" />
              <MetadataToken>100663318</MetadataToken>
              <Name>System.Void DooFast.RouteConfig::RegisterRoutes(System.Web.Routing.RouteCollection)</Name>
              <FileRef uid="4" />
              <SequencePoints>
                <SequencePoint vc="0" uspid="43" ordinal="0" offset="0" sl="13" sc="9" el="13" ec="10" bec="0" bev="0" fileid="4" />
                <SequencePoint vc="0" uspid="44" ordinal="1" offset="1" sl="14" sc="13" el="14" ec="62" bec="0" bev="0" fileid="4" />
                <SequencePoint vc="0" uspid="45" ordinal="2" offset="13" sl="16" sc="13" el="20" ec="15" bec="0" bev="0" fileid="4" />
                <SequencePoint vc="0" uspid="46" ordinal="3" offset="50" sl="21" sc="9" el="21" ec="10" bec="0" bev="0" fileid="4" />
              </SequencePoints>
              <BranchPoints />
              <MethodPoint xsi:type="SequencePoint" vc="0" uspid="43" ordinal="0" offset="0" sl="13" sc="9" el="13" ec="10" bec="0" bev="0" fileid="4" />
            </Method>
            <Method visited="false" cyclomaticComplexity="1" nPathComplexity="0" sequenceCoverage="0" branchCoverage="0" crapScore="2" isConstructor="true" isStatic="false" isGetter="false" isSetter="false">
              <Summary numSequencePoints="0" visitedSequencePoints="0" numBranchPoints="0" visitedBranchPoints="0" sequenceCoverage="0" branchCoverage="0" maxCyclomaticComplexity="1" minCyclomaticComplexity="1" maxCrapScore="2" minCrapScore="2" visitedClasses="0" numClasses="0" visitedMethods="0" numMethods="0" />
              <MetadataToken>100663319</MetadataToken>
              <Name>System.Void DooFast.RouteConfig::.ctor()</Name>
              <SequencePoints />
              <BranchPoints />
              <MethodPoint vc="0" uspid="47" ordinal="0" offset="0" />
            </Method>
          </Methods>
        </Class>
        <Class>
          <Summary numSequencePoints="4" visitedSequencePoints="0" numBranchPoints="5" visitedBranchPoints="0" sequenceCoverage="0" branchCoverage="0" maxCyclomaticComplexity="3" minCyclomaticComplexity="1" maxCrapScore="12" minCrapScore="2" visitedClasses="0" numClasses="1" visitedMethods="0" numMethods="1" />
          <FullName>DooFast.SwaggerConfig</FullName>
          <Methods>
            <Method visited="false" cyclomaticComplexity="3" nPathComplexity="4" sequenceCoverage="0" branchCoverage="0" crapScore="12" isConstructor="false" isStatic="true" isGetter="false" isSetter="false">
              <Summary numSequencePoints="4" visitedSequencePoints="0" numBranchPoints="5" visitedBranchPoints="0" sequenceCoverage="0" branchCoverage="0" maxCyclomaticComplexity="3" minCyclomaticComplexity="3" maxCrapScore="12" minCrapScore="12" visitedClasses="0" numClasses="0" visitedMethods="0" numMethods="1" />
              <MetadataToken>100663320</MetadataToken>
              <Name>System.Void DooFast.SwaggerConfig::Register()</Name>
              <FileRef uid="5" />
              <SequencePoints>
                <SequencePoint vc="0" uspid="48" ordinal="0" offset="0" sl="18" sc="9" el="18" ec="10" bec="0" bev="0" fileid="5" />
                <SequencePoint vc="0" uspid="49" ordinal="1" offset="1" sl="20" sc="13" el="20" ec="63" bec="0" bev="0" fileid="5" />
                <SequencePoint vc="0" uspid="50" ordinal="2" offset="17" sl="22" sc="13" el="149" ec="24" bec="4" bev="0" fileid="5" />
                <SequencePoint vc="0" uspid="51" ordinal="3" offset="95" sl="259" sc="9" el="259" ec="10" bec="0" bev="0" fileid="5" />
              </SequencePoints>
              <BranchPoints>
                <BranchPoint vc="0" uspid="52" ordinal="0" offset="28" sl="22" path="0" offsetend="30" fileid="5" />
                <BranchPoint vc="0" uspid="53" ordinal="1" offset="28" sl="22" path="1" offsetend="53" fileid="5" />
                <BranchPoint vc="0" uspid="54" ordinal="2" offset="64" sl="22" path="0" offsetend="66" fileid="5" />
                <BranchPoint vc="0" uspid="55" ordinal="3" offset="64" sl="22" path="1" offsetend="89" fileid="5" />
              </BranchPoints>
              <MethodPoint xsi:type="SequencePoint" vc="0" uspid="48" ordinal="0" offset="0" sl="18" sc="9" el="18" ec="10" bec="0" bev="0" fileid="5" />
            </Method>
            <Method visited="false" cyclomaticComplexity="1" nPathComplexity="0" sequenceCoverage="0" branchCoverage="0" crapScore="2" isConstructor="true" isStatic="false" isGetter="false" isSetter="false">
              <Summary numSequencePoints="0" visitedSequencePoints="0" numBranchPoints="0" visitedBranchPoints="0" sequenceCoverage="0" branchCoverage="0" maxCyclomaticComplexity="1" minCyclomaticComplexity="1" maxCrapScore="2" minCrapScore="2" visitedClasses="0" numClasses="0" visitedMethods="0" numMethods="0" />
              <MetadataToken>100663321</MetadataToken>
              <Name>System.Void DooFast.SwaggerConfig::.ctor()</Name>
              <SequencePoints />
              <BranchPoints />
              <MethodPoint vc="0" uspid="56" ordinal="0" offset="0" />
            </Method>
          </Methods>
        </Class>
        <Class>
          <Summary numSequencePoints="8" visitedSequencePoints="0" numBranchPoints="5" visitedBranchPoints="0" sequenceCoverage="0" branchCoverage="0" maxCyclomaticComplexity="2" minCyclomaticComplexity="1" maxCrapScore="6" minCrapScore="2" visitedClasses="0" numClasses="1" visitedMethods="0" numMethods="3" />
          <FullName>DooFast.SwaggerConfig/&lt;&gt;c</FullName>
          <Methods>
            <Method visited="false" cyclomaticComplexity="1" nPathComplexity="0" sequenceCoverage="0" branchCoverage="0" crapScore="2" isConstructor="true" isStatic="true" isGetter="false" isSetter="false">
              <Summary numSequencePoints="0" visitedSequencePoints="0" numBranchPoints="0" visitedBranchPoints="0" sequenceCoverage="0" branchCoverage="0" maxCyclomaticComplexity="1" minCyclomaticComplexity="1" maxCrapScore="2" minCrapScore="2" visitedClasses="0" numClasses="0" visitedMethods="0" numMethods="0" />
              <MetadataToken>100663556</MetadataToken>
              <Name>System.Void DooFast.SwaggerConfig/&lt;&gt;c::.cctor()</Name>
              <SequencePoints />
              <BranchPoints />
              <MethodPoint vc="0" uspid="57" ordinal="0" offset="0" />
            </Method>
            <Method visited="false" cyclomaticComplexity="1" nPathComplexity="0" sequenceCoverage="0" branchCoverage="0" crapScore="2" isConstructor="true" isStatic="false" isGetter="false" isSetter="false">
              <Summary numSequencePoints="0" visitedSequencePoints="0" numBranchPoints="0" visitedBranchPoints="0" sequenceCoverage="0" branchCoverage="0" maxCyclomaticComplexity="1" minCyclomaticComplexity="1" maxCrapScore="2" minCrapScore="2" visitedClasses="0" numClasses="0" visitedMethods="0" numMethods="0" />
              <MetadataToken>100663557</MetadataToken>
              <Name>System.Void DooFast.SwaggerConfig/&lt;&gt;c::.ctor()</Name>
              <SequencePoints />
              <BranchPoints />
              <MethodPoint vc="0" uspid="58" ordinal="0" offset="0" />
            </Method>
            <Method visited="false" cyclomaticComplexity="2" nPathComplexity="2" sequenceCoverage="0" branchCoverage="0" crapScore="6" isConstructor="false" isStatic="false" isGetter="false" isSetter="false">
              <Summary numSequencePoints="5" visitedSequencePoints="0" numBranchPoints="3" visitedBranchPoints="0" sequenceCoverage="0" branchCoverage="0" maxCyclomaticComplexity="2" minCyclomaticComplexity="2" maxCrapScore="6" minCrapScore="6" visitedClasses="0" numClasses="0" visitedMethods="0" numMethods="1" />
              <MetadataToken>100663558</MetadataToken>
              <Name>System.Void DooFast.SwaggerConfig/&lt;&gt;c::&lt;Register&gt;b__0_0(Swashbuckle.Application.SwaggerDocsConfig)</Name>
              <FileRef uid="5" />
              <SequencePoints>
                <SequencePoint vc="0" uspid="59" ordinal="0" offset="0" sl="24" sc="21" el="24" ec="22" bec="0" bev="0" fileid="5" />
                <SequencePoint vc="0" uspid="60" ordinal="1" offset="1" sl="29" sc="25" el="29" ec="162" bec="2" bev="0" fileid="5" />
                <SequencePoint vc="0" uspid="61" ordinal="2" offset="39" sl="41" sc="25" el="41" ec="61" bec="0" bev="0" fileid="5" />
                <SequencePoint vc="0" uspid="62" ordinal="3" offset="56" sl="45" sc="24" el="45" ec="40" bec="0" bev="0" fileid="5" />
                <SequencePoint vc="0" uspid="63" ordinal="4" offset="63" sl="185" sc="21" el="185" ec="22" bec="0" bev="0" fileid="5" />
              </SequencePoints>
              <BranchPoints>
                <BranchPoint vc="0" uspid="64" ordinal="0" offset="8" sl="29" path="0" offsetend="10" fileid="5" />
                <BranchPoint vc="0" uspid="65" ordinal="1" offset="8" sl="29" path="1" offsetend="33" fileid="5" />
              </BranchPoints>
              <MethodPoint xsi:type="SequencePoint" vc="0" uspid="59" ordinal="0" offset="0" sl="24" sc="21" el="24" ec="22" bec="0" bev="0" fileid="5" />
            </Method>
            <Method visited="false" cyclomaticComplexity="1" nPathComplexity="0" sequenceCoverage="0" branchCoverage="0" crapScore="2" isConstructor="false" isStatic="false" isGetter="false" isSetter="false">
              <Summary numSequencePoints="1" visitedSequencePoints="0" numBranchPoints="1" visitedBranchPoints="0" sequenceCoverage="0" branchCoverage="0" maxCyclomaticComplexity="1" minCyclomaticComplexity="1" maxCrapScore="2" minCrapScore="2" visitedClasses="0" numClasses="0" visitedMethods="0" numMethods="1" />
              <MetadataToken>100663559</MetadataToken>
              <Name>System.String DooFast.SwaggerConfig/&lt;&gt;c::&lt;Register&gt;b__0_2(System.Net.Http.HttpRequestMessage)</Name>
              <FileRef uid="5" />
              <SequencePoints>
                <SequencePoint vc="0" uspid="66" ordinal="0" offset="0" sl="29" sc="42" el="29" ec="160" bec="0" bev="0" fileid="5" />
              </SequencePoints>
              <BranchPoints />
              <MethodPoint xsi:type="SequencePoint" vc="0" uspid="66" ordinal="0" offset="0" sl="29" sc="42" el="29" ec="160" bec="0" bev="0" fileid="5" />
            </Method>
            <Method visited="false" cyclomaticComplexity="1" nPathComplexity="0" sequenceCoverage="0" branchCoverage="0" crapScore="2" isConstructor="false" isStatic="false" isGetter="false" isSetter="false">
              <Summary numSequencePoints="2" visitedSequencePoints="0" numBranchPoints="1" visitedBranchPoints="0" sequenceCoverage="0" branchCoverage="0" maxCyclomaticComplexity="1" minCyclomaticComplexity="1" maxCrapScore="2" minCrapScore="2" visitedClasses="0" numClasses="0" visitedMethods="0" numMethods="1" />
              <MetadataToken>100663560</MetadataToken>
              <Name>System.Void DooFast.SwaggerConfig/&lt;&gt;c::&lt;Register&gt;b__0_1(Swashbuckle.Application.SwaggerUiConfig)</Name>
              <FileRef uid="5" />
              <SequencePoints>
                <SequencePoint vc="0" uspid="67" ordinal="0" offset="0" sl="187" sc="21" el="187" ec="22" bec="0" bev="0" fileid="5" />
                <SequencePoint vc="0" uspid="68" ordinal="1" offset="1" sl="258" sc="21" el="258" ec="22" bec="0" bev="0" fileid="5" />
              </SequencePoints>
              <BranchPoints />
              <MethodPoint xsi:type="SequencePoint" vc="0" uspid="67" ordinal="0" offset="0" sl="187" sc="21" el="187" ec="22" bec="0" bev="0" fileid="5" />
            </Method>
          </Methods>
        </Class>
        <Class>
          <Summary numSequencePoints="5" visitedSequencePoints="0" numBranchPoints="1" visitedBranchPoints="0" sequenceCoverage="0" branchCoverage="0" maxCyclomaticComplexity="1" minCyclomaticComplexity="1" maxCrapScore="2" minCrapScore="2" visitedClasses="0" numClasses="1" visitedMethods="0" numMethods="1" />
          <FullName>DooFast.WebApiConfig</FullName>
          <Methods>
            <Method visited="false" cyclomaticComplexity="1" nPathComplexity="0" sequenceCoverage="0" branchCoverage="0" crapScore="2" isConstructor="false" isStatic="true" isGetter="false" isSetter="false">
              <Summary numSequencePoints="5" visitedSequencePoints="0" numBranchPoints="1" visitedBranchPoints="0" sequenceCoverage="0" branchCoverage="0" maxCyclomaticComplexity="1" minCyclomaticComplexity="1" maxCrapScore="2" minCrapScore="2" visitedClasses="0" numClasses="0" visitedMethods="0" numMethods="1" />
              <MetadataToken>100663322</MetadataToken>
              <Name>System.Void DooFast.WebApiConfig::Register(System.Web.Http.HttpConfiguration)</Name>
              <FileRef uid="7" />
              <SequencePoints>
                <SequencePoint vc="0" uspid="69" ordinal="0" offset="0" sl="11" sc="9" el="11" ec="10" bec="0" bev="0" fileid="7" />
                <SequencePoint vc="0" uspid="70" ordinal="1" offset="1" sl="12" sc="13" el="12" ec="33" bec="0" bev="0" fileid="7" />
                <SequencePoint vc="0" uspid="71" ordinal="2" offset="8" sl="16" sc="13" el="16" ec="45" bec="0" bev="0" fileid="7" />
                <SequencePoint vc="0" uspid="72" ordinal="3" offset="15" sl="18" sc="13" el="22" ec="15" bec="0" bev="0" fileid="7" />
                <SequencePoint vc="0" uspid="73" ordinal="4" offset="47" sl="23" sc="9" el="23" ec="10" bec="0" bev="0" fileid="7" />
              </SequencePoints>
              <BranchPoints />
              <MethodPoint xsi:type="SequencePoint" vc="0" uspid="69" ordinal="0" offset="0" sl="11" sc="9" el="11" ec="10" bec="0" bev="0" fileid="7" />
            </Method>
          </Methods>
        </Class>
        <Class>
          <Summary numSequencePoints="6" visitedSequencePoints="0" numBranchPoints="1" visitedBranchPoints="0" sequenceCoverage="0" branchCoverage="0" maxCyclomaticComplexity="1" minCyclomaticComplexity="1" maxCrapScore="2" minCrapScore="2" visitedClasses="0" numClasses="1" visitedMethods="0" numMethods="1" />
          <FullName>DooFast.WebApiApplication</FullName>
          <Methods>
            <Method visited="false" cyclomaticComplexity="1" nPathComplexity="0" sequenceCoverage="0" branchCoverage="0" crapScore="2" isConstructor="false" isStatic="false" isGetter="false" isSetter="false">
              <Summary numSequencePoints="6" visitedSequencePoints="0" numBranchPoints="1" visitedBranchPoints="0" sequenceCoverage="0" branchCoverage="0" maxCyclomaticComplexity="1" minCyclomaticComplexity="1" maxCrapScore="2" minCrapScore="2" visitedClasses="0" numClasses="0" visitedMethods="0" numMethods="1" />
              <MetadataToken>100663323</MetadataToken>
              <Name>System.Void DooFast.WebApiApplication::Application_Start()</Name>
              <FileRef uid="8" />
              <SequencePoints>
                <SequencePoint vc="0" uspid="74" ordinal="0" offset="0" sl="17" sc="9" el="17" ec="10" bec="0" bev="0" fileid="8" />
                <SequencePoint vc="0" uspid="75" ordinal="1" offset="1" sl="18" sc="13" el="18" ec="49" bec="0" bev="0" fileid="8" />
                <SequencePoint vc="0" uspid="76" ordinal="2" offset="7" sl="19" sc="13" el="19" ec="66" bec="0" bev="0" fileid="8" />
                <SequencePoint vc="0" uspid="77" ordinal="3" offset="25" sl="20" sc="13" el="20" ec="71" bec="0" bev="0" fileid="8" />
                <SequencePoint vc="0" uspid="78" ordinal="4" offset="36" sl="21" sc="13" el="21" ec="59" bec="0" bev="0" fileid="8" />
                <SequencePoint vc="0" uspid="79" ordinal="5" offset="47" sl="23" sc="9" el="23" ec="10" bec="0" bev="0" fileid="8" />
              </SequencePoints>
              <BranchPoints />
              <MethodPoint xsi:type="SequencePoint" vc="0" uspid="74" ordinal="0" offset="0" sl="17" sc="9" el="17" ec="10" bec="0" bev="0" fileid="8" />
            </Method>
            <Method visited="false" cyclomaticComplexity="1" nPathComplexity="0" sequenceCoverage="0" branchCoverage="0" crapScore="2" isConstructor="true" isStatic="false" isGetter="false" isSetter="false">
              <Summary numSequencePoints="0" visitedSequencePoints="0" numBranchPoints="0" visitedBranchPoints="0" sequenceCoverage="0" branchCoverage="0" maxCyclomaticComplexity="1" minCyclomaticComplexity="1" maxCrapScore="2" minCrapScore="2" visitedClasses="0" numClasses="0" visitedMethods="0" numMethods="0" />
              <MetadataToken>100663324</MetadataToken>
              <Name>System.Void DooFast.WebApiApplication::.ctor()</Name>
              <SequencePoints />
              <BranchPoints />
              <MethodPoint vc="0" uspid="80" ordinal="0" offset="0" />
            </Method>
          </Methods>
        </Class>
        <Class>
          <Summary numSequencePoints="15" visitedSequencePoints="0" numBranchPoints="2" visitedBranchPoints="0" sequenceCoverage="0" branchCoverage="0" maxCyclomaticComplexity="1" minCyclomaticComplexity="1" maxCrapScore="2" minCrapScore="2" visitedClasses="0" numClasses="1" visitedMethods="0" numMethods="2" />
          <FullName>DooFast.Controllers.ComidaCartaController</FullName>
          <Methods>
            <Method visited="false" cyclomaticComplexity="1" nPathComplexity="0" sequenceCoverage="0" branchCoverage="0" crapScore="2" isConstructor="false" isStatic="false" isGetter="false" isSetter="false">
              <Summary numSequencePoints="6" visitedSequencePoints="0" numBranchPoints="1" visitedBranchPoints="0" sequenceCoverage="0" branchCoverage="0" maxCyclomaticComplexity="1" minCyclomaticComplexity="1" maxCrapScore="2" minCrapScore="2" visitedClasses="0" numClasses="0" visitedMethods="0" numMethods="1" />
              <MetadataToken>100663325</MetadataToken>
              <Name>System.Collections.Generic.List`1&lt;System.Collections.Generic.List`1&lt;CapaEntidades.ComidaBEforList&gt;&gt; DooFast.Controllers.ComidaCartaController::Get()</Name>
              <FileRef uid="9" />
              <SequencePoints>
                <SequencePoint vc="0" uspid="81" ordinal="0" offset="0" sl="16" sc="9" el="16" ec="10" bec="0" bev="0" fileid="9" />
                <SequencePoint vc="0" uspid="82" ordinal="1" offset="1" sl="19" sc="13" el="19" ec="53" bec="0" bev="0" fileid="9" />
                <SequencePoint vc="0" uspid="83" ordinal="2" offset="7" sl="20" sc="13" el="20" ec="45" bec="0" bev="0" fileid="9" />
                <SequencePoint vc="0" uspid="84" ordinal="3" offset="13" sl="23" sc="13" el="23" ec="84" bec="0" bev="0" fileid="9" />
                <SequencePoint vc="0" uspid="85" ordinal="4" offset="21" sl="24" sc="13" el="24" ec="36" bec="0" bev="0" fileid="9" />
                <SequencePoint vc="0" uspid="86" ordinal="5" offset="25" sl="25" sc="9" el="25" ec="10" bec="0" bev="0" fileid="9" />
              </SequencePoints>
              <BranchPoints />
              <MethodPoint xsi:type="SequencePoint" vc="0" uspid="81" ordinal="0" offset="0" sl="16" sc="9" el="16" ec="10" bec="0" bev="0" fileid="9" />
            </Method>
            <Method visited="false" cyclomaticComplexity="1" nPathComplexity="0" sequenceCoverage="0" branchCoverage="0" crapScore="2" isConstructor="false" isStatic="false" isGetter="false" isSetter="false">
              <Summary numSequencePoints="9" visitedSequencePoints="0" numBranchPoints="1" visitedBranchPoints="0" sequenceCoverage="0" branchCoverage="0" maxCyclomaticComplexity="1" minCyclomaticComplexity="1" maxCrapScore="2" minCrapScore="2" visitedClasses="0" numClasses="0" visitedMethods="0" numMethods="1" />
              <MetadataToken>100663326</MetadataToken>
              <Name>System.String DooFast.Controllers.ComidaCartaController::Post(CapaEntidades.CartaBEforComidaInsert)</Name>
              <FileRef uid="9" />
              <SequencePoints>
                <SequencePoint vc="0" uspid="87" ordinal="0" offset="0" sl="29" sc="9" el="29" ec="10" bec="0" bev="0" fileid="9" />
                <SequencePoint vc="0" uspid="88" ordinal="1" offset="1" sl="32" sc="13" el="32" ec="53" bec="0" bev="0" fileid="9" />
                <SequencePoint vc="0" uspid="89" ordinal="2" offset="7" sl="35" sc="13" el="35" ec="14" bec="0" bev="0" fileid="9" />
                <SequencePoint vc="0" uspid="90" ordinal="3" offset="8" sl="36" sc="17" el="36" ec="43" bec="0" bev="0" fileid="9" />
                <SequencePoint vc="0" uspid="91" ordinal="4" offset="16" sl="37" sc="17" el="37" ec="68" bec="0" bev="0" fileid="9" />
                <SequencePoint vc="0" uspid="92" ordinal="5" offset="26" sl="39" sc="13" el="39" ec="33" bec="0" bev="0" fileid="9" />
                <SequencePoint vc="0" uspid="93" ordinal="6" offset="27" sl="40" sc="13" el="40" ec="14" bec="0" bev="0" fileid="9" />
                <SequencePoint vc="0" uspid="94" ordinal="7" offset="28" sl="41" sc="17" el="41" ec="71" bec="0" bev="0" fileid="9" />
                <SequencePoint vc="0" uspid="95" ordinal="8" offset="36" sl="45" sc="9" el="45" ec="10" bec="0" bev="0" fileid="9" />
              </SequencePoints>
              <BranchPoints />
              <MethodPoint xsi:type="SequencePoint" vc="0" uspid="87" ordinal="0" offset="0" sl="29" sc="9" el="29" ec="10" bec="0" bev="0" fileid="9" />
            </Method>
            <Method visited="false" cyclomaticComplexity="1" nPathComplexity="0" sequenceCoverage="0" branchCoverage="0" crapScore="2" isConstructor="true" isStatic="false" isGetter="false" isSetter="false">
              <Summary numSequencePoints="0" visitedSequencePoints="0" numBranchPoints="0" visitedBranchPoints="0" sequenceCoverage="0" branchCoverage="0" maxCyclomaticComplexity="1" minCyclomaticComplexity="1" maxCrapScore="2" minCrapScore="2" visitedClasses="0" numClasses="0" visitedMethods="0" numMethods="0" />
              <MetadataToken>100663327</MetadataToken>
              <Name>System.Void DooFast.Controllers.ComidaCartaController::.ctor()</Name>
              <SequencePoints />
              <BranchPoints />
              <MethodPoint vc="0" uspid="96" ordinal="0" offset="0" />
            </Method>
          </Methods>
        </Class>
        <Class>
          <Summary numSequencePoints="39" visitedSequencePoints="12" numBranchPoints="5" visitedBranchPoints="2" sequenceCoverage="30.77" branchCoverage="40" maxCyclomaticComplexity="1" minCyclomaticComplexity="1" maxCrapScore="2" minCrapScore="1" visitedClasses="1" numClasses="1" visitedMethods="2" numMethods="5" />
          <FullName>DooFast.Controllers.ComidasController</FullName>
          <Methods>
            <Method visited="true" cyclomaticComplexity="1" nPathComplexity="0" sequenceCoverage="100" branchCoverage="100" crapScore="1" isConstructor="false" isStatic="false" isGetter="false" isSetter="false">
              <Summary numSequencePoints="6" visitedSequencePoints="6" numBranchPoints="1" visitedBranchPoints="1" sequenceCoverage="100" branchCoverage="100" maxCyclomaticComplexity="1" minCyclomaticComplexity="1" maxCrapScore="1" minCrapScore="1" visitedClasses="0" numClasses="0" visitedMethods="1" numMethods="1" />
              <MetadataToken>100663328</MetadataToken>
              <Name>System.Collections.Generic.List`1&lt;CapaEntidades.ComidaBEforList&gt; DooFast.Controllers.ComidasController::Get()</Name>
              <FileRef uid="10" />
              <SequencePoints>
                <SequencePoint vc="1" uspid="97" ordinal="0" offset="0" sl="18" sc="9" el="18" ec="10" bec="0" bev="0" fileid="10" />
                <SequencePoint vc="1" uspid="98" ordinal="1" offset="1" sl="19" sc="13" el="19" ec="43" bec="0" bev="0" fileid="10" />
                <SequencePoint vc="1" uspid="99" ordinal="2" offset="7" sl="20" sc="13" el="20" ec="45" bec="0" bev="0" fileid="10" />
                <SequencePoint vc="1" uspid="100" ordinal="3" offset="13" sl="22" sc="13" el="22" ec="68" bec="0" bev="0" fileid="10" />
                <SequencePoint vc="1" uspid="101" ordinal="4" offset="20" sl="24" sc="13" el="24" ec="31" bec="0" bev="0" fileid="10" />
                <SequencePoint vc="1" uspid="102" ordinal="5" offset="24" sl="25" sc="9" el="25" ec="10" bec="0" bev="0" fileid="10" />
              </SequencePoints>
              <BranchPoints />
              <MethodPoint xsi:type="SequencePoint" vc="1" uspid="97" ordinal="0" offset="0" sl="18" sc="9" el="18" ec="10" bec="0" bev="0" fileid="10" />
            </Method>
            <Method visited="false" cyclomaticComplexity="1" nPathComplexity="0" sequenceCoverage="0" branchCoverage="0" crapScore="2" isConstructor="false" isStatic="false" isGetter="false" isSetter="false">
              <Summary numSequencePoints="6" visitedSequencePoints="0" numBranchPoints="1" visitedBranchPoints="0" sequenceCoverage="0" branchCoverage="0" maxCyclomaticComplexity="1" minCyclomaticComplexity="1" maxCrapScore="2" minCrapScore="2" visitedClasses="0" numClasses="0" visitedMethods="0" numMethods="1" />
              <MetadataToken>100663329</MetadataToken>
              <Name>System.Collections.Generic.List`1&lt;CapaEntidades.ComidaBEforList&gt; DooFast.Controllers.ComidasController::Get(System.Int32)</Name>
              <FileRef uid="10" />
              <SequencePoints>
                <SequencePoint vc="0" uspid="103" ordinal="0" offset="0" sl="29" sc="9" el="29" ec="10" bec="0" bev="0" fileid="10" />
                <SequencePoint vc="0" uspid="104" ordinal="1" offset="1" sl="30" sc="13" el="30" ec="43" bec="0" bev="0" fileid="10" />
                <SequencePoint vc="0" uspid="105" ordinal="2" offset="7" sl="31" sc="13" el="31" ec="45" bec="0" bev="0" fileid="10" />
                <SequencePoint vc="0" uspid="106" ordinal="3" offset="13" sl="33" sc="13" el="33" ec="65" bec="0" bev="0" fileid="10" />
                <SequencePoint vc="0" uspid="107" ordinal="4" offset="21" sl="35" sc="13" el="35" ec="27" bec="0" bev="0" fileid="10" />
                <SequencePoint vc="0" uspid="108" ordinal="5" offset="25" sl="36" sc="9" el="36" ec="10" bec="0" bev="0" fileid="10" />
              </SequencePoints>
              <BranchPoints />
              <MethodPoint xsi:type="SequencePoint" vc="0" uspid="103" ordinal="0" offset="0" sl="29" sc="9" el="29" ec="10" bec="0" bev="0" fileid="10" />
            </Method>
            <Method visited="true" cyclomaticComplexity="1" nPathComplexity="0" sequenceCoverage="66.67" branchCoverage="100" crapScore="1.04" isConstructor="false" isStatic="false" isGetter="false" isSetter="false">
              <Summary numSequencePoints="9" visitedSequencePoints="6" numBranchPoints="1" visitedBranchPoints="1" sequenceCoverage="66.67" branchCoverage="100" maxCyclomaticComplexity="1" minCyclomaticComplexity="1" maxCrapScore="1.04" minCrapScore="1.04" visitedClasses="0" numClasses="0" visitedMethods="1" numMethods="1" />
              <MetadataToken>100663330</MetadataToken>
              <Name>System.String DooFast.Controllers.ComidasController::Post(CapaEntidades.ComidaBe)</Name>
              <FileRef uid="10" />
              <SequencePoints>
                <SequencePoint vc="1" uspid="109" ordinal="0" offset="0" sl="40" sc="9" el="40" ec="10" bec="0" bev="0" fileid="10" />
                <SequencePoint vc="1" uspid="110" ordinal="1" offset="1" sl="43" sc="13" el="43" ec="43" bec="0" bev="0" fileid="10" />
                <SequencePoint vc="1" uspid="111" ordinal="2" offset="7" sl="46" sc="13" el="46" ec="14" bec="0" bev="0" fileid="10" />
                <SequencePoint vc="1" uspid="112" ordinal="3" offset="8" sl="47" sc="17" el="47" ec="33" bec="0" bev="0" fileid="10" />
                <SequencePoint vc="1" uspid="113" ordinal="4" offset="16" sl="48" sc="17" el="48" ec="61" bec="0" bev="0" fileid="10" />
                <SequencePoint vc="0" uspid="114" ordinal="5" offset="26" sl="50" sc="13" el="50" ec="33" bec="0" bev="0" fileid="10" />
                <SequencePoint vc="0" uspid="115" ordinal="6" offset="27" sl="51" sc="13" el="51" ec="14" bec="0" bev="0" fileid="10" />
                <SequencePoint vc="0" uspid="116" ordinal="7" offset="28" sl="52" sc="17" el="52" ec="71" bec="0" bev="0" fileid="10" />
                <SequencePoint vc="1" uspid="117" ordinal="8" offset="36" sl="56" sc="9" el="56" ec="10" bec="0" bev="0" fileid="10" />
              </SequencePoints>
              <BranchPoints />
              <MethodPoint xsi:type="SequencePoint" vc="1" uspid="109" ordinal="0" offset="0" sl="40" sc="9" el="40" ec="10" bec="0" bev="0" fileid="10" />
            </Method>
            <Method visited="false" cyclomaticComplexity="1" nPathComplexity="0" sequenceCoverage="0" branchCoverage="0" crapScore="2" isConstructor="false" isStatic="false" isGetter="false" isSetter="false">
              <Summary numSequencePoints="9" visitedSequencePoints="0" numBranchPoints="1" visitedBranchPoints="0" sequenceCoverage="0" branchCoverage="0" maxCyclomaticComplexity="1" minCyclomaticComplexity="1" maxCrapScore="2" minCrapScore="2" visitedClasses="0" numClasses="0" visitedMethods="0" numMethods="1" />
              <MetadataToken>100663331</MetadataToken>
              <Name>System.String DooFast.Controllers.ComidasController::Put(CapaEntidades.ComidaBEforUpdate)</Name>
              <FileRef uid="10" />
              <SequencePoints>
                <SequencePoint vc="0" uspid="118" ordinal="0" offset="0" sl="60" sc="9" el="60" ec="10" bec="0" bev="0" fileid="10" />
                <SequencePoint vc="0" uspid="119" ordinal="1" offset="1" sl="63" sc="13" el="63" ec="43" bec="0" bev="0" fileid="10" />
                <SequencePoint vc="0" uspid="120" ordinal="2" offset="7" sl="66" sc="13" el="66" ec="14" bec="0" bev="0" fileid="10" />
                <SequencePoint vc="0" uspid="121" ordinal="3" offset="8" sl="67" sc="17" el="67" ec="36" bec="0" bev="0" fileid="10" />
                <SequencePoint vc="0" uspid="122" ordinal="4" offset="16" sl="71" sc="17" el="71" ec="62" bec="0" bev="0" fileid="10" />
                <SequencePoint vc="0" uspid="123" ordinal="5" offset="26" sl="73" sc="13" el="73" ec="33" bec="0" bev="0" fileid="10" />
                <SequencePoint vc="0" uspid="124" ordinal="6" offset="27" sl="74" sc="13" el="74" ec="14" bec="0" bev="0" fileid="10" />
                <SequencePoint vc="0" uspid="125" ordinal="7" offset="28" sl="75" sc="17" el="75" ec="70" bec="0" bev="0" fileid="10" />
                <SequencePoint vc="0" uspid="126" ordinal="8" offset="36" sl="80" sc="9" el="80" ec="10" bec="0" bev="0" fileid="10" />
              </SequencePoints>
              <BranchPoints />
              <MethodPoint xsi:type="SequencePoint" vc="0" uspid="118" ordinal="0" offset="0" sl="60" sc="9" el="60" ec="10" bec="0" bev="0" fileid="10" />
            </Method>
            <Method visited="false" cyclomaticComplexity="1" nPathComplexity="0" sequenceCoverage="0" branchCoverage="0" crapScore="2" isConstructor="false" isStatic="false" isGetter="false" isSetter="false">
              <Summary numSequencePoints="9" visitedSequencePoints="0" numBranchPoints="1" visitedBranchPoints="0" sequenceCoverage="0" branchCoverage="0" maxCyclomaticComplexity="1" minCyclomaticComplexity="1" maxCrapScore="2" minCrapScore="2" visitedClasses="0" numClasses="0" visitedMethods="0" numMethods="1" />
              <MetadataToken>100663332</MetadataToken>
              <Name>System.String DooFast.Controllers.ComidasController::Delete(System.Int32)</Name>
              <FileRef uid="10" />
              <SequencePoints>
                <SequencePoint vc="0" uspid="127" ordinal="0" offset="0" sl="84" sc="9" el="84" ec="10" bec="0" bev="0" fileid="10" />
                <SequencePoint vc="0" uspid="128" ordinal="1" offset="1" sl="87" sc="13" el="87" ec="43" bec="0" bev="0" fileid="10" />
                <SequencePoint vc="0" uspid="129" ordinal="2" offset="7" sl="90" sc="13" el="90" ec="14" bec="0" bev="0" fileid="10" />
                <SequencePoint vc="0" uspid="130" ordinal="3" offset="8" sl="91" sc="17" el="91" ec="32" bec="0" bev="0" fileid="10" />
                <SequencePoint vc="0" uspid="131" ordinal="4" offset="16" sl="92" sc="17" el="92" ec="60" bec="0" bev="0" fileid="10" />
                <SequencePoint vc="0" uspid="132" ordinal="5" offset="26" sl="94" sc="13" el="94" ec="33" bec="0" bev="0" fileid="10" />
                <SequencePoint vc="0" uspid="133" ordinal="6" offset="27" sl="95" sc="13" el="95" ec="14" bec="0" bev="0" fileid="10" />
                <SequencePoint vc="0" uspid="134" ordinal="7" offset="28" sl="96" sc="17" el="96" ec="42" bec="0" bev="0" fileid="10" />
                <SequencePoint vc="0" uspid="135" ordinal="8" offset="36" sl="100" sc="9" el="100" ec="10" bec="0" bev="0" fileid="10" />
              </SequencePoints>
              <BranchPoints />
              <MethodPoint xsi:type="SequencePoint" vc="0" uspid="127" ordinal="0" offset="0" sl="84" sc="9" el="84" ec="10" bec="0" bev="0" fileid="10" />
            </Method>
            <Method visited="false" cyclomaticComplexity="1" nPathComplexity="0" sequenceCoverage="0" branchCoverage="0" crapScore="2" isConstructor="true" isStatic="false" isGetter="false" isSetter="false">
              <Summary numSequencePoints="0" visitedSequencePoints="0" numBranchPoints="0" visitedBranchPoints="0" sequenceCoverage="0" branchCoverage="0" maxCyclomaticComplexity="1" minCyclomaticComplexity="1" maxCrapScore="2" minCrapScore="2" visitedClasses="0" numClasses="0" visitedMethods="0" numMethods="0" />
              <MetadataToken>100663333</MetadataToken>
              <Name>System.Void DooFast.Controllers.ComidasController::.ctor()</Name>
              <SequencePoints />
              <BranchPoints />
              <MethodPoint vc="0" uspid="136" ordinal="0" offset="0" />
            </Method>
          </Methods>
        </Class>
        <Class>
          <Summary numSequencePoints="0" visitedSequencePoints="0" numBranchPoints="0" visitedBranchPoints="0" sequenceCoverage="0" branchCoverage="0" maxCyclomaticComplexity="1" minCyclomaticComplexity="1" maxCrapScore="2" minCrapScore="2" visitedClasses="0" numClasses="0" visitedMethods="0" numMethods="0" />
          <FullName>DooFast.Controllers.EmpleadoController</FullName>
          <Methods>
            <Method visited="false" cyclomaticComplexity="1" nPathComplexity="0" sequenceCoverage="0" branchCoverage="0" crapScore="2" isConstructor="true" isStatic="false" isGetter="false" isSetter="false">
              <Summary numSequencePoints="0" visitedSequencePoints="0" numBranchPoints="0" visitedBranchPoints="0" sequenceCoverage="0" branchCoverage="0" maxCyclomaticComplexity="1" minCyclomaticComplexity="1" maxCrapScore="2" minCrapScore="2" visitedClasses="0" numClasses="0" visitedMethods="0" numMethods="0" />
              <MetadataToken>100663334</MetadataToken>
              <Name>System.Void DooFast.Controllers.EmpleadoController::.ctor()</Name>
              <SequencePoints />
              <BranchPoints />
              <MethodPoint vc="0" uspid="137" ordinal="0" offset="0" />
            </Method>
          </Methods>
        </Class>
        <Class>
          <Summary numSequencePoints="4" visitedSequencePoints="0" numBranchPoints="3" visitedBranchPoints="0" sequenceCoverage="0" branchCoverage="0" maxCyclomaticComplexity="2" minCyclomaticComplexity="1" maxCrapScore="6" minCrapScore="2" visitedClasses="0" numClasses="1" visitedMethods="0" numMethods="1" />
          <FullName>DooFast.Controllers.HomeController</FullName>
          <Methods>
            <Method visited="false" cyclomaticComplexity="2" nPathComplexity="2" sequenceCoverage="0" branchCoverage="0" crapScore="6" isConstructor="false" isStatic="false" isGetter="false" isSetter="false">
              <Summary numSequencePoints="4" visitedSequencePoints="0" numBranchPoints="3" visitedBranchPoints="0" sequenceCoverage="0" branchCoverage="0" maxCyclomaticComplexity="2" minCyclomaticComplexity="2" maxCrapScore="6" minCrapScore="6" visitedClasses="0" numClasses="0" visitedMethods="0" numMethods="1" />
              <MetadataToken>100663335</MetadataToken>
              <Name>System.Web.Mvc.ActionResult DooFast.Controllers.HomeController::Index()</Name>
              <FileRef uid="11" />
              <SequencePoints>
                <SequencePoint vc="0" uspid="138" ordinal="0" offset="0" sl="12" sc="9" el="12" ec="10" bec="0" bev="0" fileid="11" />
                <SequencePoint vc="0" uspid="139" ordinal="1" offset="1" sl="13" sc="13" el="13" ec="41" bec="2" bev="0" fileid="11" />
                <SequencePoint vc="0" uspid="140" ordinal="2" offset="99" sl="15" sc="13" el="15" ec="27" bec="0" bev="0" fileid="11" />
                <SequencePoint vc="0" uspid="141" ordinal="3" offset="108" sl="16" sc="9" el="16" ec="10" bec="0" bev="0" fileid="11" />
              </SequencePoints>
              <BranchPoints>
                <BranchPoint vc="0" uspid="142" ordinal="0" offset="6" sl="13" path="0" offsetchain="8" offsetend="67" fileid="11" />
                <BranchPoint vc="0" uspid="143" ordinal="1" offset="6" sl="13" path="1" offsetend="10" fileid="11" />
              </BranchPoints>
              <MethodPoint xsi:type="SequencePoint" vc="0" uspid="138" ordinal="0" offset="0" sl="12" sc="9" el="12" ec="10" bec="0" bev="0" fileid="11" />
            </Method>
            <Method visited="false" cyclomaticComplexity="1" nPathComplexity="0" sequenceCoverage="0" branchCoverage="0" crapScore="2" isConstructor="true" isStatic="false" isGetter="false" isSetter="false">
              <Summary numSequencePoints="0" visitedSequencePoints="0" numBranchPoints="0" visitedBranchPoints="0" sequenceCoverage="0" branchCoverage="0" maxCyclomaticComplexity="1" minCyclomaticComplexity="1" maxCrapScore="2" minCrapScore="2" visitedClasses="0" numClasses="0" visitedMethods="0" numMethods="0" />
              <MetadataToken>100663336</MetadataToken>
              <Name>System.Void DooFast.Controllers.HomeController::.ctor()</Name>
              <SequencePoints />
              <BranchPoints />
              <MethodPoint vc="0" uspid="144" ordinal="0" offset="0" />
            </Method>
          </Methods>
        </Class>
        <Class>
          <Summary numSequencePoints="27" visitedSequencePoints="0" numBranchPoints="3" visitedBranchPoints="0" sequenceCoverage="0" branchCoverage="0" maxCyclomaticComplexity="1" minCyclomaticComplexity="1" maxCrapScore="2" minCrapScore="2" visitedClasses="0" numClasses="1" visitedMethods="0" numMethods="3" />
          <FullName>DooFast.Controllers.CartaController</FullName>
          <Methods>
            <Method visited="false" cyclomaticComplexity="1" nPathComplexity="0" sequenceCoverage="0" branchCoverage="0" crapScore="2" isConstructor="false" isStatic="false" isGetter="false" isSetter="false">
              <Summary numSequencePoints="9" visitedSequencePoints="0" numBranchPoints="1" visitedBranchPoints="0" sequenceCoverage="0" branchCoverage="0" maxCyclomaticComplexity="1" minCyclomaticComplexity="1" maxCrapScore="2" minCrapScore="2" visitedClasses="0" numClasses="0" visitedMethods="0" numMethods="1" />
              <MetadataToken>100663337</MetadataToken>
              <Name>System.String DooFast.Controllers.CartaController::Post(CapaEntidades.CartaBe)</Name>
              <FileRef uid="12" />
              <SequencePoints>
                <SequencePoint vc="0" uspid="145" ordinal="0" offset="0" sl="24" sc="9" el="24" ec="10" bec="0" bev="0" fileid="12" />
                <SequencePoint vc="0" uspid="146" ordinal="1" offset="1" sl="27" sc="13" el="27" ec="41" bec="0" bev="0" fileid="12" />
                <SequencePoint vc="0" uspid="147" ordinal="2" offset="7" sl="30" sc="13" el="30" ec="14" bec="0" bev="0" fileid="12" />
                <SequencePoint vc="0" uspid="148" ordinal="3" offset="8" sl="31" sc="17" el="31" ec="32" bec="0" bev="0" fileid="12" />
                <SequencePoint vc="0" uspid="149" ordinal="4" offset="16" sl="32" sc="17" el="32" ec="60" bec="0" bev="0" fileid="12" />
                <SequencePoint vc="0" uspid="150" ordinal="5" offset="26" sl="34" sc="13" el="34" ec="33" bec="0" bev="0" fileid="12" />
                <SequencePoint vc="0" uspid="151" ordinal="6" offset="27" sl="35" sc="13" el="35" ec="14" bec="0" bev="0" fileid="12" />
                <SequencePoint vc="0" uspid="152" ordinal="7" offset="28" sl="36" sc="17" el="36" ec="71" bec="0" bev="0" fileid="12" />
                <SequencePoint vc="0" uspid="153" ordinal="8" offset="36" sl="40" sc="9" el="40" ec="10" bec="0" bev="0" fileid="12" />
              </SequencePoints>
              <BranchPoints />
              <MethodPoint xsi:type="SequencePoint" vc="0" uspid="145" ordinal="0" offset="0" sl="24" sc="9" el="24" ec="10" bec="0" bev="0" fileid="12" />
            </Method>
            <Method visited="false" cyclomaticComplexity="1" nPathComplexity="0" sequenceCoverage="0" branchCoverage="0" crapScore="2" isConstructor="false" isStatic="false" isGetter="false" isSetter="false">
              <Summary numSequencePoints="9" visitedSequencePoints="0" numBranchPoints="1" visitedBranchPoints="0" sequenceCoverage="0" branchCoverage="0" maxCyclomaticComplexity="1" minCyclomaticComplexity="1" maxCrapScore="2" minCrapScore="2" visitedClasses="0" numClasses="0" visitedMethods="0" numMethods="1" />
              <MetadataToken>100663338</MetadataToken>
              <Name>System.String DooFast.Controllers.CartaController::Put(CapaEntidades.CartaBEforUpdate)</Name>
              <FileRef uid="12" />
              <SequencePoints>
                <SequencePoint vc="0" uspid="154" ordinal="0" offset="0" sl="44" sc="9" el="44" ec="10" bec="0" bev="0" fileid="12" />
                <SequencePoint vc="0" uspid="155" ordinal="1" offset="1" sl="47" sc="13" el="47" ec="41" bec="0" bev="0" fileid="12" />
                <SequencePoint vc="0" uspid="156" ordinal="2" offset="7" sl="50" sc="13" el="50" ec="14" bec="0" bev="0" fileid="12" />
                <SequencePoint vc="0" uspid="157" ordinal="3" offset="8" sl="51" sc="17" el="51" ec="35" bec="0" bev="0" fileid="12" />
                <SequencePoint vc="0" uspid="158" ordinal="4" offset="16" sl="53" sc="17" el="53" ec="61" bec="0" bev="0" fileid="12" />
                <SequencePoint vc="0" uspid="159" ordinal="5" offset="26" sl="55" sc="13" el="55" ec="33" bec="0" bev="0" fileid="12" />
                <SequencePoint vc="0" uspid="160" ordinal="6" offset="27" sl="56" sc="13" el="56" ec="14" bec="0" bev="0" fileid="12" />
                <SequencePoint vc="0" uspid="161" ordinal="7" offset="28" sl="57" sc="17" el="57" ec="70" bec="0" bev="0" fileid="12" />
                <SequencePoint vc="0" uspid="162" ordinal="8" offset="36" sl="62" sc="9" el="62" ec="10" bec="0" bev="0" fileid="12" />
              </SequencePoints>
              <BranchPoints />
              <MethodPoint xsi:type="SequencePoint" vc="0" uspid="154" ordinal="0" offset="0" sl="44" sc="9" el="44" ec="10" bec="0" bev="0" fileid="12" />
            </Method>
            <Method visited="false" cyclomaticComplexity="1" nPathComplexity="0" sequenceCoverage="0" branchCoverage="0" crapScore="2" isConstructor="false" isStatic="false" isGetter="false" isSetter="false">
              <Summary numSequencePoints="9" visitedSequencePoints="0" numBranchPoints="1" visitedBranchPoints="0" sequenceCoverage="0" branchCoverage="0" maxCyclomaticComplexity="1" minCyclomaticComplexity="1" maxCrapScore="2" minCrapScore="2" visitedClasses="0" numClasses="0" visitedMethods="0" numMethods="1" />
              <MetadataToken>100663339</MetadataToken>
              <Name>System.String DooFast.Controllers.CartaController::Delete(System.Int32)</Name>
              <FileRef uid="12" />
              <SequencePoints>
                <SequencePoint vc="0" uspid="163" ordinal="0" offset="0" sl="67" sc="9" el="67" ec="10" bec="0" bev="0" fileid="12" />
                <SequencePoint vc="0" uspid="164" ordinal="1" offset="1" sl="70" sc="13" el="70" ec="41" bec="0" bev="0" fileid="12" />
                <SequencePoint vc="0" uspid="165" ordinal="2" offset="7" sl="73" sc="13" el="73" ec="14" bec="0" bev="0" fileid="12" />
                <SequencePoint vc="0" uspid="166" ordinal="3" offset="8" sl="74" sc="17" el="74" ec="32" bec="0" bev="0" fileid="12" />
                <SequencePoint vc="0" uspid="167" ordinal="4" offset="16" sl="75" sc="17" el="75" ec="59" bec="0" bev="0" fileid="12" />
                <SequencePoint vc="0" uspid="168" ordinal="5" offset="26" sl="77" sc="13" el="77" ec="33" bec="0" bev="0" fileid="12" />
                <SequencePoint vc="0" uspid="169" ordinal="6" offset="27" sl="78" sc="13" el="78" ec="14" bec="0" bev="0" fileid="12" />
                <SequencePoint vc="0" uspid="170" ordinal="7" offset="28" sl="79" sc="17" el="79" ec="42" bec="0" bev="0" fileid="12" />
                <SequencePoint vc="0" uspid="171" ordinal="8" offset="36" sl="83" sc="9" el="83" ec="10" bec="0" bev="0" fileid="12" />
              </SequencePoints>
              <BranchPoints />
              <MethodPoint xsi:type="SequencePoint" vc="0" uspid="163" ordinal="0" offset="0" sl="67" sc="9" el="67" ec="10" bec="0" bev="0" fileid="12" />
            </Method>
            <Method visited="false" cyclomaticComplexity="1" nPathComplexity="0" sequenceCoverage="0" branchCoverage="0" crapScore="2" isConstructor="true" isStatic="false" isGetter="false" isSetter="false">
              <Summary numSequencePoints="0" visitedSequencePoints="0" numBranchPoints="0" visitedBranchPoints="0" sequenceCoverage="0" branchCoverage="0" maxCyclomaticComplexity="1" minCyclomaticComplexity="1" maxCrapScore="2" minCrapScore="2" visitedClasses="0" numClasses="0" visitedMethods="0" numMethods="0" />
              <MetadataToken>100663340</MetadataToken>
              <Name>System.Void DooFast.Controllers.CartaController::.ctor()</Name>
              <SequencePoints />
              <BranchPoints />
              <MethodPoint vc="0" uspid="172" ordinal="0" offset="0" />
            </Method>
          </Methods>
        </Class>
        <Class>
          <Summary numSequencePoints="21" visitedSequencePoints="0" numBranchPoints="3" visitedBranchPoints="0" sequenceCoverage="0" branchCoverage="0" maxCyclomaticComplexity="1" minCyclomaticComplexity="1" maxCrapScore="2" minCrapScore="2" visitedClasses="0" numClasses="1" visitedMethods="0" numMethods="3" />
          <FullName>DooFast.Controllers.OrdenesController</FullName>
          <Methods>
            <Method visited="false" cyclomaticComplexity="1" nPathComplexity="0" sequenceCoverage="0" branchCoverage="0" crapScore="2" isConstructor="false" isStatic="false" isGetter="false" isSetter="false">
              <Summary numSequencePoints="6" visitedSequencePoints="0" numBranchPoints="1" visitedBranchPoints="0" sequenceCoverage="0" branchCoverage="0" maxCyclomaticComplexity="1" minCyclomaticComplexity="1" maxCrapScore="2" minCrapScore="2" visitedClasses="0" numClasses="0" visitedMethods="0" numMethods="1" />
              <MetadataToken>100663341</MetadataToken>
              <Name>System.Collections.Generic.List`1&lt;CapaEntidades.PedidoBEforListCocina&gt; DooFast.Controllers.OrdenesController::Get()</Name>
              <FileRef uid="13" />
              <SequencePoints>
[...]
                <SequencePoint vc="0" uspid="2861" ordinal="20" offset="142" sl="79" sc="17" el="79" ec="85" bec="0" bev="0" fileid="137" />
                <SequencePoint vc="0" uspid="2862" ordinal="21" offset="149" sl="80" sc="17" el="80" ec="40" bec="0" bev="0" fileid="137" />
                <SequencePoint vc="1" uspid="2863" ordinal="22" offset="155" sl="82" sc="9" el="82" ec="10" bec="0" bev="0" fileid="137" />
              </SequencePoints>
              <BranchPoints>
                <BranchPoint vc="1" uspid="2864" ordinal="0" offset="54" sl="61" path="0" offsetend="56" fileid="137" />
                <BranchPoint vc="0" uspid="2865" ordinal="1" offset="54" sl="61" path="1" offsetend="120" fileid="137" />
                <BranchPoint vc="1" uspid="2866" ordinal="2" offset="117" sl="64" path="0" offsetend="119" fileid="137" />
                <BranchPoint vc="20" uspid="2867" ordinal="3" offset="117" sl="64" path="1" offsetend="62" fileid="137" />
                <BranchPoint vc="1" uspid="2868" ordinal="4" offset="133" sl="73" path="0" offsetend="135" fileid="137" />
                <BranchPoint vc="0" uspid="2869" ordinal="5" offset="133" sl="73" path="1" offsetend="141" fileid="137" />
              </BranchPoints>
              <MethodPoint xsi:type="SequencePoint" vc="1" uspid="2841" ordinal="0" offset="0" sl="54" sc="9" el="54" ec="10" bec="0" bev="0" fileid="137" />
            </Method>
            <Method visited="false" cyclomaticComplexity="5" nPathComplexity="8" sequenceCoverage="0" branchCoverage="0" crapScore="30" isConstructor="false" isStatic="false" isGetter="false" isSetter="false">
              <Summary numSequencePoints="33" visitedSequencePoints="0" numBranchPoints="7" visitedBranchPoints="0" sequenceCoverage="0" branchCoverage="0" maxCyclomaticComplexity="5" minCyclomaticComplexity="5" maxCrapScore="30" minCrapScore="30" visitedClasses="0" numClasses="0" visitedMethods="0" numMethods="1" />
              <MetadataToken>100663315</MetadataToken>
              <Name>System.Collections.Generic.List`1&lt;CapaEntidades.ComidaBEforList&gt; CapaAccesoDatos.ComidaDal::listarComida(System.Int32)</Name>
              <FileRef uid="137" />
              <SequencePoints>
                <SequencePoint vc="0" uspid="2870" ordinal="0" offset="0" sl="86" sc="9" el="86" ec="10" bec="0" bev="0" fileid="137" />
                <SequencePoint vc="0" uspid="2871" ordinal="1" offset="1" sl="89" sc="13" el="89" ec="14" bec="0" bev="0" fileid="137" />
                <SequencePoint vc="0" uspid="2872" ordinal="2" offset="2" sl="90" sc="24" el="90" ec="68" bec="0" bev="0" fileid="137" />
                <SequencePoint vc="0" uspid="2873" ordinal="3" offset="14" sl="91" sc="17" el="91" ec="18" bec="0" bev="0" fileid="137" />
                <SequencePoint vc="0" uspid="2874" ordinal="4" offset="15" sl="93" sc="21" el="93" ec="78" bec="0" bev="0" fileid="137" />
                <SequencePoint vc="0" uspid="2875" ordinal="5" offset="27" sl="94" sc="21" el="94" ec="67" bec="0" bev="0" fileid="137" />
                <SequencePoint vc="0" uspid="2876" ordinal="6" offset="35" sl="95" sc="21" el="95" ec="46" bec="0" bev="0" fileid="137" />
                <SequencePoint vc="0" uspid="2877" ordinal="7" offset="47" sl="96" sc="21" el="96" ec="85" bec="0" bev="0" fileid="137" />
                <SequencePoint vc="0" uspid="2878" ordinal="8" offset="76" sl="98" sc="21" el="98" ec="66" bec="0" bev="0" fileid="137" />
                <SequencePoint vc="0" uspid="2879" ordinal="9" offset="83" sl="99" sc="21" el="99" ec="52" bec="0" bev="0" fileid="137" />
                <SequencePoint vc="0" uspid="2880" ordinal="10" offset="89" sl="100" sc="21" el="100" ec="34" bec="0" bev="0" fileid="137" />
                <SequencePoint vc="0" uspid="2881" ordinal="11" offset="97" sl="102" sc="21" el="102" ec="84" bec="0" bev="0" fileid="137" />
                <SequencePoint vc="0" uspid="2882" ordinal="12" offset="104" sl="104" sc="21" el="104" ec="43" bec="2" bev="0" fileid="137" />
                <SequencePoint vc="0" uspid="2883" ordinal="13" offset="124" sl="105" sc="21" el="105" ec="22" bec="0" bev="0" fileid="137" />
                <SequencePoint vc="0" uspid="2884" ordinal="14" offset="125" sl="107" sc="30" el="107" ec="39" bec="0" bev="0" fileid="137" />
                <SequencePoint vc="0" uspid="2885" ordinal="15" offset="130" sl="108" sc="25" el="108" ec="26" bec="0" bev="0" fileid="137" />
                <SequencePoint vc="0" uspid="2886" ordinal="16" offset="131" sl="109" sc="29" el="109" ec="76" bec="0" bev="0" fileid="137" />
                <SequencePoint vc="0" uspid="2887" ordinal="17" offset="138" sl="111" sc="29" el="111" ec="60" bec="0" bev="0" fileid="137" />
                <SequencePoint vc="0" uspid="2888" ordinal="18" offset="150" sl="113" sc="29" el="113" ec="52" bec="0" bev="0" fileid="137" />
                <SequencePoint vc="0" uspid="2889" ordinal="19" offset="160" sl="114" sc="25" el="114" ec="26" bec="0" bev="0" fileid="137" />
                <SequencePoint vc="0" uspid="2890" ordinal="20" offset="161" sl="107" sc="60" el="107" ec="63" bec="0" bev="0" fileid="137" />
                <SequencePoint vc="0" uspid="2891" ordinal="21" offset="167" sl="107" sc="41" el="107" ec="58" bec="2" bev="0" fileid="137" />
                <SequencePoint vc="0" uspid="2892" ordinal="22" offset="188" sl="115" sc="21" el="115" ec="22" bec="0" bev="0" fileid="137" />
                <SequencePoint vc="0" uspid="2893" ordinal="23" offset="189" sl="116" sc="21" el="116" ec="46" bec="2" bev="0" fileid="137" />
                <SequencePoint vc="0" uspid="2894" ordinal="24" offset="205" sl="117" sc="21" el="117" ec="22" bec="0" bev="0" fileid="137" />
                <SequencePoint vc="0" uspid="2895" ordinal="25" offset="206" sl="118" sc="25" el="118" ec="43" bec="0" bev="0" fileid="137" />
                <SequencePoint vc="0" uspid="2896" ordinal="26" offset="212" sl="121" sc="21" el="121" ec="22" bec="0" bev="0" fileid="137" />
                <SequencePoint vc="0" uspid="2897" ordinal="27" offset="213" sl="123" sc="25" el="123" ec="93" bec="0" bev="0" fileid="137" />
                <SequencePoint vc="0" uspid="2898" ordinal="28" offset="220" sl="124" sc="25" el="124" ec="48" bec="0" bev="0" fileid="137" />
                <SequencePoint vc="0" uspid="2899" ordinal="29" offset="237" sl="129" sc="13" el="129" ec="32" bec="0" bev="0" fileid="137" />
                <SequencePoint vc="0" uspid="2900" ordinal="30" offset="239" sl="130" sc="13" el="130" ec="14" bec="0" bev="0" fileid="137" />
                <SequencePoint vc="0" uspid="2901" ordinal="31" offset="240" sl="132" sc="17" el="132" ec="48" bec="0" bev="0" fileid="137" />
                <SequencePoint vc="0" uspid="2902" ordinal="32" offset="253" sl="136" sc="9" el="136" ec="10" bec="0" bev="0" fileid="137" />
              </SequencePoints>
              <BranchPoints>
                <BranchPoint vc="0" uspid="2903" ordinal="0" offset="122" sl="104" path="0" offsetend="124" fileid="137" />
                <BranchPoint vc="0" uspid="2904" ordinal="1" offset="122" sl="104" path="1" offsetend="189" fileid="137" />
                <BranchPoint vc="0" uspid="2905" ordinal="2" offset="186" sl="107" path="0" offsetend="188" fileid="137" />
                <BranchPoint vc="0" uspid="2906" ordinal="3" offset="186" sl="107" path="1" offsetend="130" fileid="137" />
                <BranchPoint vc="0" uspid="2907" ordinal="4" offset="203" sl="116" path="0" offsetend="205" fileid="137" />
                <BranchPoint vc="0" uspid="2908" ordinal="5" offset="203" sl="116" path="1" offsetend="212" fileid="137" />
              </BranchPoints>
              <MethodPoint xsi:type="SequencePoint" vc="0" uspid="2870" ordinal="0" offset="0" sl="86" sc="9" el="86" ec="10" bec="0" bev="0" fileid="137" />
            </Method>
            <Method visited="false" cyclomaticComplexity="2" nPathComplexity="0" sequenceCoverage="0" branchCoverage="0" crapScore="6" isConstructor="false" isStatic="false" isGetter="false" isSetter="false">
              <Summary numSequencePoints="25" visitedSequencePoints="0" numBranchPoints="1" visitedBranchPoints="0" sequenceCoverage="0" branchCoverage="0" maxCyclomaticComplexity="2" minCyclomaticComplexity="2" maxCrapScore="6" minCrapScore="6" visitedClasses="0" numClasses="0" visitedMethods="0" numMethods="1" />
              <MetadataToken>100663316</MetadataToken>
              <Name>System.Boolean CapaAccesoDatos.ComidaDal::Update(CapaEntidades.ComidaBEforUpdate)</Name>
              <FileRef uid="137" />
              <SequencePoints>
                <SequencePoint vc="0" uspid="2909" ordinal="0" offset="0" sl="140" sc="9" el="140" ec="10" bec="0" bev="0" fileid="137" />
                <SequencePoint vc="0" uspid="2910" ordinal="1" offset="1" sl="141" sc="13" el="141" ec="32" bec="0" bev="0" fileid="137" />
                <SequencePoint vc="0" uspid="2911" ordinal="2" offset="3" sl="143" sc="13" el="143" ec="14" bec="0" bev="0" fileid="137" />
                <SequencePoint vc="0" uspid="2912" ordinal="3" offset="4" sl="144" sc="24" el="144" ec="68" bec="0" bev="0" fileid="137" />
                <SequencePoint vc="0" uspid="2913" ordinal="4" offset="16" sl="145" sc="17" el="145" ec="18" bec="0" bev="0" fileid="137" />
                <SequencePoint vc="0" uspid="2914" ordinal="5" offset="17" sl="146" sc="21" el="146" ec="81" bec="0" bev="0" fileid="137" />
                <SequencePoint vc="0" uspid="2915" ordinal="6" offset="29" sl="147" sc="21" el="147" ec="67" bec="0" bev="0" fileid="137" />
                <SequencePoint vc="0" uspid="2916" ordinal="7" offset="37" sl="148" sc="21" el="148" ec="46" bec="0" bev="0" fileid="137" />
                <SequencePoint vc="0" uspid="2917" ordinal="8" offset="49" sl="151" sc="21" el="151" ec="89" bec="0" bev="0" fileid="137" />
                <SequencePoint vc="0" uspid="2918" ordinal="9" offset="78" sl="152" sc="21" el="152" ec="95" bec="0" bev="0" fileid="137" />
                <SequencePoint vc="0" uspid="2919" ordinal="10" offset="112" sl="153" sc="21" el="153" ec="101" bec="0" bev="0" fileid="137" />
                <SequencePoint vc="0" uspid="2920" ordinal="11" offset="142" sl="154" sc="21" el="154" ec="89" bec="0" bev="0" fileid="137" />
                <SequencePoint vc="0" uspid="2921" ordinal="12" offset="177" sl="155" sc="21" el="155" ec="87" bec="0" bev="0" fileid="137" />
                <SequencePoint vc="0" uspid="2922" ordinal="13" offset="212" sl="156" sc="21" el="156" ec="89" bec="0" bev="0" fileid="137" />
                <SequencePoint vc="0" uspid="2923" ordinal="14" offset="242" sl="157" sc="21" el="157" ec="31" bec="0" bev="0" fileid="137" />
                <SequencePoint vc="0" uspid="2924" ordinal="15" offset="249" sl="158" sc="21" el="158" ec="43" bec="0" bev="0" fileid="137" />
                <SequencePoint vc="0" uspid="2925" ordinal="16" offset="256" sl="159" sc="21" el="159" ec="34" bec="0" bev="0" fileid="137" />
                <SequencePoint vc="0" uspid="2926" ordinal="17" offset="258" sl="160" sc="21" el="160" ec="32" bec="0" bev="0" fileid="137" />
                <SequencePoint vc="0" uspid="2927" ordinal="18" offset="265" sl="161" sc="17" el="161" ec="18" bec="0" bev="0" fileid="137" />
                <SequencePoint vc="0" uspid="2928" ordinal="19" offset="279" sl="162" sc="13" el="162" ec="14" bec="0" bev="0" fileid="137" />
                <SequencePoint vc="0" uspid="2929" ordinal="20" offset="282" sl="163" sc="13" el="163" ec="32" bec="0" bev="0" fileid="137" />
                <SequencePoint vc="0" uspid="2930" ordinal="21" offset="283" sl="164" sc="13" el="164" ec="14" bec="0" bev="0" fileid="137" />
                <SequencePoint vc="0" uspid="2931" ordinal="22" offset="284" sl="166" sc="17" el="166" ec="48" bec="0" bev="0" fileid="137" />
                <SequencePoint vc="0" uspid="2932" ordinal="23" offset="296" sl="169" sc="13" el="169" ec="26" bec="0" bev="0" fileid="137" />
                <SequencePoint vc="0" uspid="2933" ordinal="24" offset="301" sl="170" sc="9" el="170" ec="10" bec="0" bev="0" fileid="137" />
              </SequencePoints>
              <BranchPoints />
              <MethodPoint xsi:type="SequencePoint" vc="0" uspid="2909" ordinal="0" offset="0" sl="140" sc="9" el="140" ec="10" bec="0" bev="0" fileid="137" />
            </Method>
            <Method visited="false" cyclomaticComplexity="2" nPathComplexity="0" sequenceCoverage="0" branchCoverage="0" crapScore="6" isConstructor="false" isStatic="false" isGetter="false" isSetter="false">
              <Summary numSequencePoints="20" visitedSequencePoints="0" numBranchPoints="1" visitedBranchPoints="0" sequenceCoverage="0" branchCoverage="0" maxCyclomaticComplexity="2" minCyclomaticComplexity="2" maxCrapScore="6" minCrapScore="6" visitedClasses="0" numClasses="0" visitedMethods="0" numMethods="1" />
              <MetadataToken>100663317</MetadataToken>
              <Name>System.Boolean CapaAccesoDatos.ComidaDal::Delete(System.Int32)</Name>
              <FileRef uid="137" />
              <SequencePoints>
                <SequencePoint vc="0" uspid="2934" ordinal="0" offset="0" sl="174" sc="9" el="174" ec="10" bec="0" bev="0" fileid="137" />
                <SequencePoint vc="0" uspid="2935" ordinal="1" offset="1" sl="175" sc="13" el="175" ec="32" bec="0" bev="0" fileid="137" />
                <SequencePoint vc="0" uspid="2936" ordinal="2" offset="3" sl="177" sc="13" el="177" ec="14" bec="0" bev="0" fileid="137" />
                <SequencePoint vc="0" uspid="2937" ordinal="3" offset="4" sl="178" sc="24" el="178" ec="68" bec="0" bev="0" fileid="137" />
                <SequencePoint vc="0" uspid="2938" ordinal="4" offset="16" sl="179" sc="17" el="179" ec="18" bec="0" bev="0" fileid="137" />
                <SequencePoint vc="0" uspid="2939" ordinal="5" offset="17" sl="180" sc="21" el="180" ec="79" bec="0" bev="0" fileid="137" />
                <SequencePoint vc="0" uspid="2940" ordinal="6" offset="29" sl="181" sc="21" el="181" ec="67" bec="0" bev="0" fileid="137" />
                <SequencePoint vc="0" uspid="2941" ordinal="7" offset="37" sl="182" sc="21" el="182" ec="46" bec="0" bev="0" fileid="137" />
                <SequencePoint vc="0" uspid="2942" ordinal="8" offset="49" sl="185" sc="21" el="185" ec="85" bec="0" bev="0" fileid="137" />
                <SequencePoint vc="0" uspid="2943" ordinal="9" offset="78" sl="186" sc="21" el="186" ec="31" bec="0" bev="0" fileid="137" />
                <SequencePoint vc="0" uspid="2944" ordinal="10" offset="85" sl="187" sc="21" el="187" ec="43" bec="0" bev="0" fileid="137" />
                <SequencePoint vc="0" uspid="2945" ordinal="11" offset="92" sl="188" sc="21" el="188" ec="34" bec="0" bev="0" fileid="137" />
                <SequencePoint vc="0" uspid="2946" ordinal="12" offset="94" sl="189" sc="21" el="189" ec="32" bec="0" bev="0" fileid="137" />
                <SequencePoint vc="0" uspid="2947" ordinal="13" offset="101" sl="190" sc="17" el="190" ec="18" bec="0" bev="0" fileid="137" />
                <SequencePoint vc="0" uspid="2948" ordinal="14" offset="115" sl="191" sc="13" el="191" ec="14" bec="0" bev="0" fileid="137" />
                <SequencePoint vc="0" uspid="2949" ordinal="15" offset="118" sl="192" sc="13" el="192" ec="32" bec="0" bev="0" fileid="137" />
                <SequencePoint vc="0" uspid="2950" ordinal="16" offset="119" sl="193" sc="13" el="193" ec="14" bec="0" bev="0" fileid="137" />
                <SequencePoint vc="0" uspid="2951" ordinal="17" offset="120" sl="195" sc="17" el="195" ec="48" bec="0" bev="0" fileid="137" />
                <SequencePoint vc="0" uspid="2952" ordinal="18" offset="132" sl="198" sc="13" el="198" ec="26" bec="0" bev="0" fileid="137" />
                <SequencePoint vc="0" uspid="2953" ordinal="19" offset="137" sl="199" sc="9" el="199" ec="10" bec="0" bev="0" fileid="137" />
              </SequencePoints>
              <BranchPoints />
              <MethodPoint xsi:type="SequencePoint" vc="0" uspid="2934" ordinal="0" offset="0" sl="174" sc="9" el="174" ec="10" bec="0" bev="0" fileid="137" />
            </Method>
            <Method visited="true" cyclomaticComplexity="1" nPathComplexity="0" sequenceCoverage="100" branchCoverage="100" crapScore="1" isConstructor="false" isStatic="false" isGetter="false" isSetter="false">
              <Summary numSequencePoints="10" visitedSequencePoints="10" numBranchPoints="1" visitedBranchPoints="1" sequenceCoverage="100" branchCoverage="100" maxCyclomaticComplexity="1" minCyclomaticComplexity="1" maxCrapScore="1" minCrapScore="1" visitedClasses="0" numClasses="0" visitedMethods="1" numMethods="1" />
              <MetadataToken>100663318</MetadataToken>
              <Name>System.Void CapaAccesoDatos.ComidaDal::ObtenerCamposDt(System.Data.DataTable,CapaEntidades.ComidaBEforList,System.Int32)</Name>
              <FileRef uid="137" />
              <SequencePoints>
                <SequencePoint vc="20" uspid="2954" ordinal="0" offset="0" sl="204" sc="9" el="204" ec="10" bec="0" bev="0" fileid="137" />
                <SequencePoint vc="20" uspid="2955" ordinal="1" offset="1" sl="206" sc="13" el="206" ec="71" bec="0" bev="0" fileid="137" />
                <SequencePoint vc="20" uspid="2956" ordinal="2" offset="35" sl="207" sc="13" el="207" ec="73" bec="0" bev="0" fileid="137" />
                <SequencePoint vc="20" uspid="2957" ordinal="3" offset="69" sl="208" sc="13" el="208" ec="79" bec="0" bev="0" fileid="137" />
                <SequencePoint vc="20" uspid="2958" ordinal="4" offset="103" sl="209" sc="13" el="209" ec="68" bec="0" bev="0" fileid="137" />
                <SequencePoint vc="20" uspid="2959" ordinal="5" offset="137" sl="210" sc="13" el="210" ec="66" bec="0" bev="0" fileid="137" />
                <SequencePoint vc="20" uspid="2960" ordinal="6" offset="171" sl="211" sc="13" el="211" ec="61" bec="0" bev="0" fileid="137" />
                <SequencePoint vc="20" uspid="2961" ordinal="7" offset="205" sl="212" sc="13" el="212" ec="84" bec="0" bev="0" fileid="137" />
                <SequencePoint vc="20" uspid="2962" ordinal="8" offset="239" sl="213" sc="13" el="213" ec="61" bec="0" bev="0" fileid="137" />
                <SequencePoint vc="20" uspid="2963" ordinal="9" offset="273" sl="215" sc="9" el="215" ec="10" bec="0" bev="0" fileid="137" />
              </SequencePoints>
              <BranchPoints />
              <MethodPoint xsi:type="SequencePoint" vc="20" uspid="2954" ordinal="0" offset="0" sl="204" sc="9" el="204" ec="10" bec="0" bev="0" fileid="137" />
            </Method>
            <Method visited="true" cyclomaticComplexity="1" nPathComplexity="0" sequenceCoverage="100" branchCoverage="100" crapScore="1" isConstructor="true" isStatic="false" isGetter="false" isSetter="false">
              <Summary numSequencePoints="1" visitedSequencePoints="1" numBranchPoints="1" visitedBranchPoints="1" sequenceCoverage="100" branchCoverage="100" maxCyclomaticComplexity="1" minCyclomaticComplexity="1" maxCrapScore="1" minCrapScore="1" visitedClasses="0" numClasses="0" visitedMethods="1" numMethods="1" />
              <MetadataToken>100663319</MetadataToken>
              <Name>System.Void CapaAccesoDatos.ComidaDal::.ctor()</Name>
              <FileRef uid="137" />
              <SequencePoints>
                <SequencePoint vc="2" uspid="2964" ordinal="0" offset="0" sl="16" sc="9" el="16" ec="105" bec="0" bev="0" fileid="137" />
              </SequencePoints>
              <BranchPoints />
              <MethodPoint xsi:type="SequencePoint" vc="2" uspid="2964" ordinal="0" offset="0" sl="16" sc="9" el="16" ec="105" bec="0" bev="0" fileid="137" />
            </Method>
          </Methods>
        </Class>
      </Classes>
    </Module>
  </Modules>
</CoverageSession>